{"E:\\election\\src\\api\\gemini.js": {"path":"E:\\election\\src\\api\\gemini.js","statementMap":{"0":{"start":{"line":7,"column":25},"end":{"line":19,"column":1}},"1":{"start":{"line":8,"column":2},"end":{"line":18,"column":null}},"2":{"start":{"line":9,"column":21},"end":{"line":13,"column":6}},"3":{"start":{"line":14,"column":4},"end":{"line":14,"column":null}},"4":{"start":{"line":16,"column":4},"end":{"line":16,"column":null}},"5":{"start":{"line":17,"column":4},"end":{"line":17,"column":null}}},"fnMap":{"0":{"name":"(anonymous_0)","decl":{"start":{"line":7,"column":25},"end":{"line":7,"column":30}},"loc":{"start":{"line":7,"column":66},"end":{"line":19,"column":1}},"line":7}},"branchMap":{"0":{"loc":{"start":{"line":7,"column":49},"end":{"line":7,"column":61}},"type":"default-arg","locations":[{"start":{"line":7,"column":59},"end":{"line":7,"column":61}}],"line":7}},"s":{"0":3,"1":0,"2":0,"3":0,"4":0,"5":0},"f":{"0":0},"b":{"0":[0]},"meta":{"lastBranch":1,"lastFunction":1,"lastStatement":6,"seen":{"s:7:25:19:1":0,"f:7:25:7:30":0,"b:7:59:7:61":0,"s:8:2:18:Infinity":1,"s:9:21:13:6":2,"s:14:4:14:Infinity":3,"s:16:4:16:Infinity":4,"s:17:4:17:Infinity":5}}}
,"E:\\election\\src\\components\\ChatAssistant.jsx": {"path":"E:\\election\\src\\components\\ChatAssistant.jsx","statementMap":{"0":{"start":{"line":11,"column":22},"end":{"line":359,"column":null}},"1":{"start":{"line":12,"column":49},"end":{"line":12,"column":null}},"2":{"start":{"line":18,"column":2},"end":{"line":18,"column":null}},"3":{"start":{"line":20,"column":24},"end":{"line":20,"column":null}},"4":{"start":{"line":21,"column":40},"end":{"line":21,"column":null}},"5":{"start":{"line":22,"column":30},"end":{"line":22,"column":null}},"6":{"start":{"line":23,"column":40},"end":{"line":23,"column":null}},"7":{"start":{"line":24,"column":8},"end":{"line":24,"column":null}},"8":{"start":{"line":25,"column":8},"end":{"line":25,"column":null}},"9":{"start":{"line":27,"column":25},"end":{"line":36,"column":null}},"10":{"start":{"line":28,"column":4},"end":{"line":35,"column":null}},"11":{"start":{"line":29,"column":6},"end":{"line":29,"column":null}},"12":{"start":{"line":30,"column":4},"end":{"line":35,"column":null}},"13":{"start":{"line":31,"column":6},"end":{"line":34,"column":null}},"14":{"start":{"line":38,"column":2},"end":{"line":38,"column":null}},"15":{"start":{"line":38,"column":20},"end":{"line":38,"column":38}},"16":{"start":{"line":41,"column":2},"end":{"line":47,"column":null}},"17":{"start":{"line":42,"column":4},"end":{"line":46,"column":null}},"18":{"start":{"line":43,"column":6},"end":{"line":45,"column":null}},"19":{"start":{"line":44,"column":8},"end":{"line":44,"column":null}},"20":{"start":{"line":49,"column":8},"end":{"line":63,"column":null}},"21":{"start":{"line":50,"column":4},"end":{"line":50,"column":null}},"22":{"start":{"line":51,"column":4},"end":{"line":51,"column":null}},"23":{"start":{"line":52,"column":12},"end":{"line":52,"column":null}},"24":{"start":{"line":53,"column":21},"end":{"line":61,"column":null}},"25":{"start":{"line":54,"column":6},"end":{"line":54,"column":null}},"26":{"start":{"line":55,"column":6},"end":{"line":55,"column":null}},"27":{"start":{"line":56,"column":6},"end":{"line":60,"column":null}},"28":{"start":{"line":57,"column":8},"end":{"line":57,"column":null}},"29":{"start":{"line":58,"column":8},"end":{"line":58,"column":null}},"30":{"start":{"line":59,"column":8},"end":{"line":59,"column":null}},"31":{"start":{"line":62,"column":4},"end":{"line":62,"column":null}},"32":{"start":{"line":62,"column":17},"end":{"line":62,"column":null}},"33":{"start":{"line":65,"column":23},"end":{"line":103,"column":null}},"34":{"start":{"line":66,"column":4},"end":{"line":66,"column":null}},"35":{"start":{"line":66,"column":11},"end":{"line":66,"column":null}},"36":{"start":{"line":67,"column":23},"end":{"line":67,"column":null}},"37":{"start":{"line":68,"column":4},"end":{"line":68,"column":null}},"38":{"start":{"line":68,"column":34},"end":{"line":68,"column":null}},"39":{"start":{"line":70,"column":24},"end":{"line":70,"column":null}},"40":{"start":{"line":71,"column":4},"end":{"line":71,"column":null}},"41":{"start":{"line":71,"column":27},"end":{"line":71,"column":49}},"42":{"start":{"line":72,"column":4},"end":{"line":72,"column":null}},"43":{"start":{"line":73,"column":4},"end":{"line":73,"column":null}},"44":{"start":{"line":74,"column":4},"end":{"line":74,"column":null}},"45":{"start":{"line":76,"column":4},"end":{"line":102,"column":null}},"46":{"start":{"line":77,"column":20},"end":{"line":77,"column":null}},"47":{"start":{"line":78,"column":29},"end":{"line":78,"column":null}},"48":{"start":{"line":78,"column":47},"end":{"line":78,"column":62}},"49":{"start":{"line":78,"column":73},"end":{"line":78,"column":79}},"50":{"start":{"line":79,"column":29},"end":{"line":79,"column":null}},"51":{"start":{"line":79,"column":47},"end":{"line":79,"column":63}},"52":{"start":{"line":79,"column":74},"end":{"line":79,"column":80}},"53":{"start":{"line":81,"column":26},"end":{"line":84,"column":null}},"54":{"start":{"line":86,"column":23},"end":{"line":86,"column":null}},"55":{"start":{"line":87,"column":6},"end":{"line":89,"column":null}},"56":{"start":{"line":88,"column":8},"end":{"line":88,"column":null}},"57":{"start":{"line":88,"column":31},"end":{"line":88,"column":113}},"58":{"start":{"line":91,"column":18},"end":{"line":91,"column":null}},"59":{"start":{"line":92,"column":6},"end":{"line":98,"column":null}},"60":{"start":{"line":93,"column":8},"end":{"line":93,"column":null}},"61":{"start":{"line":94,"column":6},"end":{"line":98,"column":null}},"62":{"start":{"line":95,"column":8},"end":{"line":95,"column":null}},"63":{"start":{"line":97,"column":8},"end":{"line":97,"column":null}},"64":{"start":{"line":99,"column":6},"end":{"line":99,"column":null}},"65":{"start":{"line":101,"column":6},"end":{"line":101,"column":null}},"66":{"start":{"line":105,"column":21},"end":{"line":108,"column":null}},"67":{"start":{"line":106,"column":23},"end":{"line":106,"column":null}},"68":{"start":{"line":107,"column":4},"end":{"line":107,"column":null}},"69":{"start":{"line":110,"column":23},"end":{"line":125,"column":null}},"70":{"start":{"line":111,"column":4},"end":{"line":115,"column":null}},"71":{"start":{"line":112,"column":6},"end":{"line":112,"column":null}},"72":{"start":{"line":113,"column":6},"end":{"line":113,"column":null}},"73":{"start":{"line":114,"column":6},"end":{"line":114,"column":null}},"74":{"start":{"line":117,"column":4},"end":{"line":117,"column":null}},"75":{"start":{"line":118,"column":22},"end":{"line":118,"column":null}},"76":{"start":{"line":120,"column":4},"end":{"line":120,"column":null}},"77":{"start":{"line":120,"column":28},"end":{"line":120,"column":null}},"78":{"start":{"line":121,"column":4},"end":{"line":121,"column":null}},"79":{"start":{"line":121,"column":30},"end":{"line":121,"column":null}},"80":{"start":{"line":123,"column":4},"end":{"line":123,"column":null}},"81":{"start":{"line":124,"column":4},"end":{"line":124,"column":null}},"82":{"start":{"line":127,"column":25},"end":{"line":146,"column":null}},"83":{"start":{"line":128,"column":20},"end":{"line":128,"column":null}},"84":{"start":{"line":129,"column":25},"end":{"line":129,"column":null}},"85":{"start":{"line":130,"column":4},"end":{"line":144,"column":null}},"86":{"start":{"line":131,"column":6},"end":{"line":133,"column":null}},"87":{"start":{"line":132,"column":8},"end":{"line":132,"column":null}},"88":{"start":{"line":134,"column":6},"end":{"line":136,"column":null}},"89":{"start":{"line":135,"column":8},"end":{"line":135,"column":null}},"90":{"start":{"line":138,"column":6},"end":{"line":140,"column":null}},"91":{"start":{"line":139,"column":8},"end":{"line":139,"column":null}},"92":{"start":{"line":141,"column":6},"end":{"line":143,"column":null}},"93":{"start":{"line":142,"column":8},"end":{"line":142,"column":null}},"94":{"start":{"line":145,"column":4},"end":{"line":145,"column":null}},"95":{"start":{"line":148,"column":2},"end":{"line":357,"column":null}},"96":{"start":{"line":161,"column":35},"end":{"line":161,"column":51}},"97":{"start":{"line":221,"column":16},"end":{"line":228,"column":null}},"98":{"start":{"line":223,"column":33},"end":{"line":223,"column":null}},"99":{"start":{"line":236,"column":12},"end":{"line":305,"column":null}},"100":{"start":{"line":257,"column":47},"end":{"line":257,"column":null}},"101":{"start":{"line":258,"column":48},"end":{"line":258,"column":null}},"102":{"start":{"line":259,"column":48},"end":{"line":259,"column":null}},"103":{"start":{"line":260,"column":52},"end":{"line":260,"column":null}},"104":{"start":{"line":276,"column":41},"end":{"line":276,"column":null}},"105":{"start":{"line":295,"column":28},"end":{"line":297,"column":null}},"106":{"start":{"line":343,"column":29},"end":{"line":343,"column":null}}},"fnMap":{"0":{"name":"(anonymous_0)","decl":{"start":{"line":11,"column":22},"end":{"line":11,"column":28}},"loc":{"start":{"line":11,"column":28},"end":{"line":359,"column":null}},"line":11},"1":{"name":"(anonymous_1)","decl":{"start":{"line":27,"column":25},"end":{"line":27,"column":31}},"loc":{"start":{"line":27,"column":31},"end":{"line":36,"column":null}},"line":27},"2":{"name":"(anonymous_2)","decl":{"start":{"line":38,"column":12},"end":{"line":38,"column":18}},"loc":{"start":{"line":38,"column":18},"end":{"line":38,"column":41}},"line":38},"3":{"name":"(anonymous_3)","decl":{"start":{"line":41,"column":12},"end":{"line":41,"column":18}},"loc":{"start":{"line":41,"column":18},"end":{"line":47,"column":5}},"line":41},"4":{"name":"(anonymous_4)","decl":{"start":{"line":42,"column":11},"end":{"line":42,"column":17}},"loc":{"start":{"line":42,"column":17},"end":{"line":46,"column":null}},"line":42},"5":{"name":"(anonymous_5)","decl":{"start":{"line":49,"column":31},"end":{"line":49,"column":32}},"loc":{"start":{"line":49,"column":57},"end":{"line":63,"column":5}},"line":49},"6":{"name":"(anonymous_6)","decl":{"start":{"line":53,"column":33},"end":{"line":53,"column":39}},"loc":{"start":{"line":53,"column":39},"end":{"line":61,"column":7}},"line":53},"7":{"name":"(anonymous_7)","decl":{"start":{"line":62,"column":11},"end":{"line":62,"column":17}},"loc":{"start":{"line":62,"column":17},"end":{"line":62,"column":null}},"line":62},"8":{"name":"(anonymous_8)","decl":{"start":{"line":65,"column":23},"end":{"line":65,"column":30}},"loc":{"start":{"line":65,"column":56},"end":{"line":103,"column":null}},"line":65},"9":{"name":"(anonymous_9)","decl":{"start":{"line":71,"column":19},"end":{"line":71,"column":27}},"loc":{"start":{"line":71,"column":27},"end":{"line":71,"column":49}},"line":71},"10":{"name":"(anonymous_10)","decl":{"start":{"line":78,"column":42},"end":{"line":78,"column":47}},"loc":{"start":{"line":78,"column":47},"end":{"line":78,"column":62}},"line":78},"11":{"name":"(anonymous_11)","decl":{"start":{"line":78,"column":68},"end":{"line":78,"column":73}},"loc":{"start":{"line":78,"column":73},"end":{"line":78,"column":79}},"line":78},"12":{"name":"(anonymous_12)","decl":{"start":{"line":79,"column":42},"end":{"line":79,"column":47}},"loc":{"start":{"line":79,"column":47},"end":{"line":79,"column":63}},"line":79},"13":{"name":"(anonymous_13)","decl":{"start":{"line":79,"column":69},"end":{"line":79,"column":74}},"loc":{"start":{"line":79,"column":74},"end":{"line":79,"column":80}},"line":79},"14":{"name":"(anonymous_14)","decl":{"start":{"line":87,"column":25},"end":{"line":87,"column":31}},"loc":{"start":{"line":87,"column":31},"end":{"line":89,"column":7}},"line":87},"15":{"name":"(anonymous_15)","decl":{"start":{"line":88,"column":23},"end":{"line":88,"column":31}},"loc":{"start":{"line":88,"column":31},"end":{"line":88,"column":113}},"line":88},"16":{"name":"(anonymous_16)","decl":{"start":{"line":105,"column":21},"end":{"line":105,"column":27}},"loc":{"start":{"line":105,"column":27},"end":{"line":108,"column":null}},"line":105},"17":{"name":"(anonymous_17)","decl":{"start":{"line":110,"column":23},"end":{"line":110,"column":24}},"loc":{"start":{"line":110,"column":40},"end":{"line":125,"column":null}},"line":110},"18":{"name":"(anonymous_18)","decl":{"start":{"line":120,"column":22},"end":{"line":120,"column":28}},"loc":{"start":{"line":120,"column":28},"end":{"line":120,"column":null}},"line":120},"19":{"name":"(anonymous_19)","decl":{"start":{"line":121,"column":24},"end":{"line":121,"column":30}},"loc":{"start":{"line":121,"column":30},"end":{"line":121,"column":null}},"line":121},"20":{"name":"(anonymous_20)","decl":{"start":{"line":127,"column":25},"end":{"line":127,"column":26}},"loc":{"start":{"line":127,"column":38},"end":{"line":146,"column":null}},"line":127},"21":{"name":"(anonymous_21)","decl":{"start":{"line":161,"column":29},"end":{"line":161,"column":35}},"loc":{"start":{"line":161,"column":35},"end":{"line":161,"column":51}},"line":161},"22":{"name":"(anonymous_22)","decl":{"start":{"line":220,"column":20},"end":{"line":220,"column":null}},"loc":{"start":{"line":221,"column":16},"end":{"line":228,"column":null}},"line":221},"23":{"name":"(anonymous_23)","decl":{"start":{"line":223,"column":27},"end":{"line":223,"column":33}},"loc":{"start":{"line":223,"column":33},"end":{"line":223,"column":null}},"line":223},"24":{"name":"(anonymous_24)","decl":{"start":{"line":235,"column":27},"end":{"line":235,"column":28}},"loc":{"start":{"line":236,"column":12},"end":{"line":305,"column":null}},"line":236},"25":{"name":"(anonymous_25)","decl":{"start":{"line":257,"column":29},"end":{"line":257,"column":30}},"loc":{"start":{"line":257,"column":47},"end":{"line":257,"column":null}},"line":257},"26":{"name":"(anonymous_26)","decl":{"start":{"line":258,"column":30},"end":{"line":258,"column":31}},"loc":{"start":{"line":258,"column":48},"end":{"line":258,"column":null}},"line":258},"27":{"name":"(anonymous_27)","decl":{"start":{"line":259,"column":30},"end":{"line":259,"column":31}},"loc":{"start":{"line":259,"column":48},"end":{"line":259,"column":null}},"line":259},"28":{"name":"(anonymous_28)","decl":{"start":{"line":260,"column":34},"end":{"line":260,"column":35}},"loc":{"start":{"line":260,"column":52},"end":{"line":260,"column":null}},"line":260},"29":{"name":"(anonymous_29)","decl":{"start":{"line":276,"column":35},"end":{"line":276,"column":41}},"loc":{"start":{"line":276,"column":41},"end":{"line":276,"column":null}},"line":276},"30":{"name":"(anonymous_30)","decl":{"start":{"line":294,"column":59},"end":{"line":294,"column":60}},"loc":{"start":{"line":295,"column":28},"end":{"line":297,"column":null}},"line":295},"31":{"name":"(anonymous_31)","decl":{"start":{"line":343,"column":22},"end":{"line":343,"column":23}},"loc":{"start":{"line":343,"column":29},"end":{"line":343,"column":null}},"line":343}},"branchMap":{"0":{"loc":{"start":{"line":28,"column":4},"end":{"line":35,"column":null}},"type":"if","locations":[{"start":{"line":28,"column":4},"end":{"line":35,"column":null}},{"start":{"line":30,"column":4},"end":{"line":35,"column":null}}],"line":28},"1":{"loc":{"start":{"line":28,"column":8},"end":{"line":28,"column":95}},"type":"binary-expr","locations":[{"start":{"line":28,"column":8},"end":{"line":28,"column":34}},{"start":{"line":28,"column":34},"end":{"line":28,"column":95}}],"line":28},"2":{"loc":{"start":{"line":30,"column":4},"end":{"line":35,"column":null}},"type":"if","locations":[{"start":{"line":30,"column":4},"end":{"line":35,"column":null}},{"start":{},"end":{}}],"line":30},"3":{"loc":{"start":{"line":30,"column":15},"end":{"line":30,"column":104}},"type":"binary-expr","locations":[{"start":{"line":30,"column":15},"end":{"line":30,"column":45}},{"start":{"line":30,"column":45},"end":{"line":30,"column":104}}],"line":30},"4":{"loc":{"start":{"line":43,"column":6},"end":{"line":45,"column":null}},"type":"if","locations":[{"start":{"line":43,"column":6},"end":{"line":45,"column":null}},{"start":{},"end":{}}],"line":43},"5":{"loc":{"start":{"line":43,"column":10},"end":{"line":43,"column":67}},"type":"binary-expr","locations":[{"start":{"line":43,"column":10},"end":{"line":43,"column":43}},{"start":{"line":43,"column":43},"end":{"line":43,"column":67}}],"line":43},"6":{"loc":{"start":{"line":56,"column":6},"end":{"line":60,"column":null}},"type":"if","locations":[{"start":{"line":56,"column":6},"end":{"line":60,"column":null}},{"start":{},"end":{}}],"line":56},"7":{"loc":{"start":{"line":65,"column":33},"end":{"line":65,"column":56}},"type":"default-arg","locations":[{"start":{"line":65,"column":47},"end":{"line":65,"column":56}}],"line":65},"8":{"loc":{"start":{"line":66,"column":4},"end":{"line":66,"column":null}},"type":"if","locations":[{"start":{"line":66,"column":4},"end":{"line":66,"column":null}},{"start":{},"end":{}}],"line":66},"9":{"loc":{"start":{"line":67,"column":23},"end":{"line":67,"column":null}},"type":"binary-expr","locations":[{"start":{"line":67,"column":23},"end":{"line":67,"column":38}},{"start":{"line":67,"column":38},"end":{"line":67,"column":null}}],"line":67},"10":{"loc":{"start":{"line":68,"column":4},"end":{"line":68,"column":null}},"type":"if","locations":[{"start":{"line":68,"column":4},"end":{"line":68,"column":null}},{"start":{},"end":{}}],"line":68},"11":{"loc":{"start":{"line":68,"column":8},"end":{"line":68,"column":34}},"type":"binary-expr","locations":[{"start":{"line":68,"column":8},"end":{"line":68,"column":23}},{"start":{"line":68,"column":23},"end":{"line":68,"column":34}}],"line":68},"12":{"loc":{"start":{"line":77,"column":20},"end":{"line":77,"column":null}},"type":"binary-expr","locations":[{"start":{"line":77,"column":20},"end":{"line":77,"column":46}},{"start":{"line":77,"column":46},"end":{"line":77,"column":null}}],"line":77},"13":{"loc":{"start":{"line":91,"column":18},"end":{"line":91,"column":null}},"type":"binary-expr","locations":[{"start":{"line":91,"column":18},"end":{"line":91,"column":34}},{"start":{"line":91,"column":34},"end":{"line":91,"column":null}}],"line":91},"14":{"loc":{"start":{"line":92,"column":6},"end":{"line":98,"column":null}},"type":"if","locations":[{"start":{"line":92,"column":6},"end":{"line":98,"column":null}},{"start":{"line":94,"column":6},"end":{"line":98,"column":null}}],"line":92},"15":{"loc":{"start":{"line":92,"column":10},"end":{"line":92,"column":81}},"type":"binary-expr","locations":[{"start":{"line":92,"column":10},"end":{"line":92,"column":33}},{"start":{"line":92,"column":33},"end":{"line":92,"column":58}},{"start":{"line":92,"column":58},"end":{"line":92,"column":81}}],"line":92},"16":{"loc":{"start":{"line":94,"column":6},"end":{"line":98,"column":null}},"type":"if","locations":[{"start":{"line":94,"column":6},"end":{"line":98,"column":null}},{"start":{"line":96,"column":13},"end":{"line":98,"column":null}}],"line":94},"17":{"loc":{"start":{"line":94,"column":17},"end":{"line":94,"column":65}},"type":"binary-expr","locations":[{"start":{"line":94,"column":17},"end":{"line":94,"column":44}},{"start":{"line":94,"column":44},"end":{"line":94,"column":65}}],"line":94},"18":{"loc":{"start":{"line":111,"column":4},"end":{"line":115,"column":null}},"type":"if","locations":[{"start":{"line":111,"column":4},"end":{"line":115,"column":null}},{"start":{},"end":{}}],"line":111},"19":{"loc":{"start":{"line":130,"column":4},"end":{"line":144,"column":null}},"type":"if","locations":[{"start":{"line":130,"column":4},"end":{"line":144,"column":null}},{"start":{"line":137,"column":11},"end":{"line":144,"column":null}}],"line":130},"20":{"loc":{"start":{"line":131,"column":6},"end":{"line":133,"column":null}},"type":"if","locations":[{"start":{"line":131,"column":6},"end":{"line":133,"column":null}},{"start":{},"end":{}}],"line":131},"21":{"loc":{"start":{"line":131,"column":10},"end":{"line":131,"column":79}},"type":"binary-expr","locations":[{"start":{"line":131,"column":10},"end":{"line":131,"column":47}},{"start":{"line":131,"column":47},"end":{"line":131,"column":79}}],"line":131},"22":{"loc":{"start":{"line":134,"column":6},"end":{"line":136,"column":null}},"type":"if","locations":[{"start":{"line":134,"column":6},"end":{"line":136,"column":null}},{"start":{},"end":{}}],"line":134},"23":{"loc":{"start":{"line":134,"column":10},"end":{"line":134,"column":84}},"type":"binary-expr","locations":[{"start":{"line":134,"column":10},"end":{"line":134,"column":48}},{"start":{"line":134,"column":48},"end":{"line":134,"column":84}}],"line":134},"24":{"loc":{"start":{"line":138,"column":6},"end":{"line":140,"column":null}},"type":"if","locations":[{"start":{"line":138,"column":6},"end":{"line":140,"column":null}},{"start":{},"end":{}}],"line":138},"25":{"loc":{"start":{"line":138,"column":10},"end":{"line":138,"column":78}},"type":"binary-expr","locations":[{"start":{"line":138,"column":10},"end":{"line":138,"column":47}},{"start":{"line":138,"column":47},"end":{"line":138,"column":78}}],"line":138},"26":{"loc":{"start":{"line":141,"column":6},"end":{"line":143,"column":null}},"type":"if","locations":[{"start":{"line":141,"column":6},"end":{"line":143,"column":null}},{"start":{},"end":{}}],"line":141},"27":{"loc":{"start":{"line":152,"column":9},"end":{"line":164,"column":null}},"type":"binary-expr","locations":[{"start":{"line":152,"column":9},"end":{"line":152,"column":null}},{"start":{"line":153,"column":10},"end":{"line":164,"column":null}}],"line":152},"28":{"loc":{"start":{"line":206,"column":9},"end":{"line":231,"column":null}},"type":"binary-expr","locations":[{"start":{"line":206,"column":9},"end":{"line":206,"column":37}},{"start":{"line":206,"column":37},"end":{"line":206,"column":null}},{"start":{"line":207,"column":10},"end":{"line":231,"column":null}}],"line":206},"29":{"loc":{"start":{"line":240,"column":33},"end":{"line":240,"column":86}},"type":"cond-expr","locations":[{"start":{"line":240,"column":55},"end":{"line":240,"column":71}},{"start":{"line":240,"column":71},"end":{"line":240,"column":86}}],"line":240},"30":{"loc":{"start":{"line":242,"column":56},"end":{"line":242,"column":109}},"type":"cond-expr","locations":[{"start":{"line":242,"column":78},"end":{"line":242,"column":99}},{"start":{"line":242,"column":99},"end":{"line":242,"column":109}}],"line":242},"31":{"loc":{"start":{"line":244,"column":18},"end":{"line":244,"column":null}},"type":"cond-expr","locations":[{"start":{"line":244,"column":40},"end":{"line":244,"column":61}},{"start":{"line":244,"column":61},"end":{"line":244,"column":null}}],"line":244},"32":{"loc":{"start":{"line":246,"column":19},"end":{"line":246,"column":null}},"type":"cond-expr","locations":[{"start":{"line":246,"column":41},"end":{"line":246,"column":83}},{"start":{"line":246,"column":83},"end":{"line":246,"column":null}}],"line":246},"33":{"loc":{"start":{"line":250,"column":20},"end":{"line":252,"column":null}},"type":"cond-expr","locations":[{"start":{"line":251,"column":24},"end":{"line":251,"column":null}},{"start":{"line":252,"column":24},"end":{"line":252,"column":null}}],"line":250},"34":{"loc":{"start":{"line":268,"column":19},"end":{"line":301,"column":null}},"type":"binary-expr","locations":[{"start":{"line":268,"column":19},"end":{"line":268,"column":41}},{"start":{"line":268,"column":41},"end":{"line":268,"column":null}},{"start":{"line":269,"column":20},"end":{"line":301,"column":null}}],"line":268},"35":{"loc":{"start":{"line":277,"column":70},"end":{"line":277,"column":187}},"type":"cond-expr","locations":[{"start":{"line":277,"column":92},"end":{"line":277,"column":135}},{"start":{"line":277,"column":135},"end":{"line":277,"column":187}}],"line":277},"36":{"loc":{"start":{"line":278,"column":33},"end":{"line":278,"column":null}},"type":"cond-expr","locations":[{"start":{"line":278,"column":55},"end":{"line":278,"column":73}},{"start":{"line":278,"column":73},"end":{"line":278,"column":null}}],"line":278},"37":{"loc":{"start":{"line":279,"column":38},"end":{"line":279,"column":null}},"type":"cond-expr","locations":[{"start":{"line":279,"column":60},"end":{"line":279,"column":78}},{"start":{"line":279,"column":78},"end":{"line":279,"column":null}}],"line":279},"38":{"loc":{"start":{"line":281,"column":27},"end":{"line":281,"column":null}},"type":"cond-expr","locations":[{"start":{"line":281,"column":49},"end":{"line":281,"column":82}},{"start":{"line":281,"column":82},"end":{"line":281,"column":null}}],"line":281},"39":{"loc":{"start":{"line":291,"column":23},"end":{"line":299,"column":null}},"type":"binary-expr","locations":[{"start":{"line":291,"column":23},"end":{"line":291,"column":null}},{"start":{"line":292,"column":24},"end":{"line":299,"column":null}}],"line":291},"40":{"loc":{"start":{"line":309,"column":9},"end":{"line":322,"column":null}},"type":"binary-expr","locations":[{"start":{"line":309,"column":9},"end":{"line":309,"column":null}},{"start":{"line":310,"column":10},"end":{"line":322,"column":null}}],"line":309},"41":{"loc":{"start":{"line":325,"column":9},"end":{"line":332,"column":null}},"type":"binary-expr","locations":[{"start":{"line":325,"column":9},"end":{"line":325,"column":22}},{"start":{"line":325,"column":22},"end":{"line":325,"column":null}},{"start":{"line":326,"column":10},"end":{"line":332,"column":null}}],"line":325},"42":{"loc":{"start":{"line":349,"column":22},"end":{"line":349,"column":null}},"type":"binary-expr","locations":[{"start":{"line":349,"column":22},"end":{"line":349,"column":35}},{"start":{"line":349,"column":35},"end":{"line":349,"column":null}}],"line":349}},"s":{"0":2,"1":5,"2":5,"3":5,"4":5,"5":5,"6":5,"7":5,"8":5,"9":5,"10":4,"11":0,"12":4,"13":0,"14":5,"15":4,"16":5,"17":4,"18":4,"19":0,"20":5,"21":0,"22":0,"23":0,"24":0,"25":0,"26":0,"27":0,"28":0,"29":0,"30":0,"31":0,"32":0,"33":5,"34":0,"35":0,"36":0,"37":0,"38":0,"39":0,"40":0,"41":0,"42":0,"43":0,"44":0,"45":0,"46":0,"47":0,"48":0,"49":0,"50":0,"51":0,"52":0,"53":0,"54":0,"55":0,"56":0,"57":0,"58":0,"59":0,"60":0,"61":0,"62":0,"63":0,"64":0,"65":0,"66":5,"67":0,"68":0,"69":5,"70":0,"71":0,"72":0,"73":0,"74":0,"75":0,"76":0,"77":0,"78":0,"79":0,"80":0,"81":0,"82":5,"83":1,"84":1,"85":1,"86":1,"87":0,"88":1,"89":0,"90":0,"91":0,"92":0,"93":0,"94":1,"95":5,"96":0,"97":12,"98":0,"99":1,"100":0,"101":0,"102":0,"103":0,"104":0,"105":0,"106":1},"f":{"0":5,"1":4,"2":4,"3":4,"4":4,"5":0,"6":0,"7":0,"8":0,"9":0,"10":0,"11":0,"12":0,"13":0,"14":0,"15":0,"16":0,"17":0,"18":0,"19":0,"20":1,"21":0,"22":12,"23":0,"24":1,"25":0,"26":0,"27":0,"28":0,"29":0,"30":0,"31":1},"b":{"0":[0,4],"1":[4,4],"2":[0,4],"3":[4,4],"4":[0,4],"5":[4,4],"6":[0,0],"7":[0],"8":[0,0],"9":[0,0],"10":[0,0],"11":[0,0],"12":[0,0],"13":[0,0],"14":[0,0],"15":[0,0,0],"16":[0,0],"17":[0,0],"18":[0,0],"19":[1,0],"20":[0,1],"21":[1,1],"22":[0,1],"23":[1,1],"24":[0,0],"25":[0,0],"26":[0,0],"27":[5,0],"28":[5,4,4],"29":[0,1],"30":[0,1],"31":[0,1],"32":[0,1],"33":[0,1],"34":[1,1,1],"35":[0,1],"36":[0,1],"37":[0,1],"38":[0,1],"39":[1,0],"40":[5,0],"41":[5,0,0],"42":[5,5]},"meta":{"lastBranch":43,"lastFunction":32,"lastStatement":107,"seen":{"s:11:22:359:Infinity":0,"f:11:22:11:28":0,"s:12:49:12:Infinity":1,"s:18:2:18:Infinity":2,"s:20:24:20:Infinity":3,"s:21:40:21:Infinity":4,"s:22:30:22:Infinity":5,"s:23:40:23:Infinity":6,"s:24:8:24:Infinity":7,"s:25:8:25:Infinity":8,"s:27:25:36:Infinity":9,"f:27:25:27:31":1,"b:28:4:35:Infinity:30:4:35:Infinity":0,"s:28:4:35:Infinity":10,"b:28:8:28:34:28:34:28:95":1,"s:29:6:29:Infinity":11,"b:30:4:35:Infinity:undefined:undefined:undefined:undefined":2,"s:30:4:35:Infinity":12,"b:30:15:30:45:30:45:30:104":3,"s:31:6:34:Infinity":13,"s:38:2:38:Infinity":14,"f:38:12:38:18":2,"s:38:20:38:38":15,"s:41:2:47:Infinity":16,"f:41:12:41:18":3,"s:42:4:46:Infinity":17,"f:42:11:42:17":4,"b:43:6:45:Infinity:undefined:undefined:undefined:undefined":4,"s:43:6:45:Infinity":18,"b:43:10:43:43:43:43:43:67":5,"s:44:8:44:Infinity":19,"s:49:8:63:Infinity":20,"f:49:31:49:32":5,"s:50:4:50:Infinity":21,"s:51:4:51:Infinity":22,"s:52:12:52:Infinity":23,"s:53:21:61:Infinity":24,"f:53:33:53:39":6,"s:54:6:54:Infinity":25,"s:55:6:55:Infinity":26,"b:56:6:60:Infinity:undefined:undefined:undefined:undefined":6,"s:56:6:60:Infinity":27,"s:57:8:57:Infinity":28,"s:58:8:58:Infinity":29,"s:59:8:59:Infinity":30,"s:62:4:62:Infinity":31,"f:62:11:62:17":7,"s:62:17:62:Infinity":32,"s:65:23:103:Infinity":33,"f:65:23:65:30":8,"b:65:47:65:56":7,"b:66:4:66:Infinity:undefined:undefined:undefined:undefined":8,"s:66:4:66:Infinity":34,"s:66:11:66:Infinity":35,"s:67:23:67:Infinity":36,"b:67:23:67:38:67:38:67:Infinity":9,"b:68:4:68:Infinity:undefined:undefined:undefined:undefined":10,"s:68:4:68:Infinity":37,"b:68:8:68:23:68:23:68:34":11,"s:68:34:68:Infinity":38,"s:70:24:70:Infinity":39,"s:71:4:71:Infinity":40,"f:71:19:71:27":9,"s:71:27:71:49":41,"s:72:4:72:Infinity":42,"s:73:4:73:Infinity":43,"s:74:4:74:Infinity":44,"s:76:4:102:Infinity":45,"s:77:20:77:Infinity":46,"b:77:20:77:46:77:46:77:Infinity":12,"s:78:29:78:Infinity":47,"f:78:42:78:47":10,"s:78:47:78:62":48,"f:78:68:78:73":11,"s:78:73:78:79":49,"s:79:29:79:Infinity":50,"f:79:42:79:47":12,"s:79:47:79:63":51,"f:79:69:79:74":13,"s:79:74:79:80":52,"s:81:26:84:Infinity":53,"s:86:23:86:Infinity":54,"s:87:6:89:Infinity":55,"f:87:25:87:31":14,"s:88:8:88:Infinity":56,"f:88:23:88:31":15,"s:88:31:88:113":57,"s:91:18:91:Infinity":58,"b:91:18:91:34:91:34:91:Infinity":13,"b:92:6:98:Infinity:94:6:98:Infinity":14,"s:92:6:98:Infinity":59,"b:92:10:92:33:92:33:92:58:92:58:92:81":15,"s:93:8:93:Infinity":60,"b:94:6:98:Infinity:96:13:98:Infinity":16,"s:94:6:98:Infinity":61,"b:94:17:94:44:94:44:94:65":17,"s:95:8:95:Infinity":62,"s:97:8:97:Infinity":63,"s:99:6:99:Infinity":64,"s:101:6:101:Infinity":65,"s:105:21:108:Infinity":66,"f:105:21:105:27":16,"s:106:23:106:Infinity":67,"s:107:4:107:Infinity":68,"s:110:23:125:Infinity":69,"f:110:23:110:24":17,"b:111:4:115:Infinity:undefined:undefined:undefined:undefined":18,"s:111:4:115:Infinity":70,"s:112:6:112:Infinity":71,"s:113:6:113:Infinity":72,"s:114:6:114:Infinity":73,"s:117:4:117:Infinity":74,"s:118:22:118:Infinity":75,"s:120:4:120:Infinity":76,"f:120:22:120:28":18,"s:120:28:120:Infinity":77,"s:121:4:121:Infinity":78,"f:121:24:121:30":19,"s:121:30:121:Infinity":79,"s:123:4:123:Infinity":80,"s:124:4:124:Infinity":81,"s:127:25:146:Infinity":82,"f:127:25:127:26":20,"s:128:20:128:Infinity":83,"s:129:25:129:Infinity":84,"b:130:4:144:Infinity:137:11:144:Infinity":19,"s:130:4:144:Infinity":85,"b:131:6:133:Infinity:undefined:undefined:undefined:undefined":20,"s:131:6:133:Infinity":86,"b:131:10:131:47:131:47:131:79":21,"s:132:8:132:Infinity":87,"b:134:6:136:Infinity:undefined:undefined:undefined:undefined":22,"s:134:6:136:Infinity":88,"b:134:10:134:48:134:48:134:84":23,"s:135:8:135:Infinity":89,"b:138:6:140:Infinity:undefined:undefined:undefined:undefined":24,"s:138:6:140:Infinity":90,"b:138:10:138:47:138:47:138:78":25,"s:139:8:139:Infinity":91,"b:141:6:143:Infinity:undefined:undefined:undefined:undefined":26,"s:141:6:143:Infinity":92,"s:142:8:142:Infinity":93,"s:145:4:145:Infinity":94,"s:148:2:357:Infinity":95,"b:152:9:152:Infinity:153:10:164:Infinity":27,"f:161:29:161:35":21,"s:161:35:161:51":96,"b:206:9:206:37:206:37:206:Infinity:207:10:231:Infinity":28,"f:220:20:220:Infinity":22,"s:221:16:228:Infinity":97,"f:223:27:223:33":23,"s:223:33:223:Infinity":98,"f:235:27:235:28":24,"s:236:12:305:Infinity":99,"b:240:55:240:71:240:71:240:86":29,"b:242:78:242:99:242:99:242:109":30,"b:244:40:244:61:244:61:244:Infinity":31,"b:246:41:246:83:246:83:246:Infinity":32,"b:251:24:251:Infinity:252:24:252:Infinity":33,"f:257:29:257:30":25,"s:257:47:257:Infinity":100,"f:258:30:258:31":26,"s:258:48:258:Infinity":101,"f:259:30:259:31":27,"s:259:48:259:Infinity":102,"f:260:34:260:35":28,"s:260:52:260:Infinity":103,"b:268:19:268:41:268:41:268:Infinity:269:20:301:Infinity":34,"f:276:35:276:41":29,"s:276:41:276:Infinity":104,"b:277:92:277:135:277:135:277:187":35,"b:278:55:278:73:278:73:278:Infinity":36,"b:279:60:279:78:279:78:279:Infinity":37,"b:281:49:281:82:281:82:281:Infinity":38,"b:291:23:291:Infinity:292:24:299:Infinity":39,"f:294:59:294:60":30,"s:295:28:297:Infinity":105,"b:309:9:309:Infinity:310:10:322:Infinity":40,"b:325:9:325:22:325:22:325:Infinity:326:10:332:Infinity":41,"f:343:22:343:23":31,"s:343:29:343:Infinity":106,"b:349:22:349:35:349:35:349:Infinity":42}}}
,"E:\\election\\src\\components\\CountdownTimer.jsx": {"path":"E:\\election\\src\\components\\CountdownTimer.jsx","statementMap":{"0":{"start":{"line":5,"column":23},"end":{"line":79,"column":null}},"1":{"start":{"line":6,"column":23},"end":{"line":6,"column":null}},"2":{"start":{"line":7,"column":21},"end":{"line":7,"column":null}},"3":{"start":{"line":8,"column":30},"end":{"line":8,"column":null}},"4":{"start":{"line":10,"column":2},"end":{"line":28,"column":null}},"5":{"start":{"line":11,"column":4},"end":{"line":11,"column":null}},"6":{"start":{"line":11,"column":21},"end":{"line":11,"column":null}},"7":{"start":{"line":13,"column":22},"end":{"line":23,"column":null}},"8":{"start":{"line":14,"column":19},"end":{"line":14,"column":null}},"9":{"start":{"line":15,"column":6},"end":{"line":15,"column":null}},"10":{"start":{"line":15,"column":21},"end":{"line":15,"column":null}},"11":{"start":{"line":16,"column":6},"end":{"line":22,"column":null}},"12":{"start":{"line":25,"column":4},"end":{"line":25,"column":null}},"13":{"start":{"line":26,"column":18},"end":{"line":26,"column":null}},"14":{"start":{"line":26,"column":36},"end":{"line":26,"column":62}},"15":{"start":{"line":27,"column":4},"end":{"line":27,"column":null}},"16":{"start":{"line":27,"column":17},"end":{"line":27,"column":null}},"17":{"start":{"line":30,"column":2},"end":{"line":30,"column":null}},"18":{"start":{"line":30,"column":19},"end":{"line":30,"column":null}},"19":{"start":{"line":31,"column":22},"end":{"line":31,"column":null}},"20":{"start":{"line":33,"column":16},"end":{"line":38,"column":null}},"21":{"start":{"line":40,"column":2},"end":{"line":77,"column":null}},"22":{"start":{"line":67,"column":10},"end":{"line":74,"column":null}}},"fnMap":{"0":{"name":"(anonymous_0)","decl":{"start":{"line":5,"column":23},"end":{"line":5,"column":29}},"loc":{"start":{"line":5,"column":29},"end":{"line":79,"column":null}},"line":5},"1":{"name":"(anonymous_1)","decl":{"start":{"line":10,"column":12},"end":{"line":10,"column":18}},"loc":{"start":{"line":10,"column":18},"end":{"line":28,"column":5}},"line":10},"2":{"name":"(anonymous_2)","decl":{"start":{"line":13,"column":22},"end":{"line":13,"column":28}},"loc":{"start":{"line":13,"column":28},"end":{"line":23,"column":null}},"line":13},"3":{"name":"(anonymous_3)","decl":{"start":{"line":26,"column":30},"end":{"line":26,"column":36}},"loc":{"start":{"line":26,"column":36},"end":{"line":26,"column":62}},"line":26},"4":{"name":"(anonymous_4)","decl":{"start":{"line":27,"column":11},"end":{"line":27,"column":17}},"loc":{"start":{"line":27,"column":17},"end":{"line":27,"column":null}},"line":27},"5":{"name":"(anonymous_5)","decl":{"start":{"line":66,"column":19},"end":{"line":66,"column":20}},"loc":{"start":{"line":67,"column":10},"end":{"line":74,"column":null}},"line":67}},"branchMap":{"0":{"loc":{"start":{"line":11,"column":4},"end":{"line":11,"column":null}},"type":"if","locations":[{"start":{"line":11,"column":4},"end":{"line":11,"column":null}},{"start":{},"end":{}}],"line":11},"1":{"loc":{"start":{"line":15,"column":6},"end":{"line":15,"column":null}},"type":"if","locations":[{"start":{"line":15,"column":6},"end":{"line":15,"column":null}},{"start":{},"end":{}}],"line":15},"2":{"loc":{"start":{"line":30,"column":2},"end":{"line":30,"column":null}},"type":"if","locations":[{"start":{"line":30,"column":2},"end":{"line":30,"column":null}},{"start":{},"end":{}}],"line":30},"3":{"loc":{"start":{"line":31,"column":22},"end":{"line":31,"column":null}},"type":"binary-expr","locations":[{"start":{"line":31,"column":22},"end":{"line":31,"column":52}},{"start":{"line":31,"column":52},"end":{"line":31,"column":null}}],"line":31},"4":{"loc":{"start":{"line":42,"column":7},"end":{"line":45,"column":null}},"type":"binary-expr","locations":[{"start":{"line":42,"column":7},"end":{"line":42,"column":null}},{"start":{"line":43,"column":8},"end":{"line":45,"column":null}}],"line":42}},"s":{"0":1,"1":5,"2":5,"3":5,"4":5,"5":3,"6":1,"7":2,"8":2,"9":2,"10":1,"11":1,"12":2,"13":2,"14":0,"15":2,"16":2,"17":5,"18":1,"19":4,"20":5,"21":5,"22":16},"f":{"0":5,"1":3,"2":2,"3":0,"4":2,"5":16},"b":{"0":[1,2],"1":[1,1],"2":[1,4],"3":[4,0],"4":[5,3]},"meta":{"lastBranch":5,"lastFunction":6,"lastStatement":23,"seen":{"s:5:23:79:Infinity":0,"f:5:23:5:29":0,"s:6:23:6:Infinity":1,"s:7:21:7:Infinity":2,"s:8:30:8:Infinity":3,"s:10:2:28:Infinity":4,"f:10:12:10:18":1,"b:11:4:11:Infinity:undefined:undefined:undefined:undefined":0,"s:11:4:11:Infinity":5,"s:11:21:11:Infinity":6,"s:13:22:23:Infinity":7,"f:13:22:13:28":2,"s:14:19:14:Infinity":8,"b:15:6:15:Infinity:undefined:undefined:undefined:undefined":1,"s:15:6:15:Infinity":9,"s:15:21:15:Infinity":10,"s:16:6:22:Infinity":11,"s:25:4:25:Infinity":12,"s:26:18:26:Infinity":13,"f:26:30:26:36":3,"s:26:36:26:62":14,"s:27:4:27:Infinity":15,"f:27:11:27:17":4,"s:27:17:27:Infinity":16,"b:30:2:30:Infinity:undefined:undefined:undefined:undefined":2,"s:30:2:30:Infinity":17,"s:30:19:30:Infinity":18,"s:31:22:31:Infinity":19,"b:31:22:31:52:31:52:31:Infinity":3,"s:33:16:38:Infinity":20,"s:40:2:77:Infinity":21,"b:42:7:42:Infinity:43:8:45:Infinity":4,"f:66:19:66:20":5,"s:67:10:74:Infinity":22}}}
,"E:\\election\\src\\components\\CountrySelector.jsx": {"path":"E:\\election\\src\\components\\CountrySelector.jsx","statementMap":{"0":{"start":{"line":6,"column":18},"end":{"line":13,"column":null}},"1":{"start":{"line":15,"column":24},"end":{"line":71,"column":null}},"2":{"start":{"line":16,"column":30},"end":{"line":16,"column":null}},"3":{"start":{"line":17,"column":26},"end":{"line":17,"column":null}},"4":{"start":{"line":18,"column":8},"end":{"line":18,"column":null}},"5":{"start":{"line":20,"column":26},"end":{"line":20,"column":null}},"6":{"start":{"line":20,"column":46},"end":{"line":20,"column":62}},"7":{"start":{"line":22,"column":2},"end":{"line":28,"column":null}},"8":{"start":{"line":23,"column":24},"end":{"line":25,"column":null}},"9":{"start":{"line":24,"column":6},"end":{"line":24,"column":null}},"10":{"start":{"line":24,"column":58},"end":{"line":24,"column":null}},"11":{"start":{"line":26,"column":4},"end":{"line":26,"column":null}},"12":{"start":{"line":27,"column":4},"end":{"line":27,"column":null}},"13":{"start":{"line":27,"column":17},"end":{"line":27,"column":null}},"14":{"start":{"line":30,"column":2},"end":{"line":69,"column":null}},"15":{"start":{"line":33,"column":23},"end":{"line":33,"column":null}},"16":{"start":{"line":50,"column":14},"end":{"line":64,"column":null}},"17":{"start":{"line":52,"column":33},"end":{"line":52,"column":90}},"18":{"start":{"line":52,"column":52},"end":{"line":52,"column":70}},"19":{"start":{"line":52,"column":70},"end":{"line":52,"column":88}}},"fnMap":{"0":{"name":"(anonymous_0)","decl":{"start":{"line":15,"column":24},"end":{"line":15,"column":30}},"loc":{"start":{"line":15,"column":30},"end":{"line":71,"column":null}},"line":15},"1":{"name":"(anonymous_1)","decl":{"start":{"line":20,"column":41},"end":{"line":20,"column":46}},"loc":{"start":{"line":20,"column":46},"end":{"line":20,"column":62}},"line":20},"2":{"name":"(anonymous_2)","decl":{"start":{"line":22,"column":12},"end":{"line":22,"column":18}},"loc":{"start":{"line":22,"column":18},"end":{"line":28,"column":5}},"line":22},"3":{"name":"(anonymous_3)","decl":{"start":{"line":23,"column":24},"end":{"line":23,"column":25}},"loc":{"start":{"line":23,"column":31},"end":{"line":25,"column":null}},"line":23},"4":{"name":"(anonymous_4)","decl":{"start":{"line":27,"column":11},"end":{"line":27,"column":17}},"loc":{"start":{"line":27,"column":17},"end":{"line":27,"column":null}},"line":27},"5":{"name":"(anonymous_5)","decl":{"start":{"line":33,"column":17},"end":{"line":33,"column":23}},"loc":{"start":{"line":33,"column":23},"end":{"line":33,"column":null}},"line":33},"6":{"name":"(anonymous_6)","decl":{"start":{"line":49,"column":27},"end":{"line":49,"column":28}},"loc":{"start":{"line":50,"column":14},"end":{"line":64,"column":null}},"line":50},"7":{"name":"(anonymous_7)","decl":{"start":{"line":52,"column":25},"end":{"line":52,"column":31}},"loc":{"start":{"line":52,"column":31},"end":{"line":52,"column":null}},"line":52}},"branchMap":{"0":{"loc":{"start":{"line":20,"column":26},"end":{"line":20,"column":null}},"type":"binary-expr","locations":[{"start":{"line":20,"column":26},"end":{"line":20,"column":67}},{"start":{"line":20,"column":67},"end":{"line":20,"column":null}}],"line":20},"1":{"loc":{"start":{"line":24,"column":6},"end":{"line":24,"column":null}},"type":"if","locations":[{"start":{"line":24,"column":6},"end":{"line":24,"column":null}},{"start":{},"end":{}}],"line":24},"2":{"loc":{"start":{"line":24,"column":10},"end":{"line":24,"column":58}},"type":"binary-expr","locations":[{"start":{"line":24,"column":10},"end":{"line":24,"column":25}},{"start":{"line":24,"column":25},"end":{"line":24,"column":58}}],"line":24},"3":{"loc":{"start":{"line":38,"column":84},"end":{"line":38,"column":110}},"type":"cond-expr","locations":[{"start":{"line":38,"column":93},"end":{"line":38,"column":108}},{"start":{"line":38,"column":108},"end":{"line":38,"column":110}}],"line":38},"4":{"loc":{"start":{"line":42,"column":9},"end":{"line":66,"column":null}},"type":"binary-expr","locations":[{"start":{"line":42,"column":9},"end":{"line":42,"column":null}},{"start":{"line":43,"column":10},"end":{"line":66,"column":null}}],"line":42},"5":{"loc":{"start":{"line":52,"column":33},"end":{"line":52,"column":90}},"type":"if","locations":[{"start":{"line":52,"column":33},"end":{"line":52,"column":90}},{"start":{},"end":{}}],"line":52},"6":{"loc":{"start":{"line":55,"column":18},"end":{"line":56,"column":null}},"type":"cond-expr","locations":[{"start":{"line":55,"column":37},"end":{"line":55,"column":null}},{"start":{"line":56,"column":18},"end":{"line":56,"column":null}}],"line":55},"7":{"loc":{"start":{"line":56,"column":18},"end":{"line":56,"column":null}},"type":"cond-expr","locations":[{"start":{"line":56,"column":31},"end":{"line":56,"column":73}},{"start":{"line":56,"column":73},"end":{"line":56,"column":null}}],"line":56},"8":{"loc":{"start":{"line":60,"column":35},"end":{"line":60,"column":78}},"type":"cond-expr","locations":[{"start":{"line":60,"column":48},"end":{"line":60,"column":73}},{"start":{"line":60,"column":73},"end":{"line":60,"column":78}}],"line":60},"9":{"loc":{"start":{"line":63,"column":17},"end":{"line":63,"column":null}},"type":"binary-expr","locations":[{"start":{"line":63,"column":17},"end":{"line":63,"column":31}},{"start":{"line":63,"column":31},"end":{"line":63,"column":null}}],"line":63}},"s":{"0":2,"1":2,"2":5,"3":5,"4":5,"5":5,"6":5,"7":5,"8":3,"9":0,"10":0,"11":3,"12":3,"13":3,"14":5,"15":2,"16":12,"17":0,"18":0,"19":0},"f":{"0":5,"1":5,"2":3,"3":0,"4":3,"5":2,"6":12,"7":0},"b":{"0":[5,0],"1":[0,0],"2":[0,0],"3":[2,3],"4":[5,2],"5":[0,0],"6":[2,10],"7":[10,0],"8":[10,2],"9":[12,10]},"meta":{"lastBranch":10,"lastFunction":8,"lastStatement":20,"seen":{"s:6:18:13:Infinity":0,"s:15:24:71:Infinity":1,"f:15:24:15:30":0,"s:16:30:16:Infinity":2,"s:17:26:17:Infinity":3,"s:18:8:18:Infinity":4,"s:20:26:20:Infinity":5,"b:20:26:20:67:20:67:20:Infinity":0,"f:20:41:20:46":1,"s:20:46:20:62":6,"s:22:2:28:Infinity":7,"f:22:12:22:18":2,"s:23:24:25:Infinity":8,"f:23:24:23:25":3,"b:24:6:24:Infinity:undefined:undefined:undefined:undefined":1,"s:24:6:24:Infinity":9,"b:24:10:24:25:24:25:24:58":2,"s:24:58:24:Infinity":10,"s:26:4:26:Infinity":11,"s:27:4:27:Infinity":12,"f:27:11:27:17":4,"s:27:17:27:Infinity":13,"s:30:2:69:Infinity":14,"f:33:17:33:23":5,"s:33:23:33:Infinity":15,"b:38:93:38:108:38:108:38:110":3,"b:42:9:42:Infinity:43:10:66:Infinity":4,"f:49:27:49:28":6,"s:50:14:64:Infinity":16,"f:52:25:52:31":7,"b:52:33:52:90:undefined:undefined:undefined:undefined":5,"s:52:33:52:90":17,"s:52:52:52:70":18,"s:52:70:52:88":19,"b:55:37:55:Infinity:56:18:56:Infinity":6,"b:56:31:56:73:56:73:56:Infinity":7,"b:60:48:60:73:60:73:60:78":8,"b:63:17:63:31:63:31:63:Infinity":9}}}
,"E:\\election\\src\\components\\CursorGlow.jsx": {"path":"E:\\election\\src\\components\\CursorGlow.jsx","statementMap":{"0":{"start":{"line":4,"column":19},"end":{"line":28,"column":null}},"1":{"start":{"line":5,"column":8},"end":{"line":5,"column":null}},"2":{"start":{"line":6,"column":8},"end":{"line":6,"column":null}},"3":{"start":{"line":7,"column":8},"end":{"line":7,"column":null}},"4":{"start":{"line":8,"column":8},"end":{"line":8,"column":null}},"5":{"start":{"line":10,"column":2},"end":{"line":18,"column":null}},"6":{"start":{"line":11,"column":28},"end":{"line":14,"column":null}},"7":{"start":{"line":12,"column":6},"end":{"line":12,"column":null}},"8":{"start":{"line":13,"column":6},"end":{"line":13,"column":null}},"9":{"start":{"line":16,"column":4},"end":{"line":16,"column":null}},"10":{"start":{"line":17,"column":4},"end":{"line":17,"column":null}},"11":{"start":{"line":17,"column":17},"end":{"line":17,"column":null}},"12":{"start":{"line":20,"column":2},"end":{"line":26,"column":null}}},"fnMap":{"0":{"name":"(anonymous_0)","decl":{"start":{"line":4,"column":19},"end":{"line":4,"column":25}},"loc":{"start":{"line":4,"column":25},"end":{"line":28,"column":null}},"line":4},"1":{"name":"(anonymous_1)","decl":{"start":{"line":10,"column":12},"end":{"line":10,"column":18}},"loc":{"start":{"line":10,"column":18},"end":{"line":18,"column":5}},"line":10},"2":{"name":"(anonymous_2)","decl":{"start":{"line":11,"column":28},"end":{"line":11,"column":29}},"loc":{"start":{"line":11,"column":35},"end":{"line":14,"column":null}},"line":11},"3":{"name":"(anonymous_3)","decl":{"start":{"line":17,"column":11},"end":{"line":17,"column":17}},"loc":{"start":{"line":17,"column":17},"end":{"line":17,"column":null}},"line":17}},"branchMap":{},"s":{"0":1,"1":2,"2":2,"3":2,"4":2,"5":2,"6":2,"7":0,"8":0,"9":2,"10":2,"11":2,"12":2},"f":{"0":2,"1":2,"2":0,"3":2},"b":{},"meta":{"lastBranch":0,"lastFunction":4,"lastStatement":13,"seen":{"s:4:19:28:Infinity":0,"f:4:19:4:25":0,"s:5:8:5:Infinity":1,"s:6:8:6:Infinity":2,"s:7:8:7:Infinity":3,"s:8:8:8:Infinity":4,"s:10:2:18:Infinity":5,"f:10:12:10:18":1,"s:11:28:14:Infinity":6,"f:11:28:11:29":2,"s:12:6:12:Infinity":7,"s:13:6:13:Infinity":8,"s:16:4:16:Infinity":9,"s:17:4:17:Infinity":10,"f:17:11:17:17":3,"s:17:17:17:Infinity":11,"s:20:2:26:Infinity":12}}}
,"E:\\election\\src\\components\\ElectionTimeline.jsx": {"path":"E:\\election\\src\\components\\ElectionTimeline.jsx","statementMap":{"0":{"start":{"line":4,"column":25},"end":{"line":59,"column":null}},"1":{"start":{"line":5,"column":2},"end":{"line":57,"column":null}},"2":{"start":{"line":9,"column":27},"end":{"line":9,"column":null}},"3":{"start":{"line":10,"column":25},"end":{"line":10,"column":null}},"4":{"start":{"line":10,"column":47},"end":{"line":10,"column":70}},"5":{"start":{"line":12,"column":10},"end":{"line":53,"column":null}},"6":{"start":{"line":16,"column":31},"end":{"line":16,"column":null}}},"fnMap":{"0":{"name":"(anonymous_0)","decl":{"start":{"line":4,"column":25},"end":{"line":4,"column":26}},"loc":{"start":{"line":4,"column":71},"end":{"line":59,"column":null}},"line":4},"1":{"name":"(anonymous_1)","decl":{"start":{"line":8,"column":20},"end":{"line":8,"column":21}},"loc":{"start":{"line":8,"column":38},"end":{"line":55,"column":9}},"line":8},"2":{"name":"(anonymous_2)","decl":{"start":{"line":10,"column":42},"end":{"line":10,"column":47}},"loc":{"start":{"line":10,"column":47},"end":{"line":10,"column":70}},"line":10},"3":{"name":"(anonymous_3)","decl":{"start":{"line":16,"column":25},"end":{"line":16,"column":31}},"loc":{"start":{"line":16,"column":31},"end":{"line":16,"column":null}},"line":16}},"branchMap":{"0":{"loc":{"start":{"line":17,"column":30},"end":{"line":17,"column":null}},"type":"cond-expr","locations":[{"start":{"line":17,"column":41},"end":{"line":17,"column":50}},{"start":{"line":17,"column":50},"end":{"line":17,"column":null}}],"line":17},"1":{"loc":{"start":{"line":20,"column":19},"end":{"line":21,"column":null}},"type":"binary-expr","locations":[{"start":{"line":20,"column":19},"end":{"line":20,"column":null}},{"start":{"line":21,"column":20},"end":{"line":21,"column":null}}],"line":20},"2":{"loc":{"start":{"line":25,"column":22},"end":{"line":29,"column":113}},"type":"cond-expr","locations":[{"start":{"line":26,"column":24},"end":{"line":26,"column":null}},{"start":{"line":27,"column":24},"end":{"line":29,"column":113}}],"line":25},"3":{"loc":{"start":{"line":27,"column":24},"end":{"line":29,"column":113}},"type":"cond-expr","locations":[{"start":{"line":28,"column":26},"end":{"line":28,"column":null}},{"start":{"line":29,"column":26},"end":{"line":29,"column":113}}],"line":27},"4":{"loc":{"start":{"line":31,"column":21},"end":{"line":33,"column":null}},"type":"cond-expr","locations":[{"start":{"line":32,"column":24},"end":{"line":32,"column":null}},{"start":{"line":33,"column":24},"end":{"line":33,"column":null}}],"line":31},"5":{"loc":{"start":{"line":38,"column":18},"end":{"line":38,"column":null}},"type":"cond-expr","locations":[{"start":{"line":38,"column":29},"end":{"line":38,"column":52}},{"start":{"line":38,"column":52},"end":{"line":38,"column":null}}],"line":38},"6":{"loc":{"start":{"line":38,"column":52},"end":{"line":38,"column":null}},"type":"cond-expr","locations":[{"start":{"line":38,"column":61},"end":{"line":38,"column":83}},{"start":{"line":38,"column":83},"end":{"line":38,"column":null}}],"line":38},"7":{"loc":{"start":{"line":44,"column":15},"end":{"line":51,"column":null}},"type":"binary-expr","locations":[{"start":{"line":44,"column":15},"end":{"line":44,"column":null}},{"start":{"line":45,"column":16},"end":{"line":51,"column":null}}],"line":44},"8":{"loc":{"start":{"line":48,"column":38},"end":{"line":48,"column":61}},"type":"cond-expr","locations":[{"start":{"line":48,"column":47},"end":{"line":48,"column":56}},{"start":{"line":48,"column":56},"end":{"line":48,"column":61}}],"line":48}},"s":{"0":1,"1":3,"2":9,"3":9,"4":18,"5":9,"6":1},"f":{"0":3,"1":9,"2":18,"3":1},"b":{"0":[3,6],"1":[9,3],"2":[3,6],"3":[3,3],"4":[3,6],"5":[3,6],"6":[3,3],"7":[9,6],"8":[3,3]},"meta":{"lastBranch":9,"lastFunction":4,"lastStatement":7,"seen":{"s:4:25:59:Infinity":0,"f:4:25:4:26":0,"s:5:2:57:Infinity":1,"f:8:20:8:21":1,"s:9:27:9:Infinity":2,"s:10:25:10:Infinity":3,"f:10:42:10:47":2,"s:10:47:10:70":4,"s:12:10:53:Infinity":5,"f:16:25:16:31":3,"s:16:31:16:Infinity":6,"b:17:41:17:50:17:50:17:Infinity":0,"b:20:19:20:Infinity:21:20:21:Infinity":1,"b:26:24:26:Infinity:27:24:29:113":2,"b:28:26:28:Infinity:29:26:29:113":3,"b:32:24:32:Infinity:33:24:33:Infinity":4,"b:38:29:38:52:38:52:38:Infinity":5,"b:38:61:38:83:38:83:38:Infinity":6,"b:44:15:44:Infinity:45:16:51:Infinity":7,"b:48:47:48:56:48:56:48:61":8}}}
,"E:\\election\\src\\components\\GlossaryChip.jsx": {"path":"E:\\election\\src\\components\\GlossaryChip.jsx","statementMap":{"0":{"start":{"line":7,"column":21},"end":{"line":35,"column":null}},"1":{"start":{"line":8,"column":18},"end":{"line":8,"column":null}},"2":{"start":{"line":9,"column":25},"end":{"line":9,"column":null}},"3":{"start":{"line":10,"column":8},"end":{"line":10,"column":null}},"4":{"start":{"line":12,"column":26},"end":{"line":24,"column":null}},"5":{"start":{"line":13,"column":4},"end":{"line":13,"column":null}},"6":{"start":{"line":14,"column":19},"end":{"line":14,"column":null}},"7":{"start":{"line":15,"column":4},"end":{"line":15,"column":null}},"8":{"start":{"line":16,"column":24},"end":{"line":16,"column":null}},"9":{"start":{"line":17,"column":4},"end":{"line":17,"column":null}},"10":{"start":{"line":17,"column":27},"end":{"line":17,"column":49}},"11":{"start":{"line":18,"column":4},"end":{"line":23,"column":null}},"12":{"start":{"line":19,"column":23},"end":{"line":19,"column":null}},"13":{"start":{"line":20,"column":6},"end":{"line":20,"column":null}},"14":{"start":{"line":20,"column":29},"end":{"line":20,"column":74}},"15":{"start":{"line":22,"column":6},"end":{"line":22,"column":null}},"16":{"start":{"line":26,"column":2},"end":{"line":33,"column":null}}},"fnMap":{"0":{"name":"(anonymous_0)","decl":{"start":{"line":7,"column":21},"end":{"line":7,"column":22}},"loc":{"start":{"line":7,"column":35},"end":{"line":35,"column":null}},"line":7},"1":{"name":"(anonymous_1)","decl":{"start":{"line":12,"column":26},"end":{"line":12,"column":33}},"loc":{"start":{"line":12,"column":39},"end":{"line":24,"column":null}},"line":12},"2":{"name":"(anonymous_2)","decl":{"start":{"line":17,"column":19},"end":{"line":17,"column":27}},"loc":{"start":{"line":17,"column":27},"end":{"line":17,"column":49}},"line":17},"3":{"name":"(anonymous_3)","decl":{"start":{"line":20,"column":21},"end":{"line":20,"column":29}},"loc":{"start":{"line":20,"column":29},"end":{"line":20,"column":74}},"line":20}},"branchMap":{},"s":{"0":1,"1":12,"2":12,"3":12,"4":12,"5":0,"6":0,"7":0,"8":0,"9":0,"10":0,"11":0,"12":0,"13":0,"14":0,"15":0,"16":12},"f":{"0":12,"1":0,"2":0,"3":0},"b":{},"meta":{"lastBranch":0,"lastFunction":4,"lastStatement":17,"seen":{"s:7:21:35:Infinity":0,"f:7:21:7:22":0,"s:8:18:8:Infinity":1,"s:9:25:9:Infinity":2,"s:10:8:10:Infinity":3,"s:12:26:24:Infinity":4,"f:12:26:12:33":1,"s:13:4:13:Infinity":5,"s:14:19:14:Infinity":6,"s:15:4:15:Infinity":7,"s:16:24:16:Infinity":8,"s:17:4:17:Infinity":9,"f:17:19:17:27":2,"s:17:27:17:49":10,"s:18:4:23:Infinity":11,"s:19:23:19:Infinity":12,"s:20:6:20:Infinity":13,"f:20:21:20:29":3,"s:20:29:20:74":14,"s:22:6:22:Infinity":15,"s:26:2:33:Infinity":16}}}
,"E:\\election\\src\\components\\QuickPrompts.jsx": {"path":"E:\\election\\src\\components\\QuickPrompts.jsx","statementMap":{"0":{"start":{"line":4,"column":21},"end":{"line":28,"column":null}},"1":{"start":{"line":5,"column":23},"end":{"line":5,"column":null}},"2":{"start":{"line":6,"column":2},"end":{"line":6,"column":null}},"3":{"start":{"line":6,"column":53},"end":{"line":6,"column":null}},"4":{"start":{"line":8,"column":2},"end":{"line":26,"column":null}},"5":{"start":{"line":16,"column":10},"end":{"line":23,"column":null}},"6":{"start":{"line":18,"column":27},"end":{"line":18,"column":null}}},"fnMap":{"0":{"name":"(anonymous_0)","decl":{"start":{"line":4,"column":21},"end":{"line":4,"column":22}},"loc":{"start":{"line":4,"column":45},"end":{"line":28,"column":null}},"line":4},"1":{"name":"(anonymous_1)","decl":{"start":{"line":15,"column":41},"end":{"line":15,"column":42}},"loc":{"start":{"line":16,"column":10},"end":{"line":23,"column":null}},"line":16},"2":{"name":"(anonymous_2)","decl":{"start":{"line":18,"column":21},"end":{"line":18,"column":27}},"loc":{"start":{"line":18,"column":27},"end":{"line":18,"column":null}},"line":18}},"branchMap":{"0":{"loc":{"start":{"line":6,"column":2},"end":{"line":6,"column":null}},"type":"if","locations":[{"start":{"line":6,"column":2},"end":{"line":6,"column":null}},{"start":{},"end":{}}],"line":6},"1":{"loc":{"start":{"line":6,"column":6},"end":{"line":6,"column":53}},"type":"binary-expr","locations":[{"start":{"line":6,"column":6},"end":{"line":6,"column":23}},{"start":{"line":6,"column":23},"end":{"line":6,"column":53}}],"line":6}},"s":{"0":2,"1":3,"2":3,"3":2,"4":1,"5":2,"6":1},"f":{"0":3,"1":2,"2":1},"b":{"0":[2,1],"1":[3,1]},"meta":{"lastBranch":2,"lastFunction":3,"lastStatement":7,"seen":{"s:4:21:28:Infinity":0,"f:4:21:4:22":0,"s:5:23:5:Infinity":1,"b:6:2:6:Infinity:undefined:undefined:undefined:undefined":0,"s:6:2:6:Infinity":2,"b:6:6:6:23:6:23:6:53":1,"s:6:53:6:Infinity":3,"s:8:2:26:Infinity":4,"f:15:41:15:42":1,"s:16:10:23:Infinity":5,"f:18:21:18:27":2,"s:18:27:18:Infinity":6}}}
,"E:\\election\\src\\components\\VoterChecklist.jsx": {"path":"E:\\election\\src\\components\\VoterChecklist.jsx","statementMap":{"0":{"start":{"line":7,"column":29},"end":{"line":24,"column":null}},"1":{"start":{"line":26,"column":23},"end":{"line":147,"column":null}},"2":{"start":{"line":27,"column":50},"end":{"line":27,"column":null}},"3":{"start":{"line":28,"column":26},"end":{"line":28,"column":null}},"4":{"start":{"line":29,"column":16},"end":{"line":29,"column":null}},"5":{"start":{"line":30,"column":20},"end":{"line":30,"column":null}},"6":{"start":{"line":30,"column":41},"end":{"line":30,"column":59}},"7":{"start":{"line":31,"column":19},"end":{"line":31,"column":null}},"8":{"start":{"line":32,"column":46},"end":{"line":32,"column":null}},"9":{"start":{"line":34,"column":2},"end":{"line":47,"column":null}},"10":{"start":{"line":35,"column":4},"end":{"line":46,"column":null}},"11":{"start":{"line":36,"column":6},"end":{"line":42,"column":null}},"12":{"start":{"line":43,"column":6},"end":{"line":43,"column":null}},"13":{"start":{"line":44,"column":4},"end":{"line":46,"column":null}},"14":{"start":{"line":45,"column":6},"end":{"line":45,"column":null}},"15":{"start":{"line":49,"column":22},"end":{"line":58,"column":null}},"16":{"start":{"line":50,"column":27},"end":{"line":50,"column":null}},"17":{"start":{"line":50,"column":48},"end":{"line":50,"column":66}},"18":{"start":{"line":50,"column":77},"end":{"line":50,"column":92}},"19":{"start":{"line":51,"column":25},"end":{"line":51,"column":null}},"20":{"start":{"line":51,"column":46},"end":{"line":51,"column":65}},"21":{"start":{"line":51,"column":76},"end":{"line":51,"column":91}},"22":{"start":{"line":53,"column":17},"end":{"line":53,"column":null}},"23":{"start":{"line":55,"column":4},"end":{"line":55,"column":null}},"24":{"start":{"line":56,"column":4},"end":{"line":56,"column":null}},"25":{"start":{"line":57,"column":4},"end":{"line":57,"column":null}},"26":{"start":{"line":57,"column":21},"end":{"line":57,"column":39}},"27":{"start":{"line":60,"column":2},"end":{"line":145,"column":null}},"28":{"start":{"line":82,"column":25},"end":{"line":82,"column":null}},"29":{"start":{"line":83,"column":10},"end":{"line":100,"column":null}},"30":{"start":{"line":86,"column":29},"end":{"line":86,"column":null}}},"fnMap":{"0":{"name":"(anonymous_0)","decl":{"start":{"line":26,"column":23},"end":{"line":26,"column":29}},"loc":{"start":{"line":26,"column":29},"end":{"line":147,"column":null}},"line":26},"1":{"name":"(anonymous_1)","decl":{"start":{"line":30,"column":33},"end":{"line":30,"column":41}},"loc":{"start":{"line":30,"column":41},"end":{"line":30,"column":59}},"line":30},"2":{"name":"(anonymous_2)","decl":{"start":{"line":34,"column":12},"end":{"line":34,"column":18}},"loc":{"start":{"line":34,"column":18},"end":{"line":47,"column":5}},"line":34},"3":{"name":"(anonymous_3)","decl":{"start":{"line":49,"column":22},"end":{"line":49,"column":28}},"loc":{"start":{"line":49,"column":28},"end":{"line":58,"column":null}},"line":49},"4":{"name":"(anonymous_4)","decl":{"start":{"line":50,"column":40},"end":{"line":50,"column":48}},"loc":{"start":{"line":50,"column":48},"end":{"line":50,"column":66}},"line":50},"5":{"name":"(anonymous_5)","decl":{"start":{"line":50,"column":72},"end":{"line":50,"column":77}},"loc":{"start":{"line":50,"column":77},"end":{"line":50,"column":92}},"line":50},"6":{"name":"(anonymous_6)","decl":{"start":{"line":51,"column":38},"end":{"line":51,"column":46}},"loc":{"start":{"line":51,"column":46},"end":{"line":51,"column":65}},"line":51},"7":{"name":"(anonymous_7)","decl":{"start":{"line":51,"column":71},"end":{"line":51,"column":76}},"loc":{"start":{"line":51,"column":76},"end":{"line":51,"column":91}},"line":51},"8":{"name":"(anonymous_8)","decl":{"start":{"line":57,"column":15},"end":{"line":57,"column":21}},"loc":{"start":{"line":57,"column":21},"end":{"line":57,"column":39}},"line":57},"9":{"name":"(anonymous_9)","decl":{"start":{"line":81,"column":19},"end":{"line":81,"column":20}},"loc":{"start":{"line":81,"column":29},"end":{"line":102,"column":9}},"line":81},"10":{"name":"(anonymous_10)","decl":{"start":{"line":86,"column":23},"end":{"line":86,"column":29}},"loc":{"start":{"line":86,"column":29},"end":{"line":86,"column":null}},"line":86}},"branchMap":{"0":{"loc":{"start":{"line":29,"column":16},"end":{"line":29,"column":null}},"type":"binary-expr","locations":[{"start":{"line":29,"column":16},"end":{"line":29,"column":42}},{"start":{"line":29,"column":42},"end":{"line":29,"column":null}}],"line":29},"1":{"loc":{"start":{"line":31,"column":19},"end":{"line":31,"column":null}},"type":"cond-expr","locations":[{"start":{"line":31,"column":39},"end":{"line":31,"column":73}},{"start":{"line":31,"column":73},"end":{"line":31,"column":null}}],"line":31},"2":{"loc":{"start":{"line":35,"column":4},"end":{"line":46,"column":null}},"type":"if","locations":[{"start":{"line":35,"column":4},"end":{"line":46,"column":null}},{"start":{"line":44,"column":4},"end":{"line":46,"column":null}}],"line":35},"3":{"loc":{"start":{"line":35,"column":8},"end":{"line":35,"column":47}},"type":"binary-expr","locations":[{"start":{"line":35,"column":8},"end":{"line":35,"column":28}},{"start":{"line":35,"column":28},"end":{"line":35,"column":47}}],"line":35},"4":{"loc":{"start":{"line":44,"column":4},"end":{"line":46,"column":null}},"type":"if","locations":[{"start":{"line":44,"column":4},"end":{"line":46,"column":null}},{"start":{},"end":{}}],"line":44},"5":{"loc":{"start":{"line":88,"column":16},"end":{"line":90,"column":null}},"type":"cond-expr","locations":[{"start":{"line":89,"column":20},"end":{"line":89,"column":null}},{"start":{"line":90,"column":20},"end":{"line":90,"column":null}}],"line":88},"6":{"loc":{"start":{"line":94,"column":17},"end":{"line":96,"column":null}},"type":"cond-expr","locations":[{"start":{"line":95,"column":20},"end":{"line":95,"column":null}},{"start":{"line":96,"column":20},"end":{"line":96,"column":null}}],"line":94},"7":{"loc":{"start":{"line":111,"column":13},"end":{"line":130,"column":null}},"type":"cond-expr","locations":[{"start":{"line":112,"column":14},"end":{"line":120,"column":null}},{"start":{"line":122,"column":14},"end":{"line":130,"column":null}}],"line":111},"8":{"loc":{"start":{"line":135,"column":9},"end":{"line":142,"column":null}},"type":"binary-expr","locations":[{"start":{"line":135,"column":9},"end":{"line":135,"column":null}},{"start":{"line":136,"column":10},"end":{"line":142,"column":null}}],"line":135}},"s":{"0":3,"1":3,"2":6,"3":6,"4":6,"5":6,"6":36,"7":6,"8":6,"9":6,"10":4,"11":0,"12":0,"13":4,"14":4,"15":6,"16":1,"17":6,"18":1,"19":1,"20":6,"21":5,"22":1,"23":1,"24":1,"25":1,"26":0,"27":6,"28":36,"29":36,"30":1},"f":{"0":6,"1":36,"2":4,"3":1,"4":6,"5":1,"6":6,"7":5,"8":0,"9":36,"10":1},"b":{"0":[6,0],"1":[6,0],"2":[0,4],"3":[4,0],"4":[4,0],"5":[6,30],"6":[6,30],"7":[2,4],"8":[6,0]},"meta":{"lastBranch":9,"lastFunction":11,"lastStatement":31,"seen":{"s:7:29:24:Infinity":0,"s:26:23:147:Infinity":1,"f:26:23:26:29":0,"s:27:50:27:Infinity":2,"s:28:26:28:Infinity":3,"s:29:16:29:Infinity":4,"b:29:16:29:42:29:42:29:Infinity":0,"s:30:20:30:Infinity":5,"f:30:33:30:41":1,"s:30:41:30:59":6,"s:31:19:31:Infinity":7,"b:31:39:31:73:31:73:31:Infinity":1,"s:32:46:32:Infinity":8,"s:34:2:47:Infinity":9,"f:34:12:34:18":2,"b:35:4:46:Infinity:44:4:46:Infinity":2,"s:35:4:46:Infinity":10,"b:35:8:35:28:35:28:35:47":3,"s:36:6:42:Infinity":11,"s:43:6:43:Infinity":12,"b:44:4:46:Infinity:undefined:undefined:undefined:undefined":4,"s:44:4:46:Infinity":13,"s:45:6:45:Infinity":14,"s:49:22:58:Infinity":15,"f:49:22:49:28":3,"s:50:27:50:Infinity":16,"f:50:40:50:48":4,"s:50:48:50:66":17,"f:50:72:50:77":5,"s:50:77:50:92":18,"s:51:25:51:Infinity":19,"f:51:38:51:46":6,"s:51:46:51:65":20,"f:51:71:51:76":7,"s:51:76:51:91":21,"s:53:17:53:Infinity":22,"s:55:4:55:Infinity":23,"s:56:4:56:Infinity":24,"s:57:4:57:Infinity":25,"f:57:15:57:21":8,"s:57:21:57:39":26,"s:60:2:145:Infinity":27,"f:81:19:81:20":9,"s:82:25:82:Infinity":28,"s:83:10:100:Infinity":29,"f:86:23:86:29":10,"s:86:29:86:Infinity":30,"b:89:20:89:Infinity:90:20:90:Infinity":5,"b:95:20:95:Infinity:96:20:96:Infinity":6,"b:112:14:120:Infinity:122:14:130:Infinity":7,"b:135:9:135:Infinity:136:10:142:Infinity":8}}}
,"E:\\election\\src\\context\\ChatContext.jsx": {"path":"E:\\election\\src\\context\\ChatContext.jsx","statementMap":{"0":{"start":{"line":3,"column":6},"end":{"line":3,"column":null}},"1":{"start":{"line":5,"column":23},"end":{"line":5,"column":null}},"2":{"start":{"line":7,"column":28},"end":{"line":41,"column":null}},"3":{"start":{"line":8,"column":36},"end":{"line":11,"column":null}},"4":{"start":{"line":9,"column":18},"end":{"line":9,"column":null}},"5":{"start":{"line":10,"column":4},"end":{"line":10,"column":null}},"6":{"start":{"line":13,"column":32},"end":{"line":13,"column":null}},"7":{"start":{"line":14,"column":24},"end":{"line":14,"column":null}},"8":{"start":{"line":16,"column":2},"end":{"line":19,"column":null}},"9":{"start":{"line":17,"column":19},"end":{"line":17,"column":null}},"10":{"start":{"line":18,"column":4},"end":{"line":18,"column":null}},"11":{"start":{"line":21,"column":23},"end":{"line":24,"column":null}},"12":{"start":{"line":22,"column":4},"end":{"line":22,"column":null}},"13":{"start":{"line":23,"column":4},"end":{"line":23,"column":null}},"14":{"start":{"line":26,"column":16},"end":{"line":34,"column":null}},"15":{"start":{"line":36,"column":2},"end":{"line":39,"column":null}}},"fnMap":{"0":{"name":"(anonymous_0)","decl":{"start":{"line":5,"column":23},"end":{"line":5,"column":29}},"loc":{"start":{"line":5,"column":23},"end":{"line":5,"column":null}},"line":5},"1":{"name":"(anonymous_1)","decl":{"start":{"line":7,"column":28},"end":{"line":7,"column":29}},"loc":{"start":{"line":7,"column":46},"end":{"line":41,"column":null}},"line":7},"2":{"name":"(anonymous_2)","decl":{"start":{"line":8,"column":49},"end":{"line":8,"column":55}},"loc":{"start":{"line":8,"column":55},"end":{"line":11,"column":3}},"line":8},"3":{"name":"(anonymous_3)","decl":{"start":{"line":16,"column":12},"end":{"line":16,"column":18}},"loc":{"start":{"line":16,"column":18},"end":{"line":19,"column":5}},"line":16},"4":{"name":"(anonymous_4)","decl":{"start":{"line":21,"column":23},"end":{"line":21,"column":29}},"loc":{"start":{"line":21,"column":29},"end":{"line":24,"column":null}},"line":21}},"branchMap":{"0":{"loc":{"start":{"line":10,"column":11},"end":{"line":10,"column":null}},"type":"cond-expr","locations":[{"start":{"line":10,"column":19},"end":{"line":10,"column":39}},{"start":{"line":10,"column":39},"end":{"line":10,"column":null}}],"line":10}},"s":{"0":9,"1":14,"2":9,"3":24,"4":24,"5":24,"6":24,"7":24,"8":24,"9":24,"10":24,"11":24,"12":0,"13":0,"14":24,"15":24},"f":{"0":14,"1":24,"2":24,"3":24,"4":0},"b":{"0":[15,9]},"meta":{"lastBranch":1,"lastFunction":5,"lastStatement":16,"seen":{"s:3:6:3:Infinity":0,"s:5:23:5:Infinity":1,"f:5:23:5:29":0,"s:7:28:41:Infinity":2,"f:7:28:7:29":1,"s:8:36:11:Infinity":3,"f:8:49:8:55":2,"s:9:18:9:Infinity":4,"s:10:4:10:Infinity":5,"b:10:19:10:39:10:39:10:Infinity":0,"s:13:32:13:Infinity":6,"s:14:24:14:Infinity":7,"s:16:2:19:Infinity":8,"f:16:12:16:18":3,"s:17:19:17:Infinity":9,"s:18:4:18:Infinity":10,"s:21:23:24:Infinity":11,"f:21:23:21:29":4,"s:22:4:22:Infinity":12,"s:23:4:23:Infinity":13,"s:26:16:34:Infinity":14,"s:36:2:39:Infinity":15}}}
,"E:\\election\\src\\context\\ElectionContext.jsx": {"path":"E:\\election\\src\\context\\ElectionContext.jsx","statementMap":{"0":{"start":{"line":3,"column":6},"end":{"line":3,"column":null}},"1":{"start":{"line":5,"column":27},"end":{"line":5,"column":null}},"2":{"start":{"line":7,"column":32},"end":{"line":70,"column":null}},"3":{"start":{"line":8,"column":28},"end":{"line":8,"column":null}},"4":{"start":{"line":9,"column":36},"end":{"line":9,"column":null}},"5":{"start":{"line":10,"column":38},"end":{"line":10,"column":null}},"6":{"start":{"line":11,"column":22},"end":{"line":11,"column":null}},"7":{"start":{"line":11,"column":41},"end":{"line":11,"column":88}},"8":{"start":{"line":12,"column":38},"end":{"line":12,"column":null}},"9":{"start":{"line":13,"column":32},"end":{"line":16,"column":null}},"10":{"start":{"line":14,"column":18},"end":{"line":14,"column":null}},"11":{"start":{"line":15,"column":4},"end":{"line":15,"column":null}},"12":{"start":{"line":18,"column":2},"end":{"line":18,"column":null}},"13":{"start":{"line":18,"column":20},"end":{"line":18,"column":64}},"14":{"start":{"line":19,"column":2},"end":{"line":19,"column":null}},"15":{"start":{"line":19,"column":20},"end":{"line":19,"column":90}},"16":{"start":{"line":21,"column":30},"end":{"line":23,"column":null}},"17":{"start":{"line":22,"column":4},"end":{"line":22,"column":null}},"18":{"start":{"line":22,"column":26},"end":{"line":22,"column":55}},"19":{"start":{"line":25,"column":2},"end":{"line":42,"column":null}},"20":{"start":{"line":26,"column":21},"end":{"line":40,"column":null}},"21":{"start":{"line":27,"column":6},"end":{"line":39,"column":null}},"22":{"start":{"line":28,"column":25},"end":{"line":28,"column":null}},"23":{"start":{"line":29,"column":21},"end":{"line":29,"column":null}},"24":{"start":{"line":29,"column":53},"end":{"line":29,"column":null}},"25":{"start":{"line":30,"column":8},"end":{"line":30,"column":null}},"26":{"start":{"line":31,"column":8},"end":{"line":36,"column":null}},"27":{"start":{"line":32,"column":30},"end":{"line":32,"column":null}},"28":{"start":{"line":32,"column":60},"end":{"line":32,"column":81}},"29":{"start":{"line":33,"column":10},"end":{"line":35,"column":null}},"30":{"start":{"line":34,"column":12},"end":{"line":34,"column":null}},"31":{"start":{"line":38,"column":8},"end":{"line":38,"column":null}},"32":{"start":{"line":41,"column":4},"end":{"line":41,"column":null}},"33":{"start":{"line":44,"column":8},"end":{"line":53,"column":null}},"34":{"start":{"line":45,"column":4},"end":{"line":52,"column":null}},"35":{"start":{"line":47,"column":8},"end":{"line":47,"column":null}},"36":{"start":{"line":49,"column":8},"end":{"line":49,"column":null}},"37":{"start":{"line":51,"column":8},"end":{"line":51,"column":null}},"38":{"start":{"line":55,"column":16},"end":{"line":63,"column":null}},"39":{"start":{"line":65,"column":2},"end":{"line":68,"column":null}}},"fnMap":{"0":{"name":"(anonymous_0)","decl":{"start":{"line":5,"column":27},"end":{"line":5,"column":33}},"loc":{"start":{"line":5,"column":27},"end":{"line":5,"column":null}},"line":5},"1":{"name":"(anonymous_1)","decl":{"start":{"line":7,"column":32},"end":{"line":7,"column":33}},"loc":{"start":{"line":7,"column":50},"end":{"line":70,"column":null}},"line":7},"2":{"name":"(anonymous_2)","decl":{"start":{"line":11,"column":35},"end":{"line":11,"column":41}},"loc":{"start":{"line":11,"column":41},"end":{"line":11,"column":88}},"line":11},"3":{"name":"(anonymous_3)","decl":{"start":{"line":13,"column":45},"end":{"line":13,"column":51}},"loc":{"start":{"line":13,"column":51},"end":{"line":16,"column":3}},"line":13},"4":{"name":"(anonymous_4)","decl":{"start":{"line":18,"column":12},"end":{"line":18,"column":18}},"loc":{"start":{"line":18,"column":18},"end":{"line":18,"column":67}},"line":18},"5":{"name":"(anonymous_5)","decl":{"start":{"line":19,"column":12},"end":{"line":19,"column":18}},"loc":{"start":{"line":19,"column":18},"end":{"line":19,"column":93}},"line":19},"6":{"name":"(anonymous_6)","decl":{"start":{"line":21,"column":30},"end":{"line":21,"column":31}},"loc":{"start":{"line":21,"column":38},"end":{"line":23,"column":null}},"line":21},"7":{"name":"(anonymous_7)","decl":{"start":{"line":22,"column":17},"end":{"line":22,"column":26}},"loc":{"start":{"line":22,"column":26},"end":{"line":22,"column":55}},"line":22},"8":{"name":"(anonymous_8)","decl":{"start":{"line":25,"column":12},"end":{"line":25,"column":18}},"loc":{"start":{"line":25,"column":18},"end":{"line":42,"column":5}},"line":25},"9":{"name":"(anonymous_9)","decl":{"start":{"line":26,"column":21},"end":{"line":26,"column":33}},"loc":{"start":{"line":26,"column":33},"end":{"line":40,"column":null}},"line":26},"10":{"name":"(anonymous_10)","decl":{"start":{"line":29,"column":53},"end":{"line":29,"column":null}},"loc":{"start":{"line":29,"column":53},"end":{"line":29,"column":null}},"line":29},"11":{"name":"(anonymous_11)","decl":{"start":{"line":32,"column":55},"end":{"line":32,"column":60}},"loc":{"start":{"line":32,"column":60},"end":{"line":32,"column":81}},"line":32},"12":{"name":"(anonymous_12)","decl":{"start":{"line":44,"column":31},"end":{"line":44,"column":37}},"loc":{"start":{"line":44,"column":37},"end":{"line":53,"column":5}},"line":44}},"branchMap":{"0":{"loc":{"start":{"line":11,"column":41},"end":{"line":11,"column":88}},"type":"binary-expr","locations":[{"start":{"line":11,"column":41},"end":{"line":11,"column":81}},{"start":{"line":11,"column":81},"end":{"line":11,"column":88}}],"line":11},"1":{"loc":{"start":{"line":15,"column":11},"end":{"line":15,"column":null}},"type":"cond-expr","locations":[{"start":{"line":15,"column":19},"end":{"line":15,"column":39}},{"start":{"line":15,"column":39},"end":{"line":15,"column":null}}],"line":15},"2":{"loc":{"start":{"line":28,"column":25},"end":{"line":28,"column":null}},"type":"cond-expr","locations":[{"start":{"line":28,"column":47},"end":{"line":28,"column":72}},{"start":{"line":28,"column":72},"end":{"line":28,"column":null}}],"line":28},"3":{"loc":{"start":{"line":31,"column":8},"end":{"line":36,"column":null}},"type":"if","locations":[{"start":{"line":31,"column":8},"end":{"line":36,"column":null}},{"start":{},"end":{}}],"line":31},"4":{"loc":{"start":{"line":31,"column":12},"end":{"line":31,"column":67}},"type":"binary-expr","locations":[{"start":{"line":31,"column":12},"end":{"line":31,"column":35}},{"start":{"line":31,"column":35},"end":{"line":31,"column":67}}],"line":31},"5":{"loc":{"start":{"line":33,"column":10},"end":{"line":35,"column":null}},"type":"if","locations":[{"start":{"line":33,"column":10},"end":{"line":35,"column":null}},{"start":{},"end":{}}],"line":33},"6":{"loc":{"start":{"line":45,"column":4},"end":{"line":52,"column":null}},"type":"switch","locations":[{"start":{"line":46,"column":6},"end":{"line":47,"column":null}},{"start":{"line":48,"column":6},"end":{"line":49,"column":null}},{"start":{"line":50,"column":6},"end":{"line":51,"column":null}}],"line":45}},"s":{"0":10,"1":18,"2":10,"3":32,"4":32,"5":32,"6":32,"7":27,"8":32,"9":32,"10":27,"11":27,"12":32,"13":29,"14":32,"15":28,"16":32,"17":1,"18":1,"19":32,"20":29,"21":29,"22":29,"23":29,"24":1,"25":29,"26":29,"27":29,"28":33,"29":29,"30":0,"31":0,"32":29,"33":32,"34":29,"35":2,"36":27,"37":0,"38":32,"39":32},"f":{"0":18,"1":32,"2":27,"3":27,"4":29,"5":28,"6":1,"7":1,"8":29,"9":29,"10":29,"11":33,"12":29},"b":{"0":[27,12],"1":[15,12],"2":[28,1],"3":[29,0],"4":[29,29],"5":[0,29],"6":[2,27,0]},"meta":{"lastBranch":7,"lastFunction":13,"lastStatement":40,"seen":{"s:3:6:3:Infinity":0,"s:5:27:5:Infinity":1,"f:5:27:5:33":0,"s:7:32:70:Infinity":2,"f:7:32:7:33":1,"s:8:28:8:Infinity":3,"s:9:36:9:Infinity":4,"s:10:38:10:Infinity":5,"s:11:22:11:Infinity":6,"f:11:35:11:41":2,"s:11:41:11:88":7,"b:11:41:11:81:11:81:11:88":0,"s:12:38:12:Infinity":8,"s:13:32:16:Infinity":9,"f:13:45:13:51":3,"s:14:18:14:Infinity":10,"s:15:4:15:Infinity":11,"b:15:19:15:39:15:39:15:Infinity":1,"s:18:2:18:Infinity":12,"f:18:12:18:18":4,"s:18:20:18:64":13,"s:19:2:19:Infinity":14,"f:19:12:19:18":5,"s:19:20:19:90":15,"s:21:30:23:Infinity":16,"f:21:30:21:31":6,"s:22:4:22:Infinity":17,"f:22:17:22:26":7,"s:22:26:22:55":18,"s:25:2:42:Infinity":19,"f:25:12:25:18":8,"s:26:21:40:Infinity":20,"f:26:21:26:33":9,"s:27:6:39:Infinity":21,"s:28:25:28:Infinity":22,"b:28:47:28:72:28:72:28:Infinity":2,"s:29:21:29:Infinity":23,"f:29:53:29:Infinity":10,"s:29:53:29:Infinity":24,"s:30:8:30:Infinity":25,"b:31:8:36:Infinity:undefined:undefined:undefined:undefined":3,"s:31:8:36:Infinity":26,"b:31:12:31:35:31:35:31:67":4,"s:32:30:32:Infinity":27,"f:32:55:32:60":11,"s:32:60:32:81":28,"b:33:10:35:Infinity:undefined:undefined:undefined:undefined":5,"s:33:10:35:Infinity":29,"s:34:12:34:Infinity":30,"s:38:8:38:Infinity":31,"s:41:4:41:Infinity":32,"s:44:8:53:Infinity":33,"f:44:31:44:37":12,"b:46:6:47:Infinity:48:6:49:Infinity:50:6:51:Infinity":6,"s:45:4:52:Infinity":34,"s:47:8:47:Infinity":35,"s:49:8:49:Infinity":36,"s:51:8:51:Infinity":37,"s:55:16:63:Infinity":38,"s:65:2:68:Infinity":39}}}
,"E:\\election\\src\\data\\india_loksabha.json": {"path":"E:\\election\\src\\data\\india_loksabha.json","statementMap":{},"fnMap":{},"branchMap":{},"s":{},"f":{},"b":{},"meta":{"lastBranch":0,"lastFunction":0,"lastStatement":0,"seen":{}}}
,"E:\\election\\src\\data\\usa.json": {"path":"E:\\election\\src\\data\\usa.json","statementMap":{},"fnMap":{},"branchMap":{},"s":{},"f":{},"b":{},"meta":{"lastBranch":0,"lastFunction":0,"lastStatement":0,"seen":{}}}
,"E:\\election\\src\\pages\\Ask.jsx": {"path":"E:\\election\\src\\pages\\Ask.jsx","statementMap":{"0":{"start":{"line":11,"column":12},"end":{"line":100,"column":null}},"1":{"start":{"line":12,"column":49},"end":{"line":12,"column":null}},"2":{"start":{"line":13,"column":25},"end":{"line":13,"column":null}},"3":{"start":{"line":14,"column":38},"end":{"line":14,"column":null}},"4":{"start":{"line":16,"column":28},"end":{"line":36,"column":null}},"5":{"start":{"line":17,"column":4},"end":{"line":17,"column":null}},"6":{"start":{"line":17,"column":22},"end":{"line":17,"column":null}},"7":{"start":{"line":18,"column":4},"end":{"line":18,"column":null}},"8":{"start":{"line":18,"column":27},"end":{"line":18,"column":71}},"9":{"start":{"line":19,"column":4},"end":{"line":19,"column":null}},"10":{"start":{"line":20,"column":4},"end":{"line":35,"column":null}},"11":{"start":{"line":21,"column":20},"end":{"line":21,"column":null}},"12":{"start":{"line":22,"column":29},"end":{"line":22,"column":null}},"13":{"start":{"line":22,"column":47},"end":{"line":22,"column":62}},"14":{"start":{"line":22,"column":73},"end":{"line":22,"column":79}},"15":{"start":{"line":23,"column":29},"end":{"line":23,"column":null}},"16":{"start":{"line":23,"column":47},"end":{"line":23,"column":63}},"17":{"start":{"line":23,"column":74},"end":{"line":23,"column":80}},"18":{"start":{"line":25,"column":26},"end":{"line":28,"column":null}},"19":{"start":{"line":29,"column":23},"end":{"line":29,"column":null}},"20":{"start":{"line":30,"column":6},"end":{"line":30,"column":null}},"21":{"start":{"line":30,"column":29},"end":{"line":30,"column":74}},"22":{"start":{"line":32,"column":6},"end":{"line":32,"column":null}},"23":{"start":{"line":34,"column":6},"end":{"line":34,"column":null}},"24":{"start":{"line":38,"column":2},"end":{"line":98,"column":null}}},"fnMap":{"0":{"name":"(anonymous_0)","decl":{"start":{"line":11,"column":12},"end":{"line":11,"column":18}},"loc":{"start":{"line":11,"column":18},"end":{"line":100,"column":null}},"line":11},"1":{"name":"(anonymous_1)","decl":{"start":{"line":16,"column":28},"end":{"line":16,"column":35}},"loc":{"start":{"line":16,"column":46},"end":{"line":36,"column":null}},"line":16},"2":{"name":"(anonymous_2)","decl":{"start":{"line":18,"column":19},"end":{"line":18,"column":27}},"loc":{"start":{"line":18,"column":27},"end":{"line":18,"column":71}},"line":18},"3":{"name":"(anonymous_3)","decl":{"start":{"line":22,"column":42},"end":{"line":22,"column":47}},"loc":{"start":{"line":22,"column":47},"end":{"line":22,"column":62}},"line":22},"4":{"name":"(anonymous_4)","decl":{"start":{"line":22,"column":68},"end":{"line":22,"column":73}},"loc":{"start":{"line":22,"column":73},"end":{"line":22,"column":79}},"line":22},"5":{"name":"(anonymous_5)","decl":{"start":{"line":23,"column":42},"end":{"line":23,"column":47}},"loc":{"start":{"line":23,"column":47},"end":{"line":23,"column":63}},"line":23},"6":{"name":"(anonymous_6)","decl":{"start":{"line":23,"column":69},"end":{"line":23,"column":74}},"loc":{"start":{"line":23,"column":74},"end":{"line":23,"column":80}},"line":23},"7":{"name":"(anonymous_7)","decl":{"start":{"line":30,"column":21},"end":{"line":30,"column":29}},"lo
[...]
,"E:\\election\\src\\pages\\Glossary.jsx": {"path":"E:\\election\\src\\pages\\Glossary.jsx","statementMap":{"0":{"start":{"line":8,"column":21},"end":{"line":37,"column":null}},"1":{"start":{"line":9,"column":26},"end":{"line":9,"column":null}},"2":{"start":{"line":10,"column":2},"end":{"line":35,"column":null}},"3":{"start":{"line":13,"column":23},"end":{"line":13,"column":null}},"4":{"start":{"line":39,"column":17},"end":{"line":204,"column":null}},"5":{"start":{"line":40,"column":32},"end":{"line":40,"column":null}},"6":{"start":{"line":41,"column":26},"end":{"line":41,"column":null}},"7":{"start":{"line":42,"column":42},"end":{"line":42,"column":null}},"8":{"start":{"line":44,"column":2},"end":{"line":44,"column":null}},"9":{"start":{"line":44,"column":21},"end":{"line":44,"column":null}},"10":{"start":{"line":47,"column":8},"end":{"line":50,"column":null}},"11":{"start":{"line":48,"column":17},"end":{"line":48,"column":null}},"12":{"start":{"line":48,"column":59},"end":{"line":48,"column":72}},"13":{"start":{"line":49,"column":4},"end":{"line":49,"column":null}},"14":{"start":{"line":52,"column":27},"end":{"line":58,"column":null}},"15":{"start":{"line":54,"column":6},"end":{"line":55,"column":null}},"16":{"start":{"line":56,"column":28},"end":{"line":56,"column":null}},"17":{"start":{"line":57,"column":4},"end":{"line":57,"column":null}},"18":{"start":{"line":60,"column":8},"end":{"line":67,"column":null}},"19":{"start":{"line":61,"column":4},"end":{"line":66,"column":null}},"20":{"start":{"line":62,"column":21},"end":{"line":62,"column":null}},"21":{"start":{"line":63,"column":6},"end":{"line":63,"column":null}},"22":{"start":{"line":63,"column":24},"end":{"line":63,"column":null}},"23":{"start":{"line":64,"column":6},"end":{"line":64,"column":null}},"24":{"start":{"line":65,"column":6},"end":{"line":65,"column":null}},"25":{"start":{"line":69,"column":24},"end":{"line":69,"column":null}},"26":{"start":{"line":70,"column":19},"end":{"line":70,"column":null}},"27":{"start":{"line":72,"column":25},"end":{"line":77,"column":null}},"28":{"start":{"line":73,"column":15},"end":{"line":73,"column":null}},"29":{"start":{"line":74,"column":4},"end":{"line":76,"column":null}},"30":{"start":{"line":75,"column":6},"end":{"line":75,"column":null}},"31":{"start":{"line":79,"column":2},"end":{"line":202,"column":null}},"32":{"start":{"line":106,"column":31},"end":{"line":106,"column":null}},"33":{"start":{"line":115,"column":14},"end":{"line":125,"column":null}},"34":{"start":{"line":117,"column":31},"end":{"line":117,"column":null}},"35":{"start":{"line":140,"column":14},"end":{"line":157,"column":null}},"36":{"start":{"line":154,"column":20},"end":{"line":154,"column":null}},"37":{"start":{"line":164,"column":33},"end":{"line":164,"column":48}},"38":{"start":{"line":164,"column":48},"end":{"line":164,"column":74}},"39":{"start":{"line":179,"column":29},"end":{"line":179,"column":null}},"40":{"start":{"line":180,"column":12},"end":{"line":192,"column":null}},"41":{"start":{"line":183,"column":31},"end":{"line":183,"column":null}}},"fnMap":{"0":{"name":"(anonymous_0)","decl":{"start":{"line":8,"column":21},"end":{"line":8,"column":22}},"loc":{"start":{"line":8,"column":35},"end":{"line":37,"column":null}},"line":8},"1":{"name":"(anonymous_1)","decl":{"start":{"line":13,"column":16},"end":{"line":13,"column":17}},"loc":{"start":{"line":13,"column":23},"end":{"line":13,"column":null}},"line":13},"2":{"name":"(anonymous_2)","decl":{"start":{"line":39,"column":17},"end":{"line":39,"column":23}},"loc":{"start":{"line":39,"column":23},"end":{"line":204,"column":null}},"line":39},"3":{"name":"(anonymous_3)","decl":{"start":{"line":47,"column":29},"end":{"line":47,"column":35}},"loc":{"start":{"line":47,"column":35},"end":{"line":50,"column":5}},"line":47},"4":{"name":"(anonymous_4)","decl":{"start":{"line":48,"column":51},"end":{"line":48,"column":59}},"loc":{"start":{"line":48,"column":59},"end":{"line":48,"column":72}},"line":48},"5":{"name":"(anonymous_5)","decl":{"start":{"line":52,"column":56},"end":{"line":52,"column":64}},"loc":{"start":{"line":52,"column":64},"end":{"line":58,"column":3}},"line":52},"6":{"name":"(anonymous_6)","decl":{"start":{"line":60,"column":34},"end":{"line":60,"column":40}},"loc":{"start":{"line":60,"column":40},"end":{"line":67,"column":5}},"line":60},"7":{"name":"(anonymous_7)","decl":{"start":{"line":61,"column":35},"end":{"line":61,"column":36}},"loc":{"start":{"line":61,"column":50},"end":{"line":66,"column":7}},"line":61},"8":{"name":"(anonymous_8)","decl":{"start":{"line":72,"column":25},"end":{"line":72,"column":26}},"loc":{"start":{"line":72,"column":37},"end":{"line":77,"column":null}},"line":72},"9":{"name":"(anonymous_9)","decl":{"start":{"line":106,"column":24},"end":{"line":106,"column":25}},"loc":{"start":{"line":106,"column":31},"end":{"line":106,"column":null}},"line":106},"10":{"name":"(anonymous_10)","decl":{"start":{"line":114,"column":28},"end":{"line":114,"column":null}},"loc":{"start":{"line":115,"column":14},"end":{"line":125,"column":null}},"line":115},"11":{"name":"(anonymous_11)","decl":{"start":{"line":117,"column":25},"end":{"line":117,"column":31}},"loc":{"start":{"line":117,"column":31},"end":{"line":117,"column":null}},"line":117},"12":{"name":"(anonymous_12)","decl":{"start":{"line":139,"column":31},"end":{"line":139,"column":null}},"loc":{"start":{"line":140,"column":14},"end":{"line":157,"column":null}},"line":140},"13":{"name":"(anonymous_13)","decl":{"start":{"line":153,"column":47},"end":{"line":153,"column":48}},"loc":{"start":{"line":154,"column":20},"end":{"line":154,"column":null}},"line":154},"14":{"name":"(anonymous_14)","decl":{"start":{"line":164,"column":25},"end":{"line":164,"column":31}},"loc":{"start":{"line":164,"column":31},"end":{"line":164,"column":null}},"line":164},"15":{"name":"(anonymous_15)","decl":{"start":{"line":178,"column":24},"end":{"line":178,"column":34}},"loc":{"start":{"line":178,"column":34},"end":{"line":194,"column":11}},"line":178},"16":{"name":"(anonymous_16)","decl":{"start":{"line":183,"column":25},"end":{"line":183,"column":31}},"loc":{"start":{"line":183,"column":31},"end":{"line":183,"column":null}},"line":183}},"branchMap":{"0":{"loc":{"start":{"line":21,"column":11},"end":{"line":24,"column":null}},"type":"binary-expr","locations":[{"start":{"line":21,"column":11},"end":{"line":21,"column":null}},{"start":{"line":22,"column":12},"end":{"line":24,"column":null}}],"line":21},"1":{"loc":{"start":{"line":44,"column":2},"end":{"line":44,"column":null}},"type":"if","locations":[{"start":{"line":44,"column":2},"end":{"line":44,"column":null}},{"start":{},"end":{}}],"line":44},"2":{"loc":{"start":{"line":54,"column":6},"end":{"line":55,"column":null}},"type":"binary-expr","locations":[{"start":{"line":54,"column":6},"end":{"line":54,"column":null}},{"start":{"line":55,"column":6},"end":{"line":55,"column":null}}],"line":54},"3":{"loc":{"start":{"line":56,"column":28},"end":{"line":56,"column":null}},"type":"binary-expr","locations":[{"start":{"line":56,"column":28},"end":{"line":56,"column":56}},{"start":{"line":56,"column":56},"end":{"line":56,"column":null}}],"line":56},"4":{"loc":{"start":{"line":57,"column":11},"end":{"line":57,"column":null}},"type":"binary-expr","locations":[{"start":{"line":57,"column":11},"end":{"line":57,"column":28}},{"start":{"line":57,"column":28},"end":{"line":57,"column":null}}],"line":57},"5":{"loc":{"start":{"line":63,"column":6},"end":{"line":63,"column":null}},"type":"if","locations":[{"start":{"line":63,"column":6},"end":{"line":63,"column":null}},{"start":{},"end":{}}],"line":63},"6":{"loc":{"start":{"line":74,"column":4},"end":{"line":76,"column":null}},"type":"if","locations":[{"start":{"line":74,"column":4},"end":{"line":76,"column":null}},{"start":{},"end":{}}],"line":74},"7":{"loc":{"start":{"line":119,"column":18},"end":{"line":121,"column":null}},"type":"cond-expr","locations":[{"start":{"line":120,"column":22},"end":{"line":120,"column":null}},{"start":{"line":121,"column":22},"end":{"line":121,"column":null}}],"line":119},"8":{"loc":{"start":{"line":132,"column":37},"end":{"line":132,"column":null}},"type":"cond-expr","locations":[{"start":{"line":132,"column":69},"end":{"line":132,"column":78}},{"start":{"line":132,"column":78},"end":{"line":132,"column":null}}],"line":132},"9":{"loc":{"start":{"line":133,"column":11},"end":{"line":133,"column":null}},"type":"binary-expr","locations":[{"start":{"line":133,"column":11},"end":{"line":133,"column":39}},{"start":{"line":133,"column":39},"end":{"line":133,"column":null}}],"line":133},"10":{"loc":{"start":{"line":160,"column":11},"end":{"line":169,"column":null}},"type":"binary-expr","locations":[{"start":{"line":160,"column":11},"end":{"line":160,"column":null}},{"start":{"line":161,"column":12},"end":{"line":169,"column":null}}],"line":160},"11":{"loc":{"start":{"line":183,"column":31},"end":{"line":183,"column":null}},"type":"binary-expr","locations":[{"start":{"line":183,"column":31},"end":{"line":183,"column":43}},{"start":{"line":183,"column":43},"end":{"line":183,"column":null}}],"line":183},"12":{"loc":{"start":{"line":186,"column":18},"end":{"line":188,"column":null}},"type":"cond-expr","locations":[{"start":{"line":187,"column":22},"end":{"line":187,"column":null}},{"start":{"line":188,"column":22},"end":{"line":188,"column":null}}],"line":186}},"s":{"0":1,"1":12,"2":12,"3":0,"4":1,"5":5,"6":5,"7":5,"8":5,"9":0,"10":5,"11":3,"12":9,"13":3,"14":5,"15":15,"16":15,"17":15,"18":5,"19":5,"20":12,"21":12,"22":12,"23":12,"24":12,"25":5,"26":5,"27":5,"28":0,"29":0,"30":0,"31":5,"32":1,"33":15,"34":1,"35":12,"36":12,"37":0,"38":0,"39":130,"40":130,"41":0},"f":{"0":12,"1":0,"2":5,"3":3,"4":9,"5":15,"6":5,"7":12,"8":0,"9":1,"10":15,"11":1,"12":12,"13":12,"14":0,"15":130,"16":0},"b":{"0":[12,12],"1":[0,5],"2":[15,2],"3":[15,3],"4":[15,13],"5":[12,0],"6":[0,0],"7":[5,10],"8":[1,4],"9":[5,1],"10":[5,0],"11":[0,0],"12":[12,118]},"meta":{"lastBranch":13,"lastFunction":17,"lastStatement":42,"seen":{"s:8:21:37:Infinity":0,"f:8:21:8:22":0,"s:9:26:9:Infinity":1,"s:10:2:35:Infinity":2,"f:13:16:13:17":1,"s:13:23:13:Infinity":3,"b:21:11:21:Infinity:22:12:24:Infinity":0,"s:39:17:204:Infinity":4,"f:39:17:39:23":2,"s:40:32:40:Infinity":5,"s:41:26:41:Infinity":6,"s:42:42:42:Infinity":7,"b:44:2:44:Infinity:undefined:undefined:undefined:undefined":1,"s:44:2:44:Infinity":8,"s:44:21:44:Infinity":9,"s:47:8:50:Infinity":10,"f:47:29:47:35":3,"s:48:17:48:Infinity":11,"f:48:51:48:59":4,"s:48:59:48:72":12,"s:49:4:49:Infinity":13,"s:52:27:58:Infinity":14,"f:52:56:52:64":5,"s:54:6:55:Infinity":15,"b:54:6:54:Infinity:55:6:55:Infinity":2,"s:56:28:56:Infinity":16,"b:56:28:56:56:56:56:56:Infinity":3,"s:57:4:57:Infinity":17,"b:57:11:57:28:57:28:57:Infinity":4,"s:60:8:67:Infinity":18,"f:60:34:60:40":6,"s:61:4:66:Infinity":19,"f:61:35:61:36":7,"s:62:21:62:Infinity":20,"b:63:6:63:Infinity:undefined:undefined:undefined:undefined":5,"s:63:6:63:Infinity":21,"s:63:24:63:Infinity":22,"s:64:6:64:Infinity":23,"s:65:6:65:Infinity":24,"s:69:24:69:Infinity":25,"s:70:19:70:Infinity":26,"s:72:25:77:Infinity":27,"f:72:25:72:26":8,"s:73:15:73:Infinity":28,"b:74:4:76:Infinity:undefined:undefined:undefined:undefined":6,"s:74:4:76:Infinity":29,"s:75:6:75:Infinity":30,"s:79:2:202:Infinity":31,"f:106:24:106:25":9,"s:106:31:106:Infinity":32,"f:114:28:114:Infinity":10,"s:115:14:125:Infinity":33,"f:117:25:117:31":11,"s:117:31:117:Infinity":34,"b:120:22:120:Infinity:121:22:121:Infinity":7,"b:132:69:132:78:132:78:132:Infinity":8,"b:133:11:133:39:133:39:133:Infinity":9,"f:139:31:139:Infinity":12,"s:140:14:157:Infinity":35,"f:153:47:153:48":13,"s:154:20:154:Infinity":36,"b:160:11:160:Infinity:161:12:169:Infinity":10,"f:164:25:164:31":14,"s:164:33:164:48":37,"s:164:48:164:74":38,"f:178:24:178:34":15,"s:179:29:179:Infinity":39,"s:180:12:192:Infinity":40,"f:183:25:183:31":16,"s:183:31:183:Infinity":41,"b:183:31:183:43:183:43:183:Infinity":11,"b:187:22:187:Infinity:188:22:188:Infinity":12}}}
,"E:\\election\\src\\pages\\Home.jsx": {"path":"E:\\election\\src\\pages\\Home.jsx","statementMap":{"0":{"start":{"line":10,"column":13},"end":{"line":204,"column":null}},"1":{"start":{"line":11,"column":61},"end":{"line":11,"column":null}},"2":{"start":{"line":13,"column":2},"end":{"line":202,"column":null}},"3":{"start":{"line":96,"column":14},"end":{"line":99,"column":null}},"4":{"start":{"line":116,"column":14},"end":{"line":128,"column":null}},"5":{"start":{"line":118,"column":31},"end":{"line":118,"column":null}},"6":{"start":{"line":164,"column":78},"end":{"line":164,"column":99}},"7":{"start":{"line":165,"column":128},"end":{"line":165,"column":149}},"8":{"start":{"line":170,"column":99},"end":{"line":170,"column":120}}},"fnMap":{"0":{"name":"(anonymous_0)","decl":{"start":{"line":10,"column":13},"end":{"line":10,"column":19}},"loc":{"start":{"line":10,"column":19},"end":{"line":204,"column":null}},"line":10},"1":{"name":"(anonymous_1)","decl":{"start":{"line":95,"column":18},"end":{"line":95,"column":19}},"loc":{"start":{"line":96,"column":14},"end":{"line":99,"column":null}},"line":96},"2":{"name":"(anonymous_2)","decl":{"start":{"line":115,"column":18},"end":{"line":115,"column":19}},"loc":{"start":{"line":116,"column":14},"end":{"line":128,"column":null}},"line":116},"3":{"name":"(anonymous_3)","decl":{"start":{"line":118,"column":25},"end":{"line":118,"column":31}},"loc":{"start":{"line":118,"column":31},"end":{"line":118,"column":null}},"line":118},"4":{"name":"(anonymous_4)","decl":{"start":{"line":164,"column":73},"end":{"line":164,"column":78}},"loc":{"start":{"line":164,"column":78},"end":{"line":164,"column":99}},"line":164},"5":{"name":"(anonymous_5)","decl":{"start":{"line":165,"column":123},"end":{"line":165,"column":128}},"loc":{"start":{"line":165,"column":128},"end":{"line":165,"column":149}},"line":165},"6":{"name":"(anonymous_6)","decl":{"start":{"line":170,"column":94},"end":{"line":170,"column":99}},"loc":{"start":{"line":170,"column":99},"end":{"line":170,"column":120}},"line":170}},"branchMap":{"0":{"loc":{"start":{"line":120,"column":18},"end":{"line":122,"column":null}},"type":"cond-expr","locations":[{"start":{"line":121,"column":22},"end":{"line":121,"column":null}},{"start":{"line":122,"column":22},"end":{"line":122,"column":null}}],"line":120},"1":{"loc":{"start":{"line":125,"column":51},"end":{"line":125,"column":107}},"type":"cond-expr","locations":[{"start":{"line":125,"column":67},"end":{"line":125,"column":90}},{"start":{"line":125,"column":90},"end":{"line":125,"column":107}}],"line":125},"2":{"loc":{"start":{"line":146,"column":17},"end":{"line":146,"column":null}},"type":"cond-expr","locations":[{"start":{"line":146,"column":40},"end":{"line":146,"column":62}},{"start":{"line":146,"column":62},"end":{"line":146,"column":null}}],"line":146},"3":{"loc":{"start":{"line":153,"column":103},"end":{"line":153,"column":139}},"type":"binary-expr","locations":[{"start":{"line":153,"column":103},"end":{"line":153,"column":135}},{"start":{"line":153,"column":135},"end":{"line":153,"column":139}}],"line":153},"4":{"loc":{"start":{"line":158,"column":64},"end":{"line":158,"column":145}},"type":"cond-expr","locations":[{"start":{"line":158,"column":91},"end":{"line":158,"column":141}},{"start":{"line":158,"column":141},"end":{"line":158,"column":145}}],"line":158},"5":{"loc":{"start":{"line":164,"column":46},"end":{"line":164,"column":127}},"type":"binary-expr","locations":[{"start":{"line":164,"column":46},"end":{"line":164,"column":111}},{"start":{"line":164,"column":111},"end":{"line":164,"column":127}}],"line":164},"6":{"loc":{"start":{"line":165,"column":54},"end":{"line":165,"column":202}},"type":"cond-expr","locations":[{"start":{"line":165,"column":77},"end":{"line":165,"column":198}},{"start":{"line":165,"column":198},"end":{"line":165,"column":202}}],"line":165},"7":{"loc":{"start":{"line":170,"column":36},"end":{"line":170,"column":173}},"type":"cond-expr","locations":[{"start":{"line":170,"column":59},"end":{"line":170,"column":168}},{"start":{"line":170,"column":168},"end":{"line":170,"column":173}}],"line":170},"8":{"loc":{"start":{"line":192,"column":19},"end":{"line":194,"column":null}},"type":"cond-expr","locations":[{"start":{"line":193,"column":22},"end":{"line":193,"column":null}},{"start":{"line":194,"column":22},"end":{"line":194,"column":null}}],"line":192}},"s":{"0":1,"1":2,"2":2,"3":6,"4":4,"5":1,"6":1,"7":1,"8":1},"f":{"0":2,"1":6,"2":4,"3":1,"4":1,"5":1,"6":1},"b":{"0":[2,2],"1":[2,2],"2":[0,2],"3":[2,1],"4":[0,2],"5":[2,2],"6":[1,1],"7":[1,1],"8":[0,2]},"meta":{"lastBranch":9,"lastFunction":7,"lastStatement":9,"seen":{"s:10:13:204:Infinity":0,"f:10:13:10:19":0,"s:11:61:11:Infinity":1,"s:13:2:202:Infinity":2,"f:95:18:95:19":1,"s:96:14:99:Infinity":3,"f:115:18:115:19":2,"s:116:14:128:Infinity":4,"f:118:25:118:31":3,"s:118:31:118:Infinity":5,"b:121:22:121:Infinity:122:22:122:Infinity":0,"b:125:67:125:90:125:90:125:107":1,"b:146:40:146:62:146:62:146:Infinity":2,"b:153:103:153:135:153:135:153:139":3,"b:158:91:158:141:158:141:158:145":4,"b:164:46:164:111:164:111:164:127":5,"f:164:73:164:78":4,"s:164:78:164:99":6,"b:165:77:165:198:165:198:165:202":6,"f:165:123:165:128":5,"s:165:128:165:149":7,"b:170:59:170:168:170:168:170:173":7,"f:170:94:170:99":6,"s:170:99:170:120":8,"b:193:22:193:Infinity:194:22:194:Infinity":8}}}
,"E:\\election\\src\\tests\\test-utils.jsx": {"path":"E:\\election\\src\\tests\\test-utils.jsx","statementMap":{"0":{"start":{"line":25,"column":0},"end":{"line":25,"column":null}},"1":{"start":{"line":8,"column":24},"end":{"line":20,"column":null}},"2":{"start":{"line":9,"column":2},"end":{"line":18,"column":null}},"3":{"start":{"line":22,"column":21},"end":{"line":23,"column":null}},"4":{"start":{"line":22,"column":26},"end":{"line":23,"column":null}}},"fnMap":{"0":{"name":"(anonymous_0)","decl":{"start":{"line":8,"column":24},"end":{"line":8,"column":25}},"loc":{"start":{"line":8,"column":42},"end":{"line":20,"column":null}},"line":8},"1":{"name":"(anonymous_1)","decl":{"start":{"line":22,"column":21},"end":{"line":22,"column":22}},"loc":{"start":{"line":22,"column":26},"end":{"line":23,"column":null}},"line":22}},"branchMap":{},"s":{"0":9,"1":9,"2":24,"3":9,"4":24},"f":{"0":24,"1":24},"b":{},"meta":{"lastBranch":0,"lastFunction":2,"lastStatement":5,"seen":{"s:25:0:25:Infinity":0,"s:8:24:20:Infinity":1,"f:8:24:8:25":0,"s:9:2:18:Infinity":2,"s:22:21:23:Infinity":3,"f:22:21:22:22":1,"s:22:26:23:Infinity":4}}}
}
