{"E:\\election\\src\\api\\gemini.js": {"path":"E:\\election\\src\\api\\gemini.js","statementMap":{"0":{"start":{"line":11,"column":25},"end":{"line":23,"column":1}},"1":{"start":{"line":12,"column":2},"end":{"line":22,"column":null}},"2":{"start":{"line":13,"column":21},"end":{"line":17,"column":6}},"3":{"start":{"line":18,"column":4},"end":{"line":18,"column":null}},"4":{"start":{"line":20,"column":4},"end":{"line":20,"column":null}},"5":{"start":{"line":21,"column":4},"end":{"line":21,"column":null}}},"fnMap":{"0":{"name":"(anonymous_0)","decl":{"start":{"line":11,"column":25},"end":{"line":11,"column":30}},"loc":{"start":{"line":11,"column":66},"end":{"line":23,"column":1}},"line":11}},"branchMap":{"0":{"loc":{"start":{"line":11,"column":49},"end":{"line":11,"column":61}},"type":"default-arg","locations":[{"start":{"line":11,"column":59},"end":{"line":11,"column":61}}],"line":11}},"s":{"0":4,"1":1,"2":1,"3":0,"4":1,"5":1},"f":{"0":1},"b":{"0":[1]},"meta":{"lastBranch":1,"lastFunction":1,"lastStatement":6,"seen":{"s:11:25:23:1":0,"f:11:25:11:30":0,"b:11:59:11:61":0,"s:12:2:22:Infinity":1,"s:13:21:17:6":2,"s:18:4:18:Infinity":3,"s:20:4:20:Infinity":4,"s:21:4:21:Infinity":5}}}
,"E:\\election\\src\\components\\AuthModal.jsx": {"path":"E:\\election\\src\\components\\AuthModal.jsx","statementMap":{"0":{"start":{"line":6,"column":18},"end":{"line":153,"column":null}},"1":{"start":{"line":7,"column":49},"end":{"line":7,"column":null}},"2":{"start":{"line":8,"column":28},"end":{"line":8,"column":null}},"3":{"start":{"line":9,"column":24},"end":{"line":9,"column":null}},"4":{"start":{"line":10,"column":30},"end":{"line":10,"column":null}},"5":{"start":{"line":11,"column":32},"end":{"line":11,"column":null}},"6":{"start":{"line":12,"column":24},"end":{"line":12,"column":null}},"7":{"start":{"line":14,"column":2},"end":{"line":14,"column":null}},"8":{"start":{"line":14,"column":24},"end":{"line":14,"column":null}},"9":{"start":{"line":16,"column":23},"end":{"line":36,"column":null}},"10":{"start":{"line":17,"column":4},"end":{"line":17,"column":null}},"11":{"start":{"line":18,"column":4},"end":{"line":21,"column":null}},"12":{"start":{"line":19,"column":6},"end":{"line":19,"column":null}},"13":{"start":{"line":20,"column":6},"end":{"line":20,"column":null}},"14":{"start":{"line":23,"column":4},"end":{"line":23,"column":null}},"15":{"start":{"line":24,"column":4},"end":{"line":24,"column":null}},"16":{"start":{"line":26,"column":4},"end":{"line":35,"column":null}},"17":{"start":{"line":27,"column":6},"end":{"line":27,"column":null}},"18":{"start":{"line":28,"column":6},"end":{"line":28,"column":null}},"19":{"start":{"line":29,"column":6},"end":{"line":29,"column":null}},"20":{"start":{"line":30,"column":6},"end":{"line":30,"column":null}},"21":{"start":{"line":32,"column":6},"end":{"line":32,"column":null}},"22":{"start":{"line":34,"column":6},"end":{"line":34,"column":null}},"23":{"start":{"line":38,"column":2},"end":{"line":151,"column":null}},"24":{"start":{"line":92,"column":37},"end":{"line":92,"column":null}},"25":{"start":{"line":108,"column":37},"end":{"line":108,"column":null}},"26":{"start":{"line":133,"column":31},"end":{"line":133,"column":null}}},"fnMap":{"0":{"name":"(anonymous_0)","decl":{"start":{"line":6,"column":18},"end":{"line":6,"column":24}},"loc":{"start":{"line":6,"column":24},"end":{"line":153,"column":null}},"line":6},"1":{"name":"(anonymous_1)","decl":{"start":{"line":16,"column":23},"end":{"line":16,"column":30}},"loc":{"start":{"line":16,"column":36},"end":{"line":36,"column":null}},"line":16},"2":{"name":"(anonymous_2)","decl":{"start":{"line":92,"column":30},"end":{"line":92,"column":31}},"loc":{"start":{"line":92,"column":37},"end":{"line":92,"column":null}},"line":92},"3":{"name":"(anonymous_3)","decl":{"start":{"line":108,"column":30},"end":{"line":108,"column":31}},"loc":{"start":{"line":108,"column":37},"end":{"line":108,"column":null}},"line":108},"4":{"name":"(anonymous_4)","decl":{"start":{"line":133,"column":25},"end":{"line":133,"column":31}},"loc":{"start":{"line":133,"column":31},"end":{"line":133,"column":null}},"line":133}},"branchMap":{"0":{"loc":{"start":{"line":14,"column":2},"end":{"line":14,"column":null}},"type":"if","locations":[{"start":{"line":14,"column":2},"end":{"line":14,"column":null}},{"start":{},"end":{}}],"line":14},"1":{"loc":{"start":{"line":18,"column":4},"end":{"line":21,"column":null}},"type":"if","locations":[{"start":{"line":18,"column":4},"end":{"line":21,"column":null}},{"start":{},"end":{}}],"line":18},"2":{"loc":{"start":{"line":18,"column":8},"end":{"line":18,"column":29}},"type":"binary-expr","locations":[{"start":{"line":18,"column":8},"end":{"line":18,"column":18}},{"start":{"line":18,"column":18},"end":{"line":18,"column":29}}],"line":18},"3":{"loc":{"start":{"line":68,"column":15},"end":{"line":68,"column":null}},"type":"cond-expr","locations":[{"start":{"line":68,"column":25},"end":{"line":68,"column":42}},{"start":{"line":68,"column":42},"end":{"line":68,"column":null}}],"line":68},"4":{"loc":{"start":{"line":71,"column":15},"end":{"line":73,"column":null}},"type":"cond-expr","locations":[{"start":{"line":72,"column":18},"end":{"line":72,"column":null}},{"start":{"line":73,"column":18},"end":{"line":73,"column":null}}],"line":71},"5":{"loc":{"start":{"line":77,"column":15},"end":{"line":80,"column":null}},"type":"binary-expr","locations":[{"start":{"line":77,"column":15},"end":{"line":77,"column":null}},{"start":{"line":78,"column":16},"end":{"line":80,"column":null}}],"line":77},"6":{"loc":{"start":{"line":120,"column":17},"end":{"line":126,"column":null}},"type":"cond-expr","locations":[{"start":{"line":121,"column":18},"end":{"line":121,"column":null}},{"start":{"line":123,"column":18},"end":{"line":126,"column":null}}],"line":120},"7":{"loc":{"start":{"line":124,"column":21},"end":{"line":124,"column":null}},"type":"cond-expr","locations":[{"start":{"line":124,"column":31},"end":{"line":124,"column":43}},{"start":{"line":124,"column":43},"end":{"line":124,"column":null}}],"line":124},"8":{"loc":{"start":{"line":136,"column":17},"end":{"line":138,"column":null}},"type":"cond-expr","locations":[{"start":{"line":137,"column":20},"end":{"line":137,"column":null}},{"start":{"line":138,"column":20},"end":{"line":138,"column":null}}],"line":136}},"s":{"0":1,"1":2,"2":2,"3":2,"4":2,"5":2,"6":2,"7":2,"8":0,"9":2,"10":0,"11":0,"12":0,"13":0,"14":0,"15":0,"16":0,"17":0,"18":0,"19":0,"20":0,"21":0,"22":0,"23":2,"24":0,"25":0,"26":1},"f":{"0":2,"1":0,"2":0,"3":0,"4":1},"b":{"0":[0,2],"1":[0,0],"2":[0,0],"3":[1,1],"4":[1,1],"5":[2,0],"6":[0,2],"7":[1,1],"8":[1,1]},"meta":{"lastBranch":9,"lastFunction":5,"lastStatement":27,"seen":{"s:6:18:153:Infinity":0,"f:6:18:6:24":0,"s:7:49:7:Infinity":1,"s:8:28:8:Infinity":2,"s:9:24:9:Infinity":3,"s:10:30:10:Infinity":4,"s:11:32:11:Infinity":5,"s:12:24:12:Infinity":6,"b:14:2:14:Infinity:undefined:undefined:undefined:undefined":0,"s:14:2:14:Infinity":7,"s:14:24:14:Infinity":8,"s:16:23:36:Infinity":9,"f:16:23:16:30":1,"s:17:4:17:Infinity":10,"b:18:4:21:Infinity:undefined:undefined:undefined:undefined":1,"s:18:4:21:Infinity":11,"b:18:8:18:18:18:18:18:29":2,"s:19:6:19:Infinity":12,"s:20:6:20:Infinity":13,"s:23:4:23:Infinity":14,"s:24:4:24:Infinity":15,"s:26:4:35:Infinity":16,"s:27:6:27:Infinity":17,"s:28:6:28:Infinity":18,"s:29:6:29:Infinity":19,"s:30:6:30:Infinity":20,"s:32:6:32:Infinity":21,"s:34:6:34:Infinity":22,"s:38:2:151:Infinity":23,"b:68:25:68:42:68:42:68:Infinity":3,"b:72:18:72:Infinity:73:18:73:Infinity":4,"b:77:15:77:Infinity:78:16:80:Infinity":5,"f:92:30:92:31":2,"s:92:37:92:Infinity":24,"f:108:30:108:31":3,"s:108:37:108:Infinity":25,"b:121:18:121:Infinity:123:18:126:Infinity":6,"b:124:31:124:43:124:43:124:Infinity":7,"f:133:25:133:31":4,"s:133:31:133:Infinity":26,"b:137:20:137:Infinity:138:20:138:Infinity":8}}}
,"E:\\election\\src\\components\\ChatAssistant.jsx": {"path":"E:\\election\\src\\components\\ChatAssistant.jsx","statementMap":{"0":{"start":{"line":29,"column":22},"end":{"line":499,"column":null}},"1":{"start":{"line":30,"column":49},"end":{"line":30,"column":null}},"2":{"start":{"line":39,"column":2},"end":{"line":39,"column":null}},"3":{"start":{"line":41,"column":24},"end":{"line":41,"column":null}},"4":{"start":{"line":42,"column":40},"end":{"line":42,"column":null}},"5":{"start":{"line":43,"column":30},"end":{"line":43,"column":null}},"6":{"start":{"line":44,"column":40},"end":{"line":44,"column":null}},"7":{"start":{"line":45,"column":8},"end":{"line":45,"column":null}},"8":{"start":{"line":46,"column":8},"end":{"line":46,"column":null}},"9":{"start":{"line":48,"column":25},"end":{"line":63,"column":null}},"10":{"start":{"line":49,"column":4},"end":{"line":62,"column":null}},"11":{"start":{"line":53,"column":6},"end":{"line":53,"column":null}},"12":{"start":{"line":54,"column":4},"end":{"line":62,"column":null}},"13":{"start":{"line":58,"column":6},"end":{"line":61,"column":null}},"14":{"start":{"line":65,"column":2},"end":{"line":67,"column":null}},"15":{"start":{"line":66,"column":4},"end":{"line":66,"column":null}},"16":{"start":{"line":70,"column":2},"end":{"line":76,"column":null}},"17":{"start":{"line":71,"column":4},"end":{"line":75,"column":null}},"18":{"start":{"line":72,"column":6},"end":{"line":74,"column":null}},"19":{"start":{"line":73,"column":8},"end":{"line":73,"column":null}},"20":{"start":{"line":78,"column":8},"end":{"line":92,"column":null}},"21":{"start":{"line":79,"column":4},"end":{"line":79,"column":null}},"22":{"start":{"line":80,"column":4},"end":{"line":80,"column":null}},"23":{"start":{"line":81,"column":12},"end":{"line":81,"column":null}},"24":{"start":{"line":82,"column":21},"end":{"line":90,"column":null}},"25":{"start":{"line":83,"column":6},"end":{"line":83,"column":null}},"26":{"start":{"line":84,"column":6},"end":{"line":84,"column":null}},"27":{"start":{"line":85,"column":6},"end":{"line":89,"column":null}},"28":{"start":{"line":86,"column":8},"end":{"line":86,"column":null}},"29":{"start":{"line":87,"column":8},"end":{"line":87,"column":null}},"30":{"start":{"line":88,"column":8},"end":{"line":88,"column":null}},"31":{"start":{"line":91,"column":4},"end":{"line":91,"column":null}},"32":{"start":{"line":91,"column":17},"end":{"line":91,"column":null}},"33":{"start":{"line":94,"column":23},"end":{"line":163,"column":null}},"34":{"start":{"line":95,"column":4},"end":{"line":95,"column":null}},"35":{"start":{"line":95,"column":11},"end":{"line":95,"column":null}},"36":{"start":{"line":96,"column":23},"end":{"line":96,"column":null}},"37":{"start":{"line":97,"column":4},"end":{"line":97,"column":null}},"38":{"start":{"line":97,"column":34},"end":{"line":97,"column":null}},"39":{"start":{"line":99,"column":24},"end":{"line":99,"column":null}},"40":{"start":{"line":100,"column":4},"end":{"line":100,"column":null}},"41":{"start":{"line":100,"column":29},"end":{"line":100,"column":51}},"42":{"start":{"line":101,"column":4},"end":{"line":101,"column":null}},"43":{"start":{"line":102,"column":4},"end":{"line":102,"column":null}},"44":{"start":{"line":103,"column":4},"end":{"line":103,"column":null}},"45":{"start":{"line":105,"column":4},"end":{"line":162,"column":null}},"46":{"start":{"line":106,"column":20},"end":{"line":106,"column":null}},"47":{"start":{"line":107,"column":29},"end":{"line":109,"column":null}},"48":{"start":{"line":108,"column":23},"end":{"line":108,"column":38}},"49":{"start":{"line":109,"column":20},"end":{"line":109,"column":26}},"50":{"start":{"line":110,"column":29},"end":{"line":112,"column":null}},"51":{"start":{"line":111,"column":23},"end":{"line":111,"column":39}},"52":{"start":{"line":112,"column":20},"end":{"line":112,"column":26}},"53":{"start":{"line":114,"column":26},"end":{"line":119,"column":null}},"54":{"start":{"line":121,"column":20},"end":{"line":121,"column":null}},"55":{"start":{"line":122,"column":6},"end":{"line":122,"column":null}},"56":{"start":{"line":122,"column":17},"end":{"line":122,"column":null}},"57":{"start":{"line":124,"column":6},"end":{"line":130,"column":null}},"58":{"start":{"line":125,"column":8},"end":{"line":129,"column":null}},"59":{"start":{"line":132,"column":23},"end":{"line":132,"column":null}},"60":{"start":{"line":134,"column":6},"end":{"line":134,"column":null}},"61":{"start":{"line":134,"column":17},"end":{"line":134,"column":null}},"62":{"start":{"line":136,"column":6},"end":{"line":145,"column":null}},"63":{"start":{"line":137,"column":8},"end":{"line":144,"column":null}},"64":{"start":{"line":137,"column":33},"end":{"line":144,"column":9}},"65":{"start":{"line":147,"column":18},"end":{"line":147,"column":null}},"66":{"start":{"line":148,"column":6},"end":{"line":158,"column":null}},"67":{"start":{"line":153,"column":8},"end":{"line":153,"column":null}},"68":{"start":{"line":154,"column":6},"end":{"line":158,"column":null}},"69":{"start":{"line":155,"column":8},"end":{"line":155,"column":null}},"70":{"start":{"line":157,"column":8},"end":{"line":157,"column":null}},"71":{"start":{"line":159,"column":6},"end":{"line":159,"column":null}},"72":{"start":{"line":161,"column":6},"end":{"line":161,"column":null}},"73":{"start":{"line":165,"column":21},"end":{"line":168,"column":null}},"74":{"start":{"line":166,"column":23},"end":{"line":166,"column":null}},"75":{"start":{"line":167,"column":4},"end":{"line":167,"column":null}},"76":{"start":{"line":170,"column":23},"end":{"line":185,"column":null}},"77":{"start":{"line":171,"column":4},"end":{"line":175,"column":null}},"78":{"start":{"line":172,"column":6},"end":{"line":172,"column":null}},"79":{"start":{"line":173,"column":6},"end":{"line":173,"column":null}},"80":{"start":{"line":174,"column":6},"end":{"line":174,"column":null}},"81":{"start":{"line":177,"column":4},"end":{"line":177,"column":null}},"82":{"start":{"line":178,"column":22},"end":{"line":178,"column":null}},"83":{"start":{"line":180,"column":4},"end":{"line":180,"column":null}},"84":{"start":{"line":180,"column":28},"end":{"line":180,"column":null}},"85":{"start":{"line":181,"column":4},"end":{"line":181,"column":null}},"86":{"start":{"line":181,"column":30},"end":{"line":181,"column":null}},"87":{"start":{"line":183,"column":4},"end":{"line":183,"column":null}},"88":{"start":{"line":184,"column":4},"end":{"line":184,"column":null}},"89":{"start":{"line":187,"column":25},"end":{"line":218,"column":null}},"90":{"start":{"line":188,"column":20},"end":{"line":188,"column":null}},"91":{"start":{"line":189,"column":25},"end":{"line":189,"column":null}},"92":{"start":{"line":190,"column":4},"end":{"line":216,"column":null}},"93":{"start":{"line":191,"column":6},"end":{"line":196,"column":null}},"94":{"start":{"line":192,"column":8},"end":{"line":195,"column":null}},"95":{"start":{"line":197,"column":6},"end":{"line":205,"column":null}},"96":{"start":{"line":201,"column":8},"end":{"line":204,"column":null}},"97":{"start":{"line":207,"column":6},"end":{"line":209,"column":null}},"98":{"start":{"line":208,"column":8},"end":{"line":208,"column":null}},"99":{"start":{"line":210,"column":6},"end":{"line":215,"column":null}},"100":{"start":{"line":211,"column":8},"end":{"line":214,"column":null}},"101":{"start":{"line":217,"column":4},"end":{"line":217,"column":null}},"102":{"start":{"line":220,"column":2},"end":{"line":497,"column":null}},"103":{"start":{"line":234,"column":29},"end":{"line":234,"column":null}},"104":{"start":{"line":304,"column":16},"end":{"line":311,"column":null}},"105":{"start":{"line":306,"column":33},"end":{"line":306,"column":null}},"106":{"start":{"line":319,"column":12},"end":{"line":436,"column":null}},"107":{"start":{"line":353,"column":28},"end":{"line":353,"column":null}},"108":{"start":{"line":356,"column":28},"end":{"line":358,"column":null}},"109":{"start":{"line":361,"column":28},"end":{"line":361,"column":null}},"110":{"start":{"line":364,"column":28},"end":{"line":366,"column":null}},"111":{"start":{"line":383,"column":41},"end":{"line":383,"column":null}},"112":{"start":{"line":420,"column":28},"end":{"line":428,"column":null}},"113":{"start":{"line":483,"column":29},"end":{"line":483,"column":null}}},"fnMap":{"0":{"name":"(anonymous_0)","decl":{"start":{"line":29,"column":22},"end":{"line":29,"column":28}},"loc":{"start":{"line":29,"column":28},"end":{"line":499,"column":null}},"line":29},"1":{"name":"(anonymous_1)","decl":{"start":{"line":48,"column":25},"end":{"line":48,"column":31}},"loc":{"start":{"line":48,"column":31},"end":{"line":63,"column":null}},"line":48},"2":{"name":"(anonymous_2)","decl":{"start":{"line":65,"column":12},"end":{"line":65,"column":18}},"loc":{"start":{"line":65,"column":18},"end":{"line":67,"column":5}},"line":65},"3":{"name":"(anonymous_3)","decl":{"start":{"line":70,"column":12},"end":{"line":70,"column":18}},"loc":{"start":{"line":70,"column":18},"end":{"line":76,"column":5}},"line":70},"4":{"name":"(anonymous_4)","decl":{"start":{"line":71,"column":11},"end":{"line":71,"column":17}},"loc":{"start":{"line":71,"column":17},"end":{"line":75,"column":null}},"line":71},"5":{"name":"(anonymous_5)","decl":{"start":{"line":78,"column":31},"end":{"line":78,"column":32}},"loc":{"start":{"line":78,"column":57},"end":{"line":92,"column":5}},"line":78},"6":{"name":"(anonymous_6)","decl":{"start":{"line":82,"column":33},"end":{"line":82,"column":39}},"loc":{"start":{"line":82,"column":39},"end":{"line":90,"column":7}},"line":82},"7":{"name":"(anonymous_7)","decl":{"start":{"line":91,"column":11},"end":{"line":91,"column":17}},"loc":{"start":{"line":91,"column":17},"end":{"line":91,"column":null}},"line":91},"8":{"name":"(anonymous_8)","decl":{"start":{"line":94,"column":23},"end":{"line":94,"column":30}},"loc":{"start":{"line":94,"column":56},"end":{"line":163,"column":null}},"line":94},"9":{"name":"(anonymous_9)","decl":{"start":{"line":100,"column":19},"end":{"line":100,"column":20}},"loc":{"start":{"line":100,"column":29},"end":{"line":100,"column":51}},"line":100},"10":{"name":"(anonymous_10)","decl":{"start":{"line":108,"column":16},"end":{"line":108,"column":17}},"loc":{"start":{"line":108,"column":23},"end":{"line":108,"column":38}},"line":108},"11":{"name":"(anonymous_11)","decl":{"start":{"line":109,"column":13},"end":{"line":109,"column":14}},"loc":{"start":{"line":109,"column":20},"end":{"line":109,"column":26}},"line":109},"12":{"name":"(anonymous_12)","decl":{"start":{"line":111,"column":16},"end":{"line":111,"column":17}},"loc":{"start":{"line":111,"column":23},"end":{"line":111,"column":39}},"line":111},"13":{"name":"(anonymous_13)","decl":{"start":{"line":112,"column":13},"end":{"line":112,"column":14}},"loc":{"start":{"line":112,"column":20},"end":{"line":112,"column":26}},"line":112},"14":{"name":"(anonymous_14)","decl":{"start":{"line":136,"column":25},"end":{"line":136,"column":31}},"loc":{"start":{"line":136,"column":31},"end":{"line":145,"column":7}},"line":136},"15":{"name":"(anonymous_15)","decl":{"start":{"line":137,"column":23},"end":{"line":137,"column":24}},"loc":{"start":{"line":137,"column":33},"end":{"line":144,"column":9}},"line":137},"16":{"name":"(anonymous_16)","decl":{"start":{"line":165,"column":21},"end":{"line":165,"column":27}},"loc":{"start":{"line":165,"column":27},"end":{"line":168,"column":null}},"line":165},"17":{"name":"(anonymous_17)","decl":{"start":{"line":170,"column":23},"end":{"line":170,"column":24}},"loc":{"start":{"line":170,"column":40},"end":{"line":185,"column":null}},"line":170},"18":{"name":"(anonymous_18)","decl":{"start":{"line":180,"column":22},"end":{"line":180,"column":28}},"loc":{"start":{"line":180,"column":28},"end":{"line":180,"column":null}},"line":180},"19":{"name":"(anonymous_19)","decl":{"start":{"line":181,"column":24},"end":{"line":181,"column":30}},"loc":{"start":{"line":181,"column":30},"end":{"line":181,"column":null}},"line":181},"20":{"name":"(anonymous_20)","decl":{"start":{"line":187,"column":25},"end":{"line":187,"column":26}},"loc":{"start":{"line":187,"column":38},"end":{"line":218,"column":null}},"line":187},"21":{"name":"(anonymous_21)","decl":{"start":{"line":234,"column":23},"end":{"line":234,"column":29}},"loc":{"start":{"line":234,"column":29},"end":{"line":234,"column":null}},"line":234},"22":{"name":"(anonymous_22)","decl":{"start":{"line":303,"column":20},"end":{"line":303,"column":21}},"loc":{"start":{"line":304,"column":16},"end":{"line":311,"column":null}},"line":304},"23":{"name":"(anonymous_23)","decl":{"start":{"line":306,"column":27},"end":{"line":306,"column":33}},"loc":{"start":{"line":306,"column":33},"end":{"line":306,"column":null}},"line":306},"24":{"name":"(anonymous_24)","decl":{"start":{"line":318,"column":27},"end":{"line":318,"column":28}},"loc":{"start":{"line":319,"column":12},"end":{"line":436,"column":null}},"line":319},"25":{"name":"(anonymous_25)","decl":{"start":{"line":352,"column":29},"end":{"line":352,"column":30}},"loc":{"start":{"line":353,"column":28},"end":{"line":353,"column":null}},"line":353},"26":{"name":"(anonymous_26)","decl":{"start":{"line":355,"column":30},"end":{"line":355,"column":31}},"loc":{"start":{"line":356,"column":28},"end":{"line":358,"column":null}},"line":356},"27":{"name":"(anonymous_27)","decl":{"start":{"line":360,"column":30},"end":{"line":360,"column":31}},"loc":{"start":{"line":361,"column":28},"end":{"line":361,"column":null}},"line":361},"28":{"name":"(anonymous_28)","decl":{"start":{"line":363,"column":34},"end":{"line":363,"column":35}},"loc":{"start":{"line":364,"column":28},"end":{"line":366,"column":null}},"line":364},"29":{"name":"(anonymous_29)","decl":{"start":{"line":383,"column":35},"end":{"line":383,"column":41}},"loc":{"start":{"line":383,"column":41},"end":{"line":383,"column":null}},"line":383},"30":{"name":"(anonymous_30)","decl":{"start":{"line":419,"column":59},"end":{"line":419,"column":60}},"loc":{"start":{"line":420,"column":28},"end":{"line":428,"column":null}},"line":420},"31":{"name":"(anonymous_31)","decl":{"start":{"line":483,"column":22},"end":{"line":483,"column":23}},"loc":{"start":{"line":483,"column":29},"end":{"line":483,"column":null}},"line":483}},"branchMap":{"0":{"loc":{"start":{"line":49,"column":4},"end":{"line":62,"column":null}},"type":"if","locations":[{"start":{"line":49,"column":4},"end":{"line":62,"column":null}},{"start":{"line":54,"column":4},"end":{"line":62,"column":null}}],"line":49},"1":{"loc":{"start":{"line":50,"column":6},"end":{"line":51,"column":null}},"type":"binary-expr","locations":[{"start":{"line":50,"column":6},"end":{"line":50,"column":null}},{"start":{"line":51,"column":6},"end":{"line":51,"column":null}}],"line":50},"2":{"loc":{"start":{"line":54,"column":4},"end":{"line":62,"column":null}},"type":"if","locations":[{"start":{"line":54,"column":4},"end":{"line":62,"column":null}},{"start":{},"end":{}}],"line":54},"3":{"loc":{"start":{"line":55,"column":6},"end":{"line":56,"column":null}},"type":"binary-expr","locations":[{"start":{"line":55,"column":6},"end":{"line":55,"column":null}},{"start":{"line":56,"column":6},"end":{"line":56,"column":null}}],"line":55},"4":{"loc":{"start":{"line":72,"column":6},"end":{"line":74,"column":null}},"type":"if","locations":[{"start":{"line":72,"column":6},"end":{"line":74,"column":null}},{"start":{},"end":{}}],"line":72},"5":{"loc":{"start":{"line":72,"column":10},"end":{"line":72,"column":67}},"type":"binary-expr","locations":[{"start":{"line":72,"column":10},"end":{"line":72,"column":43}},{"start":{"line":72,"column":43},"end":{"line":72,"column":67}}],"line":72},"6":{"loc":{"start":{"line":85,"column":6},"end":{"line":89,"column":null}},"type":"if","locations":[{"start":{"line":85,"column":6},"end":{"line":89,"column":null}},{"start":{},"end":{}}],"line":85},"7":{"loc":{"start":{"line":94,"column":33},"end":{"line":94,"column":56}},"type":"default-arg","locations":[{"start":{"line":94,"column":47},"end":{"line":94,"column":56}}],"line":94},"8":{"loc":{"start":{"line":95,"column":4},"end":{"line":95,"column":null}},"type":"if","locations":[{"start":{"line":95,"column":4},"end":{"line":95,"column":null}},{"start":{},"end":{}}],"line":95},"9":{"loc":{"start":{"line":96,"column":23},"end":{"line":96,"column":null}},"type":"binary-expr","locations":[{"start":{"line":96,"column":23},"end":{"line":96,"column":38}},{"start":{"line":96,"column":38},"end":{"line":96,"column":null}}],"line":96},"10":{"loc":{"start":{"line":97,"column":4},"end":{"line":97,"column":null}},"type":"if","locations":[{"start":{"line":97,"column":4},"end":{"line":97,"column":null}},{"start":{},"end":{}}],"line":97},"11":{"loc":{"start":{"line":97,"column":8},"end":{"line":97,"column":34}},"type":"binary-expr","locations":[{"start":{"line":97,"column":8},"end":{"line":97,"column":23}},{"start":{"line":97,"column":23},"end":{"line":97,"column":34}}],"line":97},"12":{"loc":{"start":{"line":106,"column":20},"end":{"line":106,"column":null}},"type":"binary-expr","locations":[{"start":{"line":106,"column":20},"end":{"line":106,"column":46}},{"start":{"line":106,"column":46},"end":{"line":106,"column":null}}],"line":106},"13":{"loc":{"start":{"line":121,"column":20},"end":{"line":121,"column":null}},"type":"cond-expr","locations":[{"start":{"line":121,"column":27},"end":{"line":121,"column":60}},{"start":{"line":121,"column":60},"end":{"line":121,"column":null}}],"line":121},"14":{"loc":{"start":{"line":122,"column":6},"end":{"line":122,"column":null}},"type":"if","locations":[{"start":{"line":122,"column":6},"end":{"line":122,"column":null}},{"start":{},"end":{}}],"line":122},"15":{"loc":{"start":{"line":124,"column":6},"end":{"line":130,"column":null}},"type":"if","locations":[{"start":{"line":124,"column":6},"end":{"line":130,"column":null}},{"start":{},"end":{}}],"line":124},"16":{"loc":{"start":{"line":124,"column":10},"end":{"line":124,"column":104}},"type":"binary-expr","locations":[{"start":{"line":124,"column":10},"end":{"line":124,"column":23}},{"start":{"line":124,"column":23},"end":{"line":124,"column":44}},{"start":{"line":124,"column":44},"end":{"line":124,"column":77}},{"start":{"line":124,"column":77},"end":{"line":124,"column":104}}],"line":124},"17":{"loc":{"start":{"line":134,"column":6},"end":{"line":134,"column":null}},"type":"if","locations":[{"start":{"line":134,"column":6},"end":{"line":134,"column":null}},{"start":{},"end":{}}],"line":134},"18":{"loc":{"start":{"line":147,"column":18},"end":{"line":147,"column":null}},"type":"binary-expr","locations":[{"start":{"line":147,"column":18},"end":{"line":147,"column":34}},{"start":{"line":147,"column":34},"end":{"line":147,"column":null}}],"line":147},"19":{"loc":{"start":{"line":148,"column":6},"end":{"line":158,"column":null}},"type":"if","locations":[{"start":{"line":148,"column":6},"end":{"line":158,"column":null}},{"start":{"line":154,"column":6},"end":{"line":158,"column":null}}],"line":148},"20":{"loc":{"start":{"line":149,"column":8},"end":{"line":151,"column":null}},"type":"binary-expr","locations":[{"start":{"line":149,"column":8},"end":{"line":149,"column":null}},{"start":{"line":150,"column":8},"end":{"line":150,"column":null}},{"start":{"line":151,"column":8},"end":{"line":151,"column":null}}],"line":149},"21":{"loc":{"start":{"line":154,"column":6},"end":{"line":158,"column":null}},"type":"if","locations":[{"start":{"line":154,"column":6},"end":{"line":158,"column":null}},{"start":{"line":156,"column":13},"end":{"line":158,"column":null}}],"line":154},"22":{"loc":{"start":{"line":154,"column":17},"end":{"line":154,"column":65}},"type":"binary-expr","locations":[{"start":{"line":154,"column":17},"end":{"line":154,"column":44}},{"start":{"line":154,"column":44},"end":{"line":154,"column":65}}],"line":154},"23":{"loc":{"start":{"line":171,"column":4},"end":{"line":175,"column":null}},"type":"if","locations":[{"start":{"line":171,"column":4},"end":{"line":175,"column":null}},{"start":{},"end":{}}],"line":171},"24":{"loc":{"start":{"line":190,"column":4},"end":{"line":216,"column":null}},"type":"if","locations":[{"start":{"line":190,"column":4},"end":{"line":216,"column":null}},{"start":{"line":206,"column":11},"end":{"line":216,"column":null}}],"line":190},"25":{"loc":{"start":{"line":191,"column":6},"end":{"line":196,"column":null}},"type":"if","locations":[{"start":{"line":191,"column":6},"end":{"line":196,"column":null}},{"start":{},"end":{}}],"line":191},"26":{"loc":{"start":{"line":191,"column":10},"end":{"line":191,"column":79}},"type":"binary-expr","locations":[{"start":{"line":191,"column":10},"end":{"line":191,"column":47}},{"start":{"line":191,"column":47},"end":{"line":191,"column":79}}],"line":191},"27":{"loc":{"start":{"line":197,"column":6},"end":{"line":205,"column":null}},"type":"if","locations":[{"start":{"line":197,"column":6},"end":{"line":205,"column":null}},{"start":{},"end":{}}],"line":197},"28":{"loc":{"start":{"line":198,"column":8},"end":{"line":199,"column":null}},"type":"binary-expr","locations":[{"start":{"line":198,"column":8},"end":{"line":198,"column":null}},{"start":{"line":199,"column":8},"end":{"line":199,"column":null}}],"line":198},"29":{"loc":{"start":{"line":207,"column":6},"end":{"line":209,"column":null}},"type":"if","locations":[{"start":{"line":207,"column":6},"end":{"line":209,"column":null}},{"start":{},"end":{}}],"line":207},"30":{"loc":{"start":{"line":207,"column":10},"end":{"line":207,"column":78}},"type":"binary-expr","locations":[{"start":{"line":207,"column":10},"end":{"line":207,"column":47}},{"start":{"line":207,"column":47},"end":{"line":207,"column":78}}],"line":207},"31":{"loc":{"start":{"line":210,"column":6},"end":{"line":215,"column":null}},"type":"if","locations":[{"start":{"line":210,"column":6},"end":{"line":215,"column":null}},{"start":{},"end":{}}],"line":210},"32":{"loc":{"start":{"line":224,"column":9},"end":{"line":239,"column":null}},"type":"binary-expr","locations":[{"start":{"line":224,"column":9},"end":{"line":224,"column":null}},{"start":{"line":225,"column":10},"end":{"line":239,"column":null}}],"line":224},"33":{"loc":{"start":{"line":285,"column":9},"end":{"line":314,"column":null}},"type":"binary-expr","locations":[{"start":{"line":285,"column":9},"end":{"line":285,"column":37}},{"start":{"line":285,"column":37},"end":{"line":285,"column":null}},{"start":{"line":286,"column":10},"end":{"line":314,"column":null}}],"line":285},"34":{"loc":{"start":{"line":323,"column":33},"end":{"line":323,"column":86}},"type":"cond-expr","locations":[{"start":{"line":323,"column":55},"end":{"line":323,"column":71}},{"start":{"line":323,"column":71},"end":{"line":323,"column":86}}],"line":323},"35":{"loc":{"start":{"line":326,"column":53},"end":{"line":326,"column":106}},"type":"cond-expr","locations":[{"start":{"line":326,"column":75},"end":{"line":326,"column":96}},{"start":{"line":326,"column":96},"end":{"line":326,"column":106}}],"line":326},"36":{"loc":{"start":{"line":330,"column":20},"end":{"line":332,"column":null}},"type":"cond-expr","locations":[{"start":{"line":331,"column":24},"end":{"line":331,"column":null}},{"start":{"line":332,"column":24},"end":{"line":332,"column":null}}],"line":330},"37":{"loc":{"start":{"line":335,"column":19},"end":{"line":338,"column":null}},"type":"cond-expr","locations":[{"start":{"line":336,"column":20},"end":{"line":336,"column":null}},{"start":{"line":338,"column":20},"end":{"line":338,"column":null}}],"line":335},"38":{"loc":{"start":{"line":344,"column":22},"end":{"line":346,"column":null}},"type":"cond-expr","locations":[{"start":{"line":345,"column":26},"end":{"line":345,"column":null}},{"start":{"line":346,"column":26},"end":{"line":346,"column":null}}],"line":344},"39":{"loc":{"start":{"line":375,"column":19},"end":{"line":432,"column":null}},"type":"binary-expr","locations":[{"start":{"line":375,"column":19},"end":{"line":375,"column":41}},{"start":{"line":375,"column":41},"end":{"line":375,"column":null}},{"start":{"line":376,"column":20},"end":{"line":432,"column":null}}],"line":375},"40":{"loc":{"start":{"line":384,"column":70},"end":{"line":384,"column":187}},"type":"cond-expr","locations":[{"start":{"line":384,"column":92},"end":{"line":384,"column":135}},{"start":{"line":384,"column":135},"end":{"line":384,"column":187}}],"line":384},"41":{"loc":{"start":{"line":386,"column":28},"end":{"line":386,"column":null}},"type":"cond-expr","locations":[{"start":{"line":386,"column":50},"end":{"line":386,"column":68}},{"start":{"line":386,"column":68},"end":{"line":386,"column":null}}],"line":386},"42":{"loc":{"start":{"line":389,"column":28},"end":{"line":391,"column":null}},"type":"cond-expr","locations":[{"start":{"line":390,"column":32},"end":{"line":390,"column":null}},{"start":{"line":391,"column":32},"end":{"line":391,"column":null}}],"line":389},"43":{"loc":{"start":{"line":394,"column":27},"end":{"line":397,"column":null}},"type":"cond-expr","locations":[{"start":{"line":395,"column":28},"end":{"line":395,"column":null}},{"start":{"line":397,"column":28},"end":{"line":397,"column":null}}],"line":394},"44":{"loc":{"start":{"line":416,"column":23},"end":{"line":430,"column":null}},"type":"binary-expr","locations":[{"start":{"line":416,"column":23},"end":{"line":416,"column":null}},{"start":{"line":417,"column":24},"end":{"line":430,"column":null}}],"line":416},"45":{"loc":{"start":{"line":440,"column":9},"end":{"line":459,"column":null}},"type":"binary-expr","locations":[{"start":{"line":440,"column":9},"end":{"line":440,"column":null}},{"start":{"line":441,"column":10},"end":{"line":459,"column":null}}],"line":440},"46":{"loc":{"start":{"line":462,"column":9},"end":{"line":469,"column":null}},"type":"binary-expr","locations":[{"start":{"line":462,"column":9},"end":{"line":462,"column":22}},{"start":{"line":462,"column":22},"end":{"line":462,"column":null}},{"start":{"line":463,"column":10},"end":{"line":469,"column":null}}],"line":462},"47":{"loc":{"start":{"line":489,"column":22},"end":{"line":489,"column":null}},"type":"binary-expr","locations":[{"start":{"line":489,"column":22},"end":{"line":489,"column":35}},{"start":{"line":489,"column":35},"end":{"line":489,"column":null}}],"line":489}},"s":{"0":2,"1":12,"2":12,"3":12,"4":12,"5":12,"6":12,"7":12,"8":12,"9":12,"10":6,"11":0,"12":6,"13":0,"14":12,"15":6,"16":12,"17":6,"18":6,"19":0,"20":12,"21":1,"22":1,"23":1,"24":1,"25":1,"26":1,"27":1,"28":0,"29":0,"30":0,"31":1,"32":0,"33":12,"34":1,"35":1,"36":1,"37":1,"38":0,"39":1,"40":1,"41":0,"42":1,"43":1,"44":1,"45":1,"46":1,"47":1,"48":6,"49":0,"50":1,"51":6,"52":6,"53":1,"54":1,"55":1,"56":1,"57":1,"58":0,"59":1,"60":1,"61":1,"62":1,"63":0,"64":0,"65":0,"66":0,"67":0,"68":0,"69":0,"70":0,"71":0,"72":1,"73":12,"74":0,"75":0,"76":12,"77":0,"78":0,"79":0,"80":0,"81":0,"82":0,"83":0,"84":0,"85":0,"86":0,"87":0,"88":0,"89":12,"90":1,"91":1,"92":1,"93":1,"94":0,"95":1,"96":0,"97":0,"98":0,"99":0,"100":0,"101":1,"102":12,"103":0,"104":30,"105":0,"106":1,"107":0,"108":0,"109":0,"110":0,"111":0,"112":0,"113":2},"f":{"0":12,"1":6,"2":6,"3":6,"4":6,"5":1,"6":1,"7":0,"8":1,"9":0,"10":6,"11":0,"12":6,"13":6,"14":0,"15":0,"16":0,"17":0,"18":0,"19":0,"20":1,"21":0,"22":30,"23":0,"24":1,"25":0,"26":0,"27":0,"28":0,"29":0,"30":0,"31":2},"b":{"0":[0,6],"1":[6,6],"2":[0,6],"3":[6,6],"4":[0,6],"5":[6,6],"6":[0,1],"7":[1],"8":[1,0],"9":[1,1],"10":[0,1],"11":[1,1],"12":[1,0],"13":[1,0],"14":[1,0],"15":[0,1],"16":[1,1,1,1],"17":[1,0],"18":[0,0],"19":[0,0],"20":[0,0,0],"21":[0,0],"22":[0,0],"23":[0,0],"24":[1,0],"25":[0,1],"26":[1,1],"27":[0,1],"28":[1,1],"29":[0,0],"30":[0,0],"31":[0,0],"32":[12,0],"33":[12,11,10],"34":[0,1],"35":[0,1],"36":[0,1],"37":[0,1],"38":[0,1],"39":[1,1,1],"40":[0,1],"41":[0,1],"42":[0,1],"43":[0,1],"44":[1,0],"45":[12,1],"46":[12,0,0],"47":[12,12]},"meta":{"lastBranch":48,"lastFunction":32,"lastStatement":114,"seen":{"s:29:22:499:Infinity":0,"f:29:22:29:28":0,"s:30:49:30:Infinity":1,"s:39:2:39:Infinity":2,"s:41:24:41:Infinity":3,"s:42:40:42:Infinity":4,"s:43:30:43:Infinity":5,"s:44:40:44:Infinity":6,"s:45:8:45:Infinity":7,"s:46:8:46:Infinity":8,"s:48:25:63:Infinity":9,"f:48:25:48:31":1,"b:49:4:62:Infinity:54:4:62:Infinity":0,"s:49:4:62:Infinity":10,"b:50:6:50:Infinity:51:6:51:Infinity":1,"s:53:6:53:Infinity":11,"b:54:4:62:Infinity:undefined:undefined:undefined:undefined":2,"s:54:4:62:Infinity":12,"b:55:6:55:Infinity:56:6:56:Infinity":3,"s:58:6:61:Infinity":13,"s:65:2:67:Infinity":14,"f:65:12:65:18":2,"s:66:4:66:Infinity":15,"s:70:2:76:Infinity":16,"f:70:12:70:18":3,"s:71:4:75:Infinity":17,"f:71:11:71:17":4,"b:72:6:74:Infinity:undefined:undefined:undefined:undefined":4,"s:72:6:74:Infinity":18,"b:72:10:72:43:72:43:72:67":5,"s:73:8:73:Infinity":19,"s:78:8:92:Infinity":20,"f:78:31:78:32":5,"s:79:4:79:Infinity":21,"s:80:4:80:Infinity":22,"s:81:12:81:Infinity":23,"s:82:21:90:Infinity":24,"f:82:33:82:39":6,"s:83:6:83:Infinity":25,"s:84:6:84:Infinity":26,"b:85:6:89:Infinity:undefined:undefined:undefined:undefined":6,"s:85:6:89:Infinity":27,"s:86:8:86:Infinity":28,"s:87:8:87:Infinity":29,"s:88:8:88:Infinity":30,"s:91:4:91:Infinity":31,"f:91:11:91:17":7,"s:91:17:91:Infinity":32,"s:94:23:163:Infinity":33,"f:94:23:94:30":8,"b:94:47:94:56":7,"b:95:4:95:Infinity:undefined:undefined:undefined:undefined":8,"s:95:4:95:Infinity":34,"s:95:11:95:Infinity":35,"s:96:23:96:Infinity":36,"b:96:23:96:38:96:38:96:Infinity":9,"b:97:4:97:Infinity:undefined:undefined:undefined:undefined":10,"s:97:4:97:Infinity":37,"b:97:8:97:23:97:23:97:34":11,"s:97:34:97:Infinity":38,"s:99:24:99:Infinity":39,"s:100:4:100:Infinity":40,"f:100:19:100:20":9,"s:100:29:100:51":41,"s:101:4:101:Infinity":42,"s:102:4:102:Infinity":43,"s:103:4:103:Infinity":44,"s:105:4:162:Infinity":45,"s:106:20:106:Infinity":46,"b:106:20:106:46:106:46:106:Infinity":12,"s:107:29:109:Infinity":47,"f:108:16:108:17":10,"s:108:23:108:38":48,"f:109:13:109:14":11,"s:109:20:109:26":49,"s:110:29:112:Infinity":50,"f:111:16:111:17":12,"s:111:23:111:39":51,"f:112:13:112:14":13,"s:112:20:112:26":52,"s:114:26:119:Infinity":53,"s:121:20:121:Infinity":54,"b:121:27:121:60:121:60:121:Infinity":13,"b:122:6:122:Infinity:undefined:undefined:undefined:undefined":14,"s:122:6:122:Infinity":55,"s:122:17:122:Infinity":56,"b:124:6:130:Infinity:undefined:undefined:undefined:undefined":15,"s:124:6:130:Infinity":57,"b:124:10:124:23:124:23:124:44:124:44:124:77:124:77:124:104":16,"s:125:8:129:Infinity":58,"s:132:23:132:Infinity":59,"b:134:6:134:Infinity:undefined:undefined:undefined:undefined":17,"s:134:6:134:Infinity":60,"s:134:17:134:Infinity":61,"s:136:6:145:Infinity":62,"f:136:25:136:31":14,"s:137:8:144:Infinity":63,"f:137:23:137:24":15,"s:137:33:144:9":64,"s:147:18:147:Infinity":65,"b:147:18:147:34:147:34:147:Infinity":18,"b:148:6:158:Infinity:154:6:158:Infinity":19,"s:148:6:158:Infinity":66,"b:149:8:149:Infinity:150:8:150:Infinity:151:8:151:Infinity":20,"s:153:8:153:Infinity":67,"b:154:6:158:Infinity:156:13:158:Infinity":21,"s:154:6:158:Infinity":68,"b:154:17:154:44:154:44:154:65":22,"s:155:8:155:Infinity":69,"s:157:8:157:Infinity":70,"s:159:6:159:Infinity":71,"s:161:6:161:Infinity":72,"s:165:21:168:Infinity":73,"f:165:21:165:27":16,"s:166:23:166:Infinity":74,"s:167:4:167:Infinity":75,"s:170:23:185:Infinity":76,"f:170:23:170:24":17,"b:171:4:175:Infinity:undefined:undefined:undefined:undefined":23,"s:171:4:175:Infinity":77,"s:172:6:172:Infinity":78,"s:173:6:173:Infinity":79,"s:174:6:174:Infinity":80,"s:177:4:177:Infinity":81,"s:178:22:178:Infinity":82,"s:180:4:180:Infinity":83,"f:180:22:180:28":18,"s:180:28:180:Infinity":84,"s:181:4:181:Infinity":85,"f:181:24:181:30":19,"s:181:30:181:Infinity":86,"s:183:4:183:Infinity":87,"s:184:4:184:Infinity":88,"s:187:25:218:Infinity":89,"f:187:25:187:26":20,"s:188:20:188:Infinity":90,"s:189:25:189:Infinity":91,"b:190:4:216:Infinity:206:11:216:Infinity":24,"s:190:4:216:Infinity":92,"b:191:6:196:Infinity:undefined:undefined:undefined:undefined":25,"s:191:6:196:Infinity":93,"b:191:10:191:47:191:47:191:79":26,"s:192:8:195:Infinity":94,"b:197:6:205:Infinity:undefined:undefined:undefined:undefined":27,"s:197:6:205:Infinity":95,"b:198:8:198:Infinity:199:8:199:Infinity":28,"s:201:8:204:Infinity":96,"b:207:6:209:Infinity:undefined:undefined:undefined:undefined":29,"s:207:6:209:Infinity":97,"b:207:10:207:47:207:47:207:78":30,"s:208:8:208:Infinity":98,"b:210:6:215:Infinity:undefined:undefined:undefined:undefined":31,"s:210:6:215:Infinity":99,"s:211:8:214:Infinity":100,"s:217:4:217:Infinity":101,"s:220:2:497:Infinity":102,"b:224:9:224:Infinity:225:10:239:Infinity":32,"f:234:23:234:29":21,"s:234:29:234:Infinity":103,"b:285:9:285:37:285:37:285:Infinity:286:10:314:Infinity":33,"f:303:20:303:21":22,"s:304:16:311:Infinity":104,"f:306:27:306:33":23,"s:306:33:306:Infinity":105,"f:318:27:318:28":24,"s:319:12:436:Infinity":106,"b:323:55:323:71:323:71:323:86":34,"b:326:75:326:96:326:96:326:106":35,"b:331:24:331:Infinity:332:24:332:Infinity":36,"b:336:20:336:Infinity:338:20:338:Infinity":37,"b:345:26:345:Infinity:346:26:346:Infinity":38,"f:352:29:352:30":25,"s:353:28:353:Infinity":107,"f:355:30:355:31":26,"s:356:28:358:Infinity":108,"f:360:30:360:31":27,"s:361:28:361:Infinity":109,"f:363:34:363:35":28,"s:364:28:366:Infinity":110,"b:375:19:375:41:375:41:375:Infinity:376:20:432:Infinity":39,"f:383:35:383:41":29,"s:383:41:383:Infinity":111,"b:384:92:384:135:384:135:384:187":40,"b:386:50:386:68:386:68:386:Infinity":41,"b:390:32:390:Infinity:391:32:391:Infinity":42,"b:395:28:395:Infinity:397:28:397:Infinity":43,"b:416:23:416:Infinity:417:24:430:Infinity":44,"f:419:59:419:60":30,"s:420:28:428:Infinity":112,"b:440:9:440:Infinity:441:10:459:Infinity":45,"b:462:9:462:22:462:22:462:Infinity:463:10:469:Infinity":46,"f:483:22:483:23":31,"s:483:29:483:Infinity":113,"b:489:22:489:35:489:35:489:Infinity":47}}}
,"E:\\election\\src\\components\\CountdownTimer.jsx": {"path":"E:\\election\\src\\components\\CountdownTimer.jsx","statementMap":{"0":{"start":{"line":5,"column":23},"end":{"line":96,"column":null}},"1":{"start":{"line":6,"column":23},"end":{"line":6,"column":null}},"2":{"start":{"line":7,"column":21},"end":{"line":7,"column":null}},"3":{"start":{"line":8,"column":30},"end":{"line":14,"column":null}},"4":{"start":{"line":16,"column":2},"end":{"line":35,"column":null}},"5":{"start":{"line":17,"column":4},"end":{"line":17,"column":null}},"6":{"start":{"line":17,"column":21},"end":{"line":17,"column":null}},"7":{"start":{"line":19,"column":22},"end":{"line":30,"column":null}},"8":{"start":{"line":20,"column":19},"end":{"line":20,"column":null}},"9":{"start":{"line":21,"column":6},"end":{"line":22,"column":null}},"10":{"start":{"line":22,"column":8},"end":{"line":22,"column":null}},"11":{"start":{"line":23,"column":6},"end":{"line":29,"column":null}},"12":{"start":{"line":32,"column":4},"end":{"line":32,"column":null}},"13":{"start":{"line":33,"column":18},"end":{"line":33,"column":null}},"14":{"start":{"line":33,"column":36},"end":{"line":33,"column":62}},"15":{"start":{"line":34,"column":4},"end":{"line":34,"column":null}},"16":{"start":{"line":34,"column":17},"end":{"line":34,"column":null}},"17":{"start":{"line":37,"column":2},"end":{"line":37,"column":null}},"18":{"start":{"line":37,"column":19},"end":{"line":37,"column":null}},"19":{"start":{"line":38,"column":22},"end":{"line":38,"column":null}},"20":{"start":{"line":40,"column":16},"end":{"line":45,"column":null}},"21":{"start":{"line":47,"column":2},"end":{"line":94,"column":null}},"22":{"start":{"line":82,"column":10},"end":{"line":91,"column":null}}},"fnMap":{"0":{"name":"(anonymous_0)","decl":{"start":{"line":5,"column":23},"end":{"line":5,"column":29}},"loc":{"start":{"line":5,"column":29},"end":{"line":96,"column":null}},"line":5},"1":{"name":"(anonymous_1)","decl":{"start":{"line":16,"column":12},"end":{"line":16,"column":18}},"loc":{"start":{"line":16,"column":18},"end":{"line":35,"column":5}},"line":16},"2":{"name":"(anonymous_2)","decl":{"start":{"line":19,"column":22},"end":{"line":19,"column":28}},"loc":{"start":{"line":19,"column":28},"end":{"line":30,"column":null}},"line":19},"3":{"name":"(anonymous_3)","decl":{"start":{"line":33,"column":30},"end":{"line":33,"column":36}},"loc":{"start":{"line":33,"column":36},"end":{"line":33,"column":62}},"line":33},"4":{"name":"(anonymous_4)","decl":{"start":{"line":34,"column":11},"end":{"line":34,"column":17}},"loc":{"start":{"line":34,"column":17},"end":{"line":34,"column":null}},"line":34},"5":{"name":"(anonymous_5)","decl":{"start":{"line":81,"column":19},"end":{"line":81,"column":20}},"loc":{"start":{"line":82,"column":10},"end":{"line":91,"column":null}},"line":82}},"branchMap":{"0":{"loc":{"start":{"line":7,"column":21},"end":{"line":7,"column":null}},"type":"binary-expr","locations":[{"start":{"line":7,"column":21},"end":{"line":7,"column":58}},{"start":{"line":7,"column":58},"end":{"line":7,"column":null}}],"line":7},"1":{"loc":{"start":{"line":17,"column":4},"end":{"line":17,"column":null}},"type":"if","locations":[{"start":{"line":17,"column":4},"end":{"line":17,"column":null}},{"start":{},"end":{}}],"line":17},"2":{"loc":{"start":{"line":21,"column":6},"end":{"line":22,"column":null}},"type":"if","locations":[{"start":{"line":21,"column":6},"end":{"line":22,"column":null}},{"start":{},"end":{}}],"line":21},"3":{"loc":{"start":{"line":37,"column":2},"end":{"line":37,"column":null}},"type":"if","locations":[{"start":{"line":37,"column":2},"end":{"line":37,"column":null}},{"start":{},"end":{}}],"line":37},"4":{"loc":{"start":{"line":38,"column":22},"end":{"line":38,"column":null}},"type":"binary-expr","locations":[{"start":{"line":38,"column":22},"end":{"line":38,"column":52}},{"start":{"line":38,"column":52},"end":{"line":38,"column":null}}],"line":38},"5":{"loc":{"start":{"line":49,"column":7},"end":{"line":54,"column":null}},"type":"binary-expr","locations":[{"start":{"line":49,"column":7},"end":{"line":49,"column":null}},{"start":{"line":50,"column":8},"end":{"line":54,"column":null}}],"line":49}},"s":{"0":1,"1":5,"2":5,"3":5,"4":5,"5":3,"6":1,"7":2,"8":2,"9":2,"10":1,"11":1,"12":2,"13":2,"14":0,"15":2,"16":2,"17":5,"18":1,"19":4,"20":5,"21":5,"22":16},"f":{"0":5,"1":3,"2":2,"3":0,"4":2,"5":16},"b":{"0":[5,1],"1":[1,2],"2":[1,1],"3":[1,4],"4":[4,0],"5":[5,3]},"meta":{"lastBranch":6,"lastFunction":6,"lastStatement":23,"seen":{"s:5:23:96:Infinity":0,"f:5:23:5:29":0,"s:6:23:6:Infinity":1,"s:7:21:7:Infinity":2,"b:7:21:7:58:7:58:7:Infinity":0,"s:8:30:14:Infinity":3,"s:16:2:35:Infinity":4,"f:16:12:16:18":1,"b:17:4:17:Infinity:undefined:undefined:undefined:undefined":1,"s:17:4:17:Infinity":5,"s:17:21:17:Infinity":6,"s:19:22:30:Infinity":7,"f:19:22:19:28":2,"s:20:19:20:Infinity":8,"b:21:6:22:Infinity:undefined:undefined:undefined:undefined":2,"s:21:6:22:Infinity":9,"s:22:8:22:Infinity":10,"s:23:6:29:Infinity":11,"s:32:4:32:Infinity":12,"s:33:18:33:Infinity":13,"f:33:30:33:36":3,"s:33:36:33:62":14,"s:34:4:34:Infinity":15,"f:34:11:34:17":4,"s:34:17:34:Infinity":16,"b:37:2:37:Infinity:undefined:undefined:undefined:undefined":3,"s:37:2:37:Infinity":17,"s:37:19:37:Infinity":18,"s:38:22:38:Infinity":19,"b:38:22:38:52:38:52:38:Infinity":4,"s:40:16:45:Infinity":20,"s:47:2:94:Infinity":21,"b:49:7:49:Infinity:50:8:54:Infinity":5,"f:81:19:81:20":5,"s:82:10:91:Infinity":22}}}
,"E:\\election\\src\\components\\CountrySelector.jsx": {"path":"E:\\election\\src\\components\\CountrySelector.jsx","statementMap":{"0":{"start":{"line":6,"column":18},"end":{"line":13,"column":null}},"1":{"start":{"line":15,"column":24},"end":{"line":88,"column":null}},"2":{"start":{"line":16,"column":30},"end":{"line":16,"column":null}},"3":{"start":{"line":17,"column":26},"end":{"line":17,"column":null}},"4":{"start":{"line":18,"column":8},"end":{"line":18,"column":null}},"5":{"start":{"line":21,"column":4},"end":{"line":21,"column":null}},"6":{"start":{"line":21,"column":26},"end":{"line":21,"column":42}},"7":{"start":{"line":23,"column":2},"end":{"line":29,"column":null}},"8":{"start":{"line":24,"column":24},"end":{"line":26,"column":null}},"9":{"start":{"line":25,"column":6},"end":{"line":25,"column":null}},"10":{"start":{"line":25,"column":58},"end":{"line":25,"column":null}},"11":{"start":{"line":27,"column":4},"end":{"line":27,"column":null}},"12":{"start":{"line":28,"column":4},"end":{"line":28,"column":null}},"13":{"start":{"line":28,"column":17},"end":{"line":28,"column":null}},"14":{"start":{"line":31,"column":2},"end":{"line":86,"column":null}},"15":{"start":{"line":34,"column":23},"end":{"line":34,"column":null}},"16":{"start":{"line":53,"column":14},"end":{"line":81,"column":null}},"17":{"start":{"line":56,"column":18},"end":{"line":59,"column":null}},"18":{"start":{"line":57,"column":20},"end":{"line":57,"column":null}},"19":{"start":{"line":58,"column":20},"end":{"line":58,"column":null}}},"fnMap":{"0":{"name":"(anonymous_0)","decl":{"start":{"line":15,"column":24},"end":{"line":15,"column":30}},"loc":{"start":{"line":15,"column":30},"end":{"line":88,"column":null}},"line":15},"1":{"name":"(anonymous_1)","decl":{"start":{"line":21,"column":19},"end":{"line":21,"column":20}},"loc":{"start":{"line":21,"column":26},"end":{"line":21,"column":42}},"line":21},"2":{"name":"(anonymous_2)","decl":{"start":{"line":23,"column":12},"end":{"line":23,"column":18}},"loc":{"start":{"line":23,"column":18},"end":{"line":29,"column":5}},"line":23},"3":{"name":"(anonymous_3)","decl":{"start":{"line":24,"column":24},"end":{"line":24,"column":25}},"loc":{"start":{"line":24,"column":31},"end":{"line":26,"column":null}},"line":24},"4":{"name":"(anonymous_4)","decl":{"start":{"line":28,"column":11},"end":{"line":28,"column":17}},"loc":{"start":{"line":28,"column":17},"end":{"line":28,"column":null}},"line":28},"5":{"name":"(anonymous_5)","decl":{"start":{"line":34,"column":17},"end":{"line":34,"column":23}},"loc":{"start":{"line":34,"column":23},"end":{"line":34,"column":null}},"line":34},"6":{"name":"(anonymous_6)","decl":{"start":{"line":52,"column":27},"end":{"line":52,"column":28}},"loc":{"start":{"line":53,"column":14},"end":{"line":81,"column":null}},"line":53},"7":{"name":"(anonymous_7)","decl":{"start":{"line":55,"column":25},"end":{"line":55,"column":31}},"loc":{"start":{"line":55,"column":31},"end":{"line":60,"column":null}},"line":55}},"branchMap":{"0":{"loc":{"start":{"line":21,"column":4},"end":{"line":21,"column":null}},"type":"binary-expr","locations":[{"start":{"line":21,"column":4},"end":{"line":21,"column":47}},{"start":{"line":21,"column":47},"end":{"line":21,"column":null}}],"line":21},"1":{"loc":{"start":{"line":25,"column":6},"end":{"line":25,"column":null}},"type":"if","locations":[{"start":{"line":25,"column":6},"end":{"line":25,"column":null}},{"start":{},"end":{}}],"line":25},"2":{"loc":{"start":{"line":25,"column":10},"end":{"line":25,"column":58}},"type":"binary-expr","locations":[{"start":{"line":25,"column":10},"end":{"line":25,"column":25}},{"start":{"line":25,"column":25},"end":{"line":25,"column":58}}],"line":25},"3":{"loc":{"start":{"line":40,"column":73},"end":{"line":40,"column":99}},"type":"cond-expr","locations":[{"start":{"line":40,"column":82},"end":{"line":40,"column":97}},{"start":{"line":40,"column":97},"end":{"line":40,"column":99}}],"line":40},"4":{"loc":{"start":{"line":45,"column":9},"end":{"line":83,"column":null}},"type":"binary-expr","locations":[{"start":{"line":45,"column":9},"end":{"line":45,"column":null}},{"start":{"line":46,"column":10},"end":{"line":83,"column":null}}],"line":45},"5":{"loc":{"start":{"line":56,"column":18},"end":{"line":59,"column":null}},"type":"if","locations":[{"start":{"line":56,"column":18},"end":{"line":59,"column":null}},{"start":{},"end":{}}],"line":56},"6":{"loc":{"start":{"line":63,"column":18},"end":{"line":67,"column":null}},"type":"cond-expr","locations":[{"start":{"line":64,"column":22},"end":{"line":64,"column":null}},{"start":{"line":65,"column":22},"end":{"line":67,"column":null}}],"line":63},"7":{"loc":{"start":{"line":65,"column":22},"end":{"line":67,"column":null}},"type":"cond-expr","locations":[{"start":{"line":66,"column":24},"end":{"line":66,"column":null}},{"start":{"line":67,"column":24},"end":{"line":67,"column":null}}],"line":65},"8":{"loc":{"start":{"line":71,"column":35},"end":{"line":71,"column":null}},"type":"cond-expr","locations":[{"start":{"line":71,"column":48},"end":{"line":71,"column":73}},{"start":{"line":71,"column":73},"end":{"line":71,"column":null}}],"line":71},"9":{"loc":{"start":{"line":76,"column":17},"end":{"line":79,"column":null}},"type":"binary-expr","locations":[{"start":{"line":76,"column":17},"end":{"line":76,"column":null}},{"start":{"line":77,"column":18},"end":{"line":79,"column":null}}],"line":76}},"s":{"0":2,"1":2,"2":8,"3":8,"4":8,"5":8,"6":8,"7":8,"8":5,"9":0,"10":0,"11":5,"12":5,"13":5,"14":8,"15":2,"16":12,"17":0,"18":0,"19":0},"f":{"0":8,"1":8,"2":5,"3":0,"4":5,"5":2,"6":12,"7":0},"b":{"0":[8,0],"1":[0,0],"2":[0,0],"3":[2,6],"4":[8,2],"5":[0,0],"6":[2,10],"7":[10,0],"8":[10,2],"9":[12,10]},"meta":{"lastBranch":10,"lastFunction":8,"lastStatement":20,"seen":{"s:6:18:13:Infinity":0,"s:15:24:88:Infinity":1,"f:15:24:15:30":0,"s:16:30:16:Infinity":2,"s:17:26:17:Infinity":3,"s:18:8:18:Infinity":4,"s:21:4:21:Infinity":5,"b:21:4:21:47:21:47:21:Infinity":0,"f:21:19:21:20":1,"s:21:26:21:42":6,"s:23:2:29:Infinity":7,"f:23:12:23:18":2,"s:24:24:26:Infinity":8,"f:24:24:24:25":3,"b:25:6:25:Infinity:undefined:undefined:undefined:undefined":1,"s:25:6:25:Infinity":9,"b:25:10:25:25:25:25:25:58":2,"s:25:58:25:Infinity":10,"s:27:4:27:Infinity":11,"s:28:4:28:Infinity":12,"f:28:11:28:17":4,"s:28:17:28:Infinity":13,"s:31:2:86:Infinity":14,"f:34:17:34:23":5,"s:34:23:34:Infinity":15,"b:40:82:40:97:40:97:40:99":3,"b:45:9:45:Infinity:46:10:83:Infinity":4,"f:52:27:52:28":6,"s:53:14:81:Infinity":16,"f:55:25:55:31":7,"b:56:18:59:Infinity:undefined:undefined:undefined:undefined":5,"s:56:18:59:Infinity":17,"s:57:20:57:Infinity":18,"s:58:20:58:Infinity":19,"b:64:22:64:Infinity:65:22:67:Infinity":6,"b:66:24:66:Infinity:67:24:67:Infinity":7,"b:71:48:71:73:71:73:71:Infinity":8,"b:76:17:76:Infinity:77:18:79:Infinity":9}}}
,"E:\\election\\src\\components\\CursorGlow.jsx": {"path":"E:\\election\\src\\components\\CursorGlow.jsx","statementMap":{"0":{"start":{"line":4,"column":19},"end":{"line":28,"column":null}},"1":{"start":{"line":5,"column":8},"end":{"line":5,"column":null}},"2":{"start":{"line":6,"column":8},"end":{"line":6,"column":null}},"3":{"start":{"line":7,"column":8},"end":{"line":7,"column":null}},"4":{"start":{"line":8,"column":8},"end":{"line":8,"column":null}},"5":{"start":{"line":10,"column":2},"end":{"line":18,"column":null}},"6":{"start":{"line":11,"column":28},"end":{"line":14,"column":null}},"7":{"start":{"line":12,"column":6},"end":{"line":12,"column":null}},"8":{"start":{"line":13,"column":6},"end":{"line":13,"column":null}},"9":{"start":{"line":16,"column":4},"end":{"line":16,"column":null}},"10":{"start":{"line":17,"column":4},"end":{"line":17,"column":null}},"11":{"start":{"line":17,"column":17},"end":{"line":17,"column":null}},"12":{"start":{"line":20,"column":2},"end":{"line":26,"column":null}}},"fnMap":{"0":{"name":"(anonymous_0)","decl":{"start":{"line":4,"column":19},"end":{"line":4,"column":25}},"loc":{"start":{"line":4,"column":25},"end":{"line":28,"column":null}},"line":4},"1":{"name":"(anonymous_1)","decl":{"start":{"line":10,"column":12},"end":{"line":10,"column":18}},"loc":{"start":{"line":10,"column":18},"end":{"line":18,"column":5}},"line":10},"2":{"name":"(anonymous_2)","decl":{"start":{"line":11,"column":28},"end":{"line":11,"column":29}},"loc":{"start":{"line":11,"column":35},"end":{"line":14,"column":null}},"line":11},"3":{"name":"(anonymous_3)","decl":{"start":{"line":17,"column":11},"end":{"line":17,"column":17}},"loc":{"start":{"line":17,"column":17},"end":{"line":17,"column":null}},"line":17}},"branchMap":{},"s":{"0":2,"1":3,"2":3,"3":3,"4":3,"5":3,"6":3,"7":0,"8":0,"9":3,"10":3,"11":3,"12":3},"f":{"0":3,"1":3,"2":0,"3":3},"b":{},"meta":{"lastBranch":0,"lastFunction":4,"lastStatement":13,"seen":{"s:4:19:28:Infinity":0,"f:4:19:4:25":0,"s:5:8:5:Infinity":1,"s:6:8:6:Infinity":2,"s:7:8:7:Infinity":3,"s:8:8:8:Infinity":4,"s:10:2:18:Infinity":5,"f:10:12:10:18":1,"s:11:28:14:Infinity":6,"f:11:28:11:29":2,"s:12:6:12:Infinity":7,"s:13:6:13:Infinity":8,"s:16:4:16:Infinity":9,"s:17:4:17:Infinity":10,"f:17:11:17:17":3,"s:17:17:17:Infinity":11,"s:20:2:26:Infinity":12}}}
,"E:\\election\\src\\components\\ElectionTimeline.jsx": {"path":"E:\\election\\src\\components\\ElectionTimeline.jsx","statementMap":{"0":{"start":{"line":4,"column":25},"end":{"line":71,"column":null}},"1":{"start":{"line":5,"column":2},"end":{"line":69,"column":null}},"2":{"start":{"line":9,"column":27},"end":{"line":9,"column":null}},"3":{"start":{"line":11,"column":12},"end":{"line":11,"column":null}},"4":{"start":{"line":11,"column":36},"end":{"line":11,"column":59}},"5":{"start":{"line":13,"column":10},"end":{"line":65,"column":null}},"6":{"start":{"line":17,"column":31},"end":{"line":17,"column":null}}},"fnMap":{"0":{"name":"(anonymous_0)","decl":{"start":{"line":4,"column":25},"end":{"line":4,"column":26}},"loc":{"start":{"line":4,"column":71},"end":{"line":71,"column":null}},"line":4},"1":{"name":"(anonymous_1)","decl":{"start":{"line":8,"column":20},"end":{"line":8,"column":21}},"loc":{"start":{"line":8,"column":38},"end":{"line":67,"column":9}},"line":8},"2":{"name":"(anonymous_2)","decl":{"start":{"line":11,"column":29},"end":{"line":11,"column":30}},"loc":{"start":{"line":11,"column":36},"end":{"line":11,"column":59}},"line":11},"3":{"name":"(anonymous_3)","decl":{"start":{"line":17,"column":25},"end":{"line":17,"column":31}},"loc":{"start":{"line":17,"column":31},"end":{"line":17,"column":null}},"line":17}},"branchMap":{"0":{"loc":{"start":{"line":18,"column":30},"end":{"line":18,"column":null}},"type":"cond-expr","locations":[{"start":{"line":18,"column":41},"end":{"line":18,"column":50}},{"start":{"line":18,"column":50},"end":{"line":18,"column":null}}],"line":18},"1":{"loc":{"start":{"line":21,"column":19},"end":{"line":22,"column":null}},"type":"binary-expr","locations":[{"start":{"line":21,"column":19},"end":{"line":21,"column":null}},{"start":{"line":22,"column":20},"end":{"line":22,"column":null}}],"line":21},"2":{"loc":{"start":{"line":28,"column":22},"end":{"line":32,"column":null}},"type":"cond-expr","locations":[{"start":{"line":29,"column":26},"end":{"line":29,"column":null}},{"start":{"line":30,"column":26},"end":{"line":32,"column":null}}],"line":28},"3":{"loc":{"start":{"line":30,"column":26},"end":{"line":32,"column":null}},"type":"cond-expr","locations":[{"start":{"line":31,"column":28},"end":{"line":31,"column":null}},{"start":{"line":32,"column":28},"end":{"line":32,"column":null}}],"line":30},"4":{"loc":{"start":{"line":36,"column":21},"end":{"line":39,"column":null}},"type":"cond-expr","locations":[{"start":{"line":37,"column":22},"end":{"line":37,"column":null}},{"start":{"line":39,"column":22},"end":{"line":39,"column":null}}],"line":36},"5":{"loc":{"start":{"line":45,"column":20},"end":{"line":49,"column":null}},"type":"cond-expr","locations":[{"start":{"line":46,"column":24},"end":{"line":46,"column":null}},{"start":{"line":47,"column":24},"end":{"line":49,"column":null}}],"line":45},"6":{"loc":{"start":{"line":47,"column":24},"end":{"line":49,"column":null}},"type":"cond-expr","locations":[{"start":{"line":48,"column":26},"end":{"line":48,"column":null}},{"start":{"line":49,"column":26},"end":{"line":49,"column":null}}],"line":47},"7":{"loc":{"start":{"line":56,"column":15},"end":{"line":63,"column":null}},"type":"binary-expr","locations":[{"start":{"line":56,"column":15},"end":{"line":56,"column":null}},{"start":{"line":57,"column":16},"end":{"line":63,"column":null}}],"line":56},"8":{"loc":{"start":{"line":60,"column":38},"end":{"line":60,"column":61}},"type":"cond-expr","locations":[{"start":{"line":60,"column":47},"end":{"line":60,"column":56}},{"start":{"line":60,"column":56},"end":{"line":60,"column":61}}],"line":60}},"s":{"0":1,"1":3,"2":9,"3":9,"4":18,"5":9,"6":1},"f":{"0":3,"1":9,"2":18,"3":1},"b":{"0":[3,6],"1":[9,3],"2":[3,6],"3":[3,3],"4":[3,6],"5":[3,6],"6":[3,3],"7":[9,6],"8":[3,3]},"meta":{"lastBranch":9,"lastFunction":4,"lastStatement":7,"seen":{"s:4:25:71:Infinity":0,"f:4:25:4:26":0,"s:5:2:69:Infinity":1,"f:8:20:8:21":1,"s:9:27:9:Infinity":2,"s:11:12:11:Infinity":3,"f:11:29:11:30":2,"s:11:36:11:59":4,"s:13:10:65:Infinity":5,"f:17:25:17:31":3,"s:17:31:17:Infinity":6,"b:18:41:18:50:18:50:18:Infinity":0,"b:21:19:21:Infinity:22:20:22:Infinity":1,"b:29:26:29:Infinity:30:26:32:Infinity":2,"b:31:28:31:Infinity:32:28:32:Infinity":3,"b:37:22:37:Infinity:39:22:39:Infinity":4,"b:46:24:46:Infinity:47:24:49:Infinity":5,"b:48:26:48:Infinity:49:26:49:Infinity":6,"b:56:15:56:Infinity:57:16:63:Infinity":7,"b:60:47:60:56:60:56:60:61":8}}}
,"E:\\election\\src\\components\\EmptyState.jsx": {"path":"E:\\election\\src\\components\\EmptyState.jsx","statementMap":{"0":{"start":{"line":5,"column":19},"end":{"line":39,"column":null}},"1":{"start":{"line":12,"column":2},"end":{"line":37,"column":null}}},"fnMap":{"0":{"name":"(anonymous_0)","decl":{"start":{"line":5,"column":19},"end":{"line":5,"column":20}},"loc":{"start":{"line":11,"column":6},"end":{"line":39,"column":null}},"line":11}},"branchMap":{"0":{"loc":{"start":{"line":6,"column":8},"end":{"line":6,"column":null}},"type":"default-arg","locations":[{"start":{"line":6,"column":15},"end":{"line":6,"column":null}}],"line":6},"1":{"loc":{"start":{"line":7,"column":2},"end":{"line":7,"column":null}},"type":"default-arg","locations":[{"start":{"line":7,"column":10},"end":{"line":7,"column":null}}],"line":7},"2":{"loc":{"start":{"line":8,"column":2},"end":{"line":8,"column":null}},"type":"default-arg","locations":[{"start":{"line":8,"column":12},"end":{"line":8,"column":null}}],"line":8},"3":{"loc":{"start":{"line":9,"column":2},"end":{"line":9,"column":null}},"type":"default-arg","locations":[{"start":{"line":9,"column":15},"end":{"line":9,"column":null}}],"line":9},"4":{"loc":{"start":{"line":10,"column":2},"end":{"line":10,"column":null}},"type":"default-arg","locations":[{"start":{"line":10,"column":15},"end":{"line":10,"column":null}}],"line":10}},"s":{"0":1,"1":1},"f":{"0":1},"b":{"0":[1],"1":[1],"2":[1],"3":[1],"4":[1]},"meta":{"lastBranch":5,"lastFunction":1,"lastStatement":2,"seen":{"s:5:19:39:Infinity":0,"f:5:19:5:20":0,"b:6:15:6:Infinity":0,"b:7:10:7:Infinity":1,"b:8:12:8:Infinity":2,"b:9:15:9:Infinity":3,"b:10:15:10:Infinity":4,"s:12:2:37:Infinity":1}}}
,"E:\\election\\src\\components\\GlossaryChip.jsx": {"path":"E:\\election\\src\\components\\GlossaryChip.jsx","statementMap":{"0":{"start":{"line":7,"column":21},"end":{"line":39,"column":null}},"1":{"start":{"line":8,"column":18},"end":{"line":8,"column":null}},"2":{"start":{"line":9,"column":25},"end":{"line":9,"column":null}},"3":{"start":{"line":10,"column":8},"end":{"line":10,"column":null}},"4":{"start":{"line":12,"column":26},"end":{"line":28,"column":null}},"5":{"start":{"line":13,"column":4},"end":{"line":13,"column":null}},"6":{"start":{"line":14,"column":19},"end":{"line":14,"column":null}},"7":{"start":{"line":15,"column":4},"end":{"line":15,"column":null}},"8":{"start":{"line":16,"column":24},"end":{"line":16,"column":null}},"9":{"start":{"line":17,"column":4},"end":{"line":17,"column":null}},"10":{"start":{"line":17,"column":29},"end":{"line":17,"column":51}},"11":{"start":{"line":18,"column":4},"end":{"line":27,"column":null}},"12":{"start":{"line":19,"column":23},"end":{"line":23,"column":null}},"13":{"start":{"line":24,"column":6},"end":{"line":24,"column":null}},"14":{"start":{"line":24,"column":31},"end":{"line":24,"column":76}},"15":{"start":{"line":26,"column":6},"end":{"line":26,"column":null}},"16":{"start":{"line":30,"column":2},"end":{"line":37,"column":null}}},"fnMap":{"0":{"name":"(anonymous_0)","decl":{"start":{"line":7,"column":21},"end":{"line":7,"column":22}},"loc":{"start":{"line":7,"column":35},"end":{"line":39,"column":null}},"line":7},"1":{"name":"(anonymous_1)","decl":{"start":{"line":12,"column":26},"end":{"line":12,"column":33}},"loc":{"start":{"line":12,"column":39},"end":{"line":28,"column":null}},"line":12},"2":{"name":"(anonymous_2)","decl":{"start":{"line":17,"column":19},"end":{"line":17,"column":20}},"loc":{"start":{"line":17,"column":29},"end":{"line":17,"column":51}},"line":17},"3":{"name":"(anonymous_3)","decl":{"start":{"line":24,"column":21},"end":{"line":24,"column":22}},"loc":{"start":{"line":24,"column":31},"end":{"line":24,"column":76}},"line":24}},"branchMap":{},"s":{"0":2,"1":13,"2":13,"3":13,"4":13,"5":1,"6":1,"7":1,"8":1,"9":1,"10":0,"11":1,"12":1,"13":0,"14":0,"15":1,"16":13},"f":{"0":13,"1":1,"2":0,"3":0},"b":{},"meta":{"lastBranch":0,"lastFunction":4,"lastStatement":17,"seen":{"s:7:21:39:Infinity":0,"f:7:21:7:22":0,"s:8:18:8:Infinity":1,"s:9:25:9:Infinity":2,"s:10:8:10:Infinity":3,"s:12:26:28:Infinity":4,"f:12:26:12:33":1,"s:13:4:13:Infinity":5,"s:14:19:14:Infinity":6,"s:15:4:15:Infinity":7,"s:16:24:16:Infinity":8,"s:17:4:17:Infinity":9,"f:17:19:17:20":2,"s:17:29:17:51":10,"s:18:4:27:Infinity":11,"s:19:23:23:Infinity":12,"s:24:6:24:Infinity":13,"f:24:21:24:22":3,"s:24:31:24:76":14,"s:26:6:26:Infinity":15,"s:30:2:37:Infinity":16}}}
,"E:\\election\\src\\components\\Navbar.jsx": {"path":"E:\\election\\src\\components\\Navbar.jsx","statementMap":{"0":{"start":{"line":20,"column":15},"end":{"line":354,"column":null}},"1":{"start":{"line":21,"column":8},"end":{"line":21,"column":null}},"2":{"start":{"line":22,"column":33},"end":{"line":22,"column":null}},"3":{"start":{"line":23,"column":38},"end":{"line":23,"column":null}},"4":{"start":{"line":24,"column":34},"end":{"line":24,"column":null}},"5":{"start":{"line":25,"column":34},"end":{"line":25,"column":null}},"6":{"start":{"line":26,"column":50},"end":{"line":26,"column":null}},"7":{"start":{"line":28,"column":8},"end":{"line":28,"column":null}},"8":{"start":{"line":31,"column":2},"end":{"line":42,"column":null}},"9":{"start":{"line":32,"column":24},"end":{"line":39,"column":null}},"10":{"start":{"line":33,"column":6},"end":{"line":38,"column":null}},"11":{"start":{"line":37,"column":8},"end":{"line":37,"column":null}},"12":{"start":{"line":40,"column":4},"end":{"line":40,"column":null}},"13":{"start":{"line":41,"column":4},"end":{"line":41,"column":null}},"14":{"start":{"line":41,"column":17},"end":{"line":41,"column":null}},"15":{"start":{"line":45,"column":2},"end":{"line":47,"column":null}},"16":{"start":{"line":46,"column":4},"end":{"line":46,"column":null}},"17":{"start":{"line":50,"column":2},"end":{"line":67,"column":null}},"18":{"start":{"line":51,"column":4},"end":{"line":63,"column":null}},"19":{"start":{"line":52,"column":6},"end":{"line":52,"column":null}},"20":{"start":{"line":53,"column":28},"end":{"line":55,"column":null}},"21":{"start":{"line":54,"column":8},"end":{"line":54,"column":null}},"22":{"start":{"line":54,"column":32},"end":{"line":54,"column":null}},"23":{"start":{"line":56,"column":6},"end":{"line":56,"column":null}},"24":{"start":{"line":57,"column":6},"end":{"line":60,"column":null}},"25":{"start":{"line":58,"column":8},"end":{"line":58,"column":null}},"26":{"start":{"line":59,"column":8},"end":{"line":59,"column":null}},"27":{"start":{"line":62,"column":6},"end":{"line":62,"column":null}},"28":{"start":{"line":64,"column":4},"end":{"line":66,"column":null}},"29":{"start":{"line":65,"column":6},"end":{"line":65,"column":null}},"30":{"start":{"line":69,"column":27},"end":{"line":79,"column":null}},"31":{"start":{"line":70,"column":4},"end":{"line":76,"column":null}},"32":{"start":{"line":71,"column":6},"end":{"line":75,"column":null}},"33":{"start":{"line":77,"column":4},"end":{"line":77,"column":null}},"34":{"start":{"line":78,"column":4},"end":{"line":78,"column":null}},"35":{"start":{"line":81,"column":19},"end":{"line":86,"column":null}},"36":{"start":{"line":88,"column":2},"end":{"line":352,"column":null}},"37":{"start":{"line":117,"column":31},"end":{"line":117,"column":null}},"38":{"start":{"line":118,"column":14},"end":{"line":138,"column":null}},"39":{"start":{"line":155,"column":35},"end":{"line":155,"column":null}},"40":{"start":{"line":175,"column":41},"end":{"line":175,"column":null}},"41":{"start":{"line":181,"column":41},"end":{"line":181,"column":null}},"42":{"start":{"line":192,"column":20},"end":{"line":192,"column":null}},"43":{"start":{"line":234,"column":29},"end":{"line":234,"column":null}},"44":{"start":{"line":260,"column":29},"end":{"line":260,"column":null}},"45":{"start":{"line":284,"column":35},"end":{"line":284,"column":null}},"46":{"start":{"line":298,"column":37},"end":{"line":298,"column":null}},"47":{"start":{"line":299,"column":20},"end":{"line":316,"column":null}}},"fnMap":{"0":{"name":"(anonymous_0)","decl":{"start":{"line":20,"column":15},"end":{"line":20,"column":21}},"loc":{"start":{"line":20,"column":21},"end":{"line":354,"column":null}},"line":20},"1":{"name":"(anonymous_1)","decl":{"start":{"line":31,"column":12},"end":{"line":31,"column":18}},"loc":{"start":{"line":31,"column":18},"end":{"line":42,"column":5}},"line":31},"2":{"name":"(anonymous_2)","decl":{"start":{"line":32,"column":24},"end":{"line":32,"column":25}},"loc":{"start":{"line":32,"column":31},"end":{"line":39,"column":null}},"line":32},"3":{"name":"(anonymous_3)","decl":{"start":{"line":41,"column":11},"end":{"line":41,"column":17}},"loc":{"start":{"line":41,"column":17},"end":{"line":41,"column":null}},"line":41},"4":{"name":"(anonymous_4)","decl":{"start":{"line":45,"column":12},"end":{"line":45,"column":18}},"loc":{"start":{"line":45,"column":18},"end":{"line":47,"column":5}},"line":45},"5":{"name":"(anonymous_5)","decl":{"start":{"line":50,"column":12},"end":{"line":50,"column":18}},"loc":{"start":{"line":50,"column":18},"end":{"line":67,"column":5}},"line":50},"6":{"name":"(anonymous_6)","decl":{"start":{"line":53,"column":28},"end":{"line":53,"column":29}},"loc":{"start":{"line":53,"column":35},"end":{"line":55,"column":null}},"line":53},"7":{"name":"(anonymous_7)","decl":{"start":{"line":57,"column":13},"end":{"line":57,"column":19}},"loc":{"start":{"line":57,"column":19},"end":{"line":60,"column":null}},"line":57},"8":{"name":"(anonymous_8)","decl":{"start":{"line":64,"column":11},"end":{"line":64,"column":17}},"loc":{"start":{"line":64,"column":17},"end":{"line":66,"column":null}},"line":64},"9":{"name":"(anonymous_9)","decl":{"start":{"line":69,"column":27},"end":{"line":69,"column":28}},"loc":{"start":{"line":69,"column":40},"end":{"line":79,"column":null}},"line":69},"10":{"name":"(anonymous_10)","decl":{"start":{"line":116,"column":26},"end":{"line":116,"column":27}},"loc":{"start":{"line":116,"column":36},"end":{"line":140,"column":13}},"line":116},"11":{"name":"(anonymous_11)","decl":{"start":{"line":155,"column":29},"end":{"line":155,"column":35}},"loc":{"start":{"line":155,"column":35},"end":{"line":155,"column":null}},"line":155},"12":{"name":"(anonymous_12)","decl":{"start":{"line":175,"column":35},"end":{"line":175,"column":41}},"loc":{"start":{"line":175,"column":41},"end":{"line":175,"column":null}},"line":175},"13":{"name":"(anonymous_13)","decl":{"start":{"line":181,"column":35},"end":{"line":181,"column":41}},"loc":{"start":{"line":181,"column":41},"end":{"line":181,"column":null}},"line":181},"14":{"name":"(anonymous_14)","decl":{"start":{"line":191,"column":27},"end":{"line":191,"column":null}},"loc":{"start":{"line":192,"column":20},"end":{"line":192,"column":null}},"line":192},"15":{"name":"(anonymous_15)","decl":{"start":{"line":234,"column":23},"end":{"line":234,"column":29}},"loc":{"start":{"line":234,"column":29},"end":{"line":234,"column":null}},"line":234},"16":{"name":"(anonymous_16)","decl":{"start":{"line":260,"column":23},"end":{"line":260,"column":29}},"loc":{"start":{"line":260,"column":29},"end":{"line":260,"column":null}},"line":260},"17":{"name":"(anonymous_17)","decl":{"start":{"line":284,"column":29},"end":{"line":284,"column":35}},"loc":{"start":{"line":284,"column":35},"end":{"line":284,"column":null}},"line":284},"18":{"name":"(anonymous_18)","decl":{"start":{"line":297,"column":32},"end":{"line":297,"column":33}},"loc":{"start":{"line":297,"column":45},"end":{"line":318,"column":19}},"line":297}},"branchMap":{"0":{"loc":{"start":{"line":33,"column":6},"end":{"line":38,"column":null}},"type":"if","locations":[{"start":{"line":33,"column":6},"end":{"line":38,"column":null}},{"start":{},"end":{}}],"line":33},"1":{"loc":{"start":{"line":34,"column":8},"end":{"line":35,"column":null}},"type":"binary-expr","locations":[{"start":{"line":34,"column":8},"end":{"line":34,"column":null}},{"start":{"line":35,"column":8},"end":{"line":35,"column":null}}],"line":34},"2":{"loc":{"start":{"line":51,"column":4},"end":{"line":63,"column":null}},"type":"if","locations":[{"start":{"line":51,"column":4},"end":{"line":63,"column":null}},{"start":{"line":61,"column":11},"end":{"line":63,"column":null}}],"line":51},"3":{"loc":{"start":{"line":54,"column":8},"end":{"line":54,"column":null}},"type":"if","locations":[{"start":{"line":54,"column":8},"end":{"line":54,"column":null}},{"start":{},"end":{}}],"line":54},"4":{"loc":{"start":{"line":70,"column":4},"end":{"line":76,"column":null}},"type":"if","locations":[{"start":{"line":70,"column":4},"end":{"line":76,"column":null}},{"start":{},"end":{}}],"line":70},"5":{"loc":{"start":{"line":98,"column":110},"end":{"line":98,"column":217}},"type":"cond-expr","locations":[{"start":{"line":98,"column":123},"end":{"line":98,"column":211}},{"start":{"line":98,"column":211},"end":{"line":98,"column":217}}],"line":98},"6":{"loc":{"start":{"line":123,"column":20},"end":{"line":123,"column":null}},"type":"cond-expr","locations":[{"start":{"line":123,"column":31},"end":{"line":123,"column":46}},{"start":{"line":123,"column":46},"end":{"line":123,"column":null}}],"line":123},"7":{"loc":{"start":{"line":126,"column":19},"end":{"line":135,"column":null}},"type":"binary-expr","locations":[{"start":{"line":126,"column":19},"end":{"line":126,"column":null}},{"start":{"line":127,"column":20},"end":{"line":135,"column":null}}],"line":126},"8":{"loc":{"start":{"line":163,"column":79},"end":{"line":163,"column":117}},"type":"cond-expr","locations":[{"start":{"line":163,"column":100},"end":{"line":163,"column":115}},{"start":{"line":163,"column":115},"end":{"line":163,"column":117}}],"line":163},"9":{"loc":{"start":{"line":167,"column":21},"end":{"line":186,"column":null}},"type":"binary-expr","locations":[{"start":{"line":167,"column":21},"end":{"line":167,"column":null}},{"start":{"line":168,"column":22},"end":{"line":186,"column":null}}],"line":167},"10":{"loc":{"start":{"line":176,"column":146},"end":{"line":176,"column":241}},"type":"cond-expr","locations":[{"start":{"line":176,"column":165},"end":{"line":176,"column":208}},{"start":{"line":176,"column":208},"end":{"line":176,"column":241}}],"line":176},"11":{"loc":{"start":{"line":182,"column":151},"end":{"line":182,"column":250}},"type":"cond-expr","locations":[{"start":{"line":182,"column":174},"end":{"line":182,"column":217}},{"start":{"line":182,"column":217},"end":{"line":182,"column":250}}],"line":182},"12":{"loc":{"start":{"line":204,"column":15},"end":{"line":228,"column":null}},"type":"cond-expr","locations":[{"start":{"line":205,"column":16},"end":{"line":221,"column":null}},{"start":{"line":223,"column":16},"end":{"line":228,"column":null}}],"line":204},"13":{"loc":{"start":{"line":238,"column":26},"end":{"line":238,"column":null}},"type":"cond-expr","locations":[{"start":{"line":238,"column":39},"end":{"line":238,"column":54}},{"start":{"line":238,"column":54},"end":{"line":238,"column":null}}],"line":238},"14":{"loc":{"start":{"line":240,"column":15},"end":{"line":243,"column":null}},"type":"cond-expr","locations":[{"start":{"line":241,"column":16},"end":{"line":241,"column":null}},{"start":{"line":243,"column":16},"end":{"line":243,"column":null}}],"line":240},"15":{"loc":{"start":{"line":252,"column":9},"end":{"line":349,"column":null}},"type":"binary-expr","locations":[{"start":{"line":252,"column":9},"end":{"line":252,"column":null}},{"start":{"line":253,"column":10},"end":{"line":349,"column":null}}],"line":252},"16":{"loc":{"start":{"line":309,"column":28},"end":{"line":311,"column":null}},"type":"cond-expr","locations":[{"start":{"line":310,"column":32},"end":{"line":310,"column":null}},{"start":{"line":311,"column":32},"end":{"line":311,"column":null}}],"line":309},"17":{"loc":{"start":{"line":328,"column":24},"end":{"line":330,"column":null}},"type":"cond-expr","locations":[{"start":{"line":329,"column":28},"end":{"line":329,"column":null}},{"start":{"line":330,"column":28},"end":{"line":330,"column":null}}],"line":328}},"s":{"0":1,"1":4,"2":4,"3":4,"4":4,"5":4,"6":4,"7":4,"8":4,"9":2,"10":0,"11":0,"12":2,"13":2,"14":2,"15":4,"16":2,"17":4,"18":3,"19":1,"20":1,"21":0,"22":0,"23":1,"24":1,"25":1,"26":1,"27":2,"28":2,"29":2,"30":4,"31":0,"32":0,"33":0,"34":0,"35":4,"36":4,"37":16,"38":16,"39":0,"40":0,"41":0,"42":0,"43":1,"44":0,"45":0,"46":8,"47":8},"f":{"0":4,"1":2,"2":0,"3":2,"4":2,"5":3,"6":0,"7":1,"8":2,"9":0,"10":16,"11":0,"12":0,"13":0,"14":0,"15":1,"16":0,"17":0,"18":8},"b":{"0":[0,0],"1":[0,0],"2":[1,2],"3":[0,0],"4":[0,0],"5":[0,4],"6":[4,12],"7":[16,4],"8":[0,4],"9":[4,0],"10":[0,0],"11":[0,0],"12":[1,3],"13":[2,2],"14":[2,2],"15":[4,2],"16":[2,6],"17":[0,2]},"meta":{"lastBranch":18,"lastFunction":19,"lastStatement":48,"seen":{"s:20:15:354:Infinity":0,"f:20:15:20:21":0,"s:21:8:21:Infinity":1,"s:22:33:22:Infinity":2,"s:23:38:23:Infinity":3,"s:24:34:24:Infinity":4,"s:25:34:25:Infinity":5,"s:26:50:26:Infinity":6,"s:28:8:28:Infinity":7,"s:31:2:42:Infinity":8,"f:31:12:31:18":1,"s:32:24:39:Infinity":9,"f:32:24:32:25":2,"b:33:6:38:Infinity:undefined:undefined:undefined:undefined":0,"s:33:6:38:Infinity":10,"b:34:8:34:Infinity:35:8:35:Infinity":1,"s:37:8:37:Infinity":11,"s:40:4:40:Infinity":12,"s:41:4:41:Infinity":13,"f:41:11:41:17":3,"s:41:17:41:Infinity":14,"s:45:2:47:Infinity":15,"f:45:12:45:18":4,"s:46:4:46:Infinity":16,"s:50:2:67:Infinity":17,"f:50:12:50:18":5,"b:51:4:63:Infinity:61:11:63:Infinity":2,"s:51:4:63:Infinity":18,"s:52:6:52:Infinity":19,"s:53:28:55:Infinity":20,"f:53:28:53:29":6,"b:54:8:54:Infinity:undefined:undefined:undefined:undefined":3,"s:54:8:54:Infinity":21,"s:54:32:54:Infinity":22,"s:56:6:56:Infinity":23,"s:57:6:60:Infinity":24,"f:57:13:57:19":7,"s:58:8:58:Infinity":25,"s:59:8:59:Infinity":26,"s:62:6:62:Infinity":27,"s:64:4:66:Infinity":28,"f:64:11:64:17":8,"s:65:6:65:Infinity":29,"s:69:27:79:Infinity":30,"f:69:27:69:28":9,"b:70:4:76:Infinity:undefined:undefined:undefined:undefined":4,"s:70:4:76:Infinity":31,"s:71:6:75:Infinity":32,"s:77:4:77:Infinity":33,"s:78:4:78:Infinity":34,"s:81:19:86:Infinity":35,"s:88:2:352:Infinity":36,"b:98:123:98:211:98:211:98:217":5,"f:116:26:116:27":10,"s:117:31:117:Infinity":37,"s:118:14:138:Infinity":38,"b:123:31:123:46:123:46:123:Infinity":6,"b:126:19:126:Infinity:127:20:135:Infinity":7,"f:155:29:155:35":11,"s:155:35:155:Infinity":39,"b:163:100:163:115:163:115:163:117":8,"b:167:21:167:Infinity:168:22:186:Infinity":9,"f:175:35:175:41":12,"s:175:41:175:Infinity":40,"b:176:165:176:208:176:208:176:241":10,"f:181:35:181:41":13,"s:181:41:181:Infinity":41,"b:182:174:182:217:182:217:182:250":11,"f:191:27:191:Infinity":14,"s:192:20:192:Infinity":42,"b:205:16:221:Infinity:223:16:228:Infinity":12,"f:234:23:234:29":15,"s:234:29:234:Infinity":43,"b:238:39:238:54:238:54:238:Infinity":13,"b:241:16:241:Infinity:243:16:243:Infinity":14,"b:252:9:252:Infinity:253:10:349:Infinity":15,"f:260:23:260:29":16,"s:260:29:260:Infinity":44,"f:284:29:284:35":17,"s:284:35:284:Infinity":45,"f:297:32:297:33":18,"s:298:37:298:Infinity":46,"s:299:20:316:Infinity":47,"b:310:32:310:Infinity:311:32:311:Infinity":16,"b:329:28:329:Infinity:330:28:330:Infinity":17}}}
[...]
ine":46,"column":null}},"8":{"start":{"line":49,"column":8},"end":{"line":55,"column":null}},"9":{"start":{"line":50,"column":4},"end":{"line":50,"column":null}},"10":{"start":{"line":50,"column":33},"end":{"line":50,"column":null}},"11":{"start":{"line":51,"column":17},"end":{"line":53,"column":null}},"12":{"start":{"line":52,"column":42},"end":{"line":52,"column":55}},"13":{"start":{"line":54,"column":4},"end":{"line":54,"column":null}},"14":{"start":{"line":57,"column":8},"end":{"line":67,"column":null}},"15":{"start":{"line":58,"column":4},"end":{"line":58,"column":null}},"16":{"start":{"line":58,"column":33},"end":{"line":58,"column":null}},"17":{"start":{"line":59,"column":4},"end":{"line":66,"column":null}},"18":{"start":{"line":61,"column":8},"end":{"line":62,"column":null}},"19":{"start":{"line":64,"column":8},"end":{"line":64,"column":null}},"20":{"start":{"line":65,"column":6},"end":{"line":65,"column":null}},"21":{"start":{"line":69,"column":8},"end":{"line":76,"column":null}},"22":{"start":{"line":70,"column":4},"end":{"line":75,"column":null}},"23":{"start":{"line":71,"column":21},"end":{"line":71,"column":null}},"24":{"start":{"line":72,"column":6},"end":{"line":72,"column":null}},"25":{"start":{"line":72,"column":24},"end":{"line":72,"column":null}},"26":{"start":{"line":73,"column":6},"end":{"line":73,"column":null}},"27":{"start":{"line":74,"column":6},"end":{"line":74,"column":null}},"28":{"start":{"line":78,"column":2},"end":{"line":78,"column":null}},"29":{"start":{"line":78,"column":31},"end":{"line":78,"column":null}},"30":{"start":{"line":80,"column":24},"end":{"line":80,"column":null}},"31":{"start":{"line":81,"column":19},"end":{"line":81,"column":null}},"32":{"start":{"line":83,"column":25},"end":{"line":88,"column":null}},"33":{"start":{"line":84,"column":15},"end":{"line":84,"column":null}},"34":{"start":{"line":85,"column":4},"end":{"line":87,"column":null}},"35":{"start":{"line":86,"column":6},"end":{"line":86,"column":null}},"36":{"start":{"line":90,"column":2},"end":{"line":234,"column":null}},"37":{"start":{"line":123,"column":16},"end":{"line":123,"column":null}},"38":{"start":{"line":124,"column":16},"end":{"line":129,"column":null}},"39":{"start":{"line":125,"column":18},"end":{"line":128,"column":null}},"40":{"start":{"line":139,"column":14},"end":{"line":149,"column":null}},"41":{"start":{"line":141,"column":31},"end":{"line":141,"column":null}},"42":{"start":{"line":165,"column":14},"end":{"line":182,"column":null}},"43":{"start":{"line":179,"column":20},"end":{"line":179,"column":null}},"44":{"start":{"line":192,"column":18},"end":{"line":192,"column":null}},"45":{"start":{"line":193,"column":18},"end":{"line":193,"column":null}},"46":{"start":{"line":211,"column":29},"end":{"line":211,"column":null}},"47":{"start":{"line":212,"column":12},"end":{"line":224,"column":null}},"48":{"start":{"line":215,"column":31},"end":{"line":215,"column":null}}},"fnMap":{"0":{"name":"(anonymous_0)","decl":{"start":{"line":10,"column":21},"end":{"line":10,"column":22}},"loc":{"start":{"line":10,"column":35},"end":{"line":41,"column":null}},"line":10},"1":{"name":"(anonymous_1)","decl":{"start":{"line":15,"column":16},"end":{"line":15,"column":17}},"loc":{"start":{"line":15,"column":23},"end":{"line":15,"column":null}},"line":15},"2":{"name":"(anonymous_2)","decl":{"start":{"line":43,"column":17},"end":{"line":43,"column":23}},"loc":{"start":{"line":43,"column":23},"end":{"line":236,"column":null}},"line":43},"3":{"name":"(anonymous_3)","decl":{"start":{"line":49,"column":29},"end":{"line":49,"column":35}},"loc":{"start":{"line":49,"column":35},"end":{"line":55,"column":5}},"line":49},"4":{"name":"(anonymous_4)","decl":{"start":{"line":52,"column":32},"end":{"line":52,"column":33}},"loc":{"start":{"line":52,"column":42},"end":{"line":52,"column":55}},"line":52},"5":{"name":"(anonymous_5)","decl":{"start":{"line":57,"column":35},"end":{"line":57,"column":41}},"loc":{"start":{"line":57,"column":41},"end":{"line":67,"column":5}},"line":57},"6":{"name":"(anonymous_6)","decl":{"start":{"line":59,"column":40},"end":{"line":59,"column":41}},"loc":{"start":{"line":59,"column":50},"end":{"line":66,"column":5}},"line":59},"7":{"name":"(anonymous_7)","decl":{"start":{"line":69,"column":34},"end":{"line":69,"column":40}},"loc":{"start":{"line":69,"column":40},"end":{"line":76,"column":5}},"line":69},"8":{"name":"(anonymous_8)","decl":{"start":{"line":70,"column":35},"end":{"line":70,"column":36}},"loc":{"start":{"line":70,"column":50},"end":{"line":75,"column":7}},"line":70},"9":{"name":"(anonymous_9)","decl":{"start":{"line":83,"column":25},"end":{"line":83,"column":26}},"loc":{"start":{"line":83,"column":37},"end":{"line":88,"column":null}},"line":83},"10":{"name":"(anonymous_10)","decl":{"start":{"line":122,"column":24},"end":{"line":122,"column":25}},"loc":{"start":{"line":122,"column":31},"end":{"line":130,"column":null}},"line":122},"11":{"name":"(anonymous_11)","decl":{"start":{"line":138,"column":28},"end":{"line":138,"column":29}},"loc":{"start":{"line":139,"column":14},"end":{"line":149,"column":null}},"line":139},"12":{"name":"(anonymous_12)","decl":{"start":{"line":141,"column":25},"end":{"line":141,"column":31}},"loc":{"start":{"line":141,"column":31},"end":{"line":141,"column":null}},"line":141},"13":{"name":"(anonymous_13)","decl":{"start":{"line":164,"column":31},"end":{"line":164,"column":32}},"loc":{"start":{"line":165,"column":14},"end":{"line":182,"column":null}},"line":165},"14":{"name":"(anonymous_14)","decl":{"start":{"line":178,"column":47},"end":{"line":178,"column":48}},"loc":{"start":{"line":179,"column":20},"end":{"line":179,"column":null}},"line":179},"15":{"name":"(anonymous_15)","decl":{"start":{"line":191,"column":25},"end":{"line":191,"column":31}},"loc":{"start":{"line":191,"column":31},"end":{"line":194,"column":null}},"line":191},"16":{"name":"(anonymous_16)","decl":{"start":{"line":210,"column":24},"end":{"line":210,"column":25}},"loc":{"start":{"line":210,"column":36},"end":{"line":226,"column":11}},"line":210},"17":{"name":"(anonymous_17)","decl":{"start":{"line":215,"column":25},"end":{"line":215,"column":31}},"loc":{"start":{"line":215,"column":31},"end":{"line":215,"column":null}},"line":215}},"branchMap":{"0":{"loc":{"start":{"line":25,"column":11},"end":{"line":28,"column":null}},"type":"binary-expr","locations":[{"start":{"line":25,"column":11},"end":{"line":25,"column":null}},{"start":{"line":26,"column":12},"end":{"line":28,"column":null}}],"line":25},"1":{"loc":{"start":{"line":50,"column":4},"end":{"line":50,"column":null}},"type":"if","locations":[{"start":{"line":50,"column":4},"end":{"line":50,"column":null}},{"start":{},"end":{}}],"line":50},"2":{"loc":{"start":{"line":58,"column":4},"end":{"line":58,"column":null}},"type":"if","locations":[{"start":{"line":58,"column":4},"end":{"line":58,"column":null}},{"start":{},"end":{}}],"line":58},"3":{"loc":{"start":{"line":61,"column":8},"end":{"line":62,"column":null}},"type":"binary-expr","locations":[{"start":{"line":61,"column":8},"end":{"line":61,"column":null}},{"start":{"line":62,"column":8},"end":{"line":62,"column":null}}],"line":61},"4":{"loc":{"start":{"line":64,"column":8},"end":{"line":64,"column":null}},"type":"binary-expr","locations":[{"start":{"line":64,"column":8},"end":{"line":64,"column":36}},{"start":{"line":64,"column":36},"end":{"line":64,"column":null}}],"line":64},"5":{"loc":{"start":{"line":65,"column":13},"end":{"line":65,"column":null}},"type":"binary-expr","locations":[{"start":{"line":65,"column":13},"end":{"line":65,"column":30}},{"start":{"line":65,"column":30},"end":{"line":65,"column":null}}],"line":65},"6":{"loc":{"start":{"line":72,"column":6},"end":{"line":72,"column":null}},"type":"if","locations":[{"start":{"line":72,"column":6},"end":{"line":72,"column":null}},{"start":{},"end":{}}],"line":72},"7":{"loc":{"start":{"line":78,"column":2},"end":{"line":78,"column":null}},"type":"if","locations":[{"start":{"line":78,"column":2},"end":{"line":78,"column":null}},{"start":{},"end":{}}],"line":78},"8":{"loc":{"start":{"line":85,"column":4},"end":{"line":87,"column":null}},"type":"if","locations":[{"start":{"line":85,"column":4},"end":{"line":87,"column":null}},{"start":{},"end":{}}],"line":85},"9":{"loc":{"start":{"line":124,"column":16},"end":{"line":129,"column":null}},"type":"if","locations":[{"start":{"line":124,"column":16},"end":{"line":129,"column":null}},{"start":{},"end":{}}],"line":124},"10":{"loc":{"start":{"line":124,"column":20},"end":{"line":124,"column":60}},"type":"binary-expr","locations":[{"start":{"line":124,"column":20},"end":{"line":124,"column":33}},{"start":{"line":124,"column":33},"end":{"line":124,"column":60}}],"line":124},"11":{"loc":{"start":{"line":143,"column":18},"end":{"line":145,"column":null}},"type":"cond-expr","locations":[{"start":{"line":144,"column":22},"end":{"line":144,"column":null}},{"start":{"line":145,"column":22},"end":{"line":145,"column":null}}],"line":143},"12":{"loc":{"start":{"line":157,"column":11},"end":{"line":157,"column":null}},"type":"cond-expr","locations":[{"start":{"line":157,"column":43},"end":{"line":157,"column":52}},{"start":{"line":157,"column":52},"end":{"line":157,"column":null}}],"line":157},"13":{"loc":{"start":{"line":158,"column":11},"end":{"line":158,"column":null}},"type":"binary-expr","locations":[{"start":{"line":158,"column":11},"end":{"line":158,"column":39}},{"start":{"line":158,"column":39},"end":{"line":158,"column":null}}],"line":158},"14":{"loc":{"start":{"line":185,"column":11},"end":{"line":199,"column":null}},"type":"binary-expr","locations":[{"start":{"line":185,"column":11},"end":{"line":185,"column":null}},{"start":{"line":186,"column":12},"end":{"line":199,"column":null}}],"line":185},"15":{"loc":{"start":{"line":215,"column":31},"end":{"line":215,"column":null}},"type":"binary-expr","locations":[{"start":{"line":215,"column":31},"end":{"line":215,"column":43}},{"start":{"line":215,"column":43},"end":{"line":215,"column":null}}],"line":215},"16":{"loc":{"start":{"line":218,"column":18},"end":{"line":220,"column":null}},"type":"cond-expr","locations":[{"start":{"line":219,"column":22},"end":{"line":219,"column":null}},{"start":{"line":220,"column":22},"end":{"line":220,"column":null}}],"line":218}},"s":{"0":1,"1":12,"2":12,"3":0,"4":1,"5":5,"6":5,"7":5,"8":5,"9":3,"10":0,"11":3,"12":9,"13":3,"14":5,"15":5,"16":0,"17":5,"18":15,"19":15,"20":15,"21":5,"22":5,"23":12,"24":12,"25":12,"26":12,"27":12,"28":5,"29":0,"30":5,"31":5,"32":5,"33":0,"34":0,"35":0,"36":5,"37":1,"38":1,"39":1,"40":15,"41":1,"42":12,"43":12,"44":0,"45":0,"46":130,"47":130,"48":0},"f":{"0":12,"1":0,"2":5,"3":3,"4":9,"5":5,"6":15,"7":5,"8":12,"9":0,"10":1,"11":15,"12":1,"13":12,"14":12,"15":0,"16":130,"17":0},"b":{"0":[12,12],"1":[0,3],"2":[0,5],"3":[15,2],"4":[15,3],"5":[15,13],"6":[12,0],"7":[0,5],"8":[0,0],"9":[1,0],"10":[1,1],"11":[5,10],"12":[1,4],"13":[5,1],"14":[5,0],"15":[0,0],"16":[12,118]},"meta":{"lastBranch":17,"lastFunction":18,"lastStatement":49,"seen":{"s:10:21:41:Infinity":0,"f:10:21:10:22":0,"s:11:26:11:Infinity":1,"s:12:2:39:Infinity":2,"f:15:16:15:17":1,"s:15:23:15:Infinity":3,"b:25:11:25:Infinity:26:12:28:Infinity":0,"s:43:17:236:Infinity":4,"f:43:17:43:23":2,"s:44:32:44:Infinity":5,"s:45:26:45:Infinity":6,"s:46:42:46:Infinity":7,"s:49:8:55:Infinity":8,"f:49:29:49:35":3,"b:50:4:50:Infinity:undefined:undefined:undefined:undefined":1,"s:50:4:50:Infinity":9,"s:50:33:50:Infinity":10,"s:51:17:53:Infinity":11,"f:52:32:52:33":4,"s:52:42:52:55":12,"s:54:4:54:Infinity":13,"s:57:8:67:Infinity":14,"f:57:35:57:41":5,"b:58:4:58:Infinity:undefined:undefined:undefined:undefined":2,"s:58:4:58:Infinity":15,"s:58:33:58:Infinity":16,"s:59:4:66:Infinity":17,"f:59:40:59:41":6,"s:61:8:62:Infinity":18,"b:61:8:61:Infinity:62:8:62:Infinity":3,"s:64:8:64:Infinity":19,"b:64:8:64:36:64:36:64:Infinity":4,"s:65:6:65:Infinity":20,"b:65:13:65:30:65:30:65:Infinity":5,"s:69:8:76:Infinity":21,"f:69:34:69:40":7,"s:70:4:75:Infinity":22,"f:70:35:70:36":8,"s:71:21:71:Infinity":23,"b:72:6:72:Infinity:undefined:undefined:undefined:undefined":6,"s:72:6:72:Infinity":24,"s:72:24:72:Infinity":25,"s:73:6:73:Infinity":26,"s:74:6:74:Infinity":27,"b:78:2:78:Infinity:undefined:undefined:undefined:undefined":7,"s:78:2:78:Infinity":28,"s:78:31:78:Infinity":29,"s:80:24:80:Infinity":30,"s:81:19:81:Infinity":31,"s:83:25:88:Infinity":32,"f:83:25:83:26":9,"s:84:15:84:Infinity":33,"b:85:4:87:Infinity:undefined:undefined:undefined:undefined":8,"s:85:4:87:Infinity":34,"s:86:6:86:Infinity":35,"s:90:2:234:Infinity":36,"f:122:24:122:25":10,"s:123:16:123:Infinity":37,"b:124:16:129:Infinity:undefined:undefined:undefined:undefined":9,"s:124:16:129:Infinity":38,"b:124:20:124:33:124:33:124:60":10,"s:125:18:128:Infinity":39,"f:138:28:138:29":11,"s:139:14:149:Infinity":40,"f:141:25:141:31":12,"s:141:31:141:Infinity":41,"b:144:22:144:Infinity:145:22:145:Infinity":11,"b:157:43:157:52:157:52:157:Infinity":12,"b:158:11:158:39:158:39:158:Infinity":13,"f:164:31:164:32":13,"s:165:14:182:Infinity":42,"f:178:47:178:48":14,"s:179:20:179:Infinity":43,"b:185:11:185:Infinity:186:12:199:Infinity":14,"f:191:25:191:31":15,"s:192:18:192:Infinity":44,"s:193:18:193:Infinity":45,"f:210:24:210:25":16,"s:211:29:211:Infinity":46,"s:212:12:224:Infinity":47,"f:215:25:215:31":17,"s:215:31:215:Infinity":48,"b:215:31:215:43:215:43:215:Infinity":15,"b:219:22:219:Infinity:220:22:220:Infinity":16}}}
,"E:\\election\\src\\pages\\Home.jsx": {"path":"E:\\election\\src\\pages\\Home.jsx","statementMap":{"0":{"start":{"line":16,"column":13},"end":{"line":264,"column":null}},"1":{"start":{"line":17,"column":61},"end":{"line":17,"column":null}},"2":{"start":{"line":19,"column":2},"end":{"line":262,"column":null}},"3":{"start":{"line":114,"column":14},"end":{"line":119,"column":null}},"4":{"start":{"line":147,"column":14},"end":{"line":165,"column":null}},"5":{"start":{"line":149,"column":31},"end":{"line":149,"column":null}},"6":{"start":{"line":213,"column":53},"end":{"line":213,"column":74}},"7":{"start":{"line":218,"column":75},"end":{"line":218,"column":96}},"8":{"start":{"line":227,"column":66},"end":{"line":227,"column":87}}},"fnMap":{"0":{"name":"(anonymous_0)","decl":{"start":{"line":16,"column":13},"end":{"line":16,"column":19}},"loc":{"start":{"line":16,"column":19},"end":{"line":264,"column":null}},"line":16},"1":{"name":"(anonymous_1)","decl":{"start":{"line":113,"column":18},"end":{"line":113,"column":19}},"loc":{"start":{"line":114,"column":14},"end":{"line":119,"column":null}},"line":114},"2":{"name":"(anonymous_2)","decl":{"start":{"line":146,"column":18},"end":{"line":146,"column":19}},"loc":{"start":{"line":147,"column":14},"end":{"line":165,"column":null}},"line":147},"3":{"name":"(anonymous_3)","decl":{"start":{"line":149,"column":25},"end":{"line":149,"column":31}},"loc":{"start":{"line":149,"column":31},"end":{"line":149,"column":null}},"line":149},"4":{"name":"(anonymous_4)","decl":{"start":{"line":213,"column":46},"end":{"line":213,"column":47}},"loc":{"start":{"line":213,"column":53},"end":{"line":213,"column":74}},"line":213},"5":{"name":"(anonymous_5)","decl":{"start":{"line":218,"column":68},"end":{"line":218,"column":69}},"loc":{"start":{"line":218,"column":75},"end":{"line":218,"column":96}},"line":218},"6":{"name":"(anonymous_6)","decl":{"start":{"line":227,"column":59},"end":{"line":227,"column":60}},"loc":{"start":{"line":227,"column":66},"end":{"line":227,"column":87}},"line":227}},"branchMap":{"0":{"loc":{"start":{"line":151,"column":18},"end":{"line":153,"column":null}},"type":"cond-expr","locations":[{"start":{"line":152,"column":22},"end":{"line":152,"column":null}},{"start":{"line":153,"column":22},"end":{"line":153,"column":null}}],"line":151},"1":{"loc":{"start":{"line":157,"column":45},"end":{"line":157,"column":101}},"type":"cond-expr","locations":[{"start":{"line":157,"column":61},"end":{"line":157,"column":84}},{"start":{"line":157,"column":84},"end":{"line":157,"column":101}}],"line":157},"2":{"loc":{"start":{"line":182,"column":17},"end":{"line":184,"column":null}},"type":"cond-expr","locations":[{"start":{"line":183,"column":20},"end":{"line":183,"column":null}},{"start":{"line":184,"column":20},"end":{"line":184,"column":null}}],"line":182},"3":{"loc":{"start":{"line":192,"column":19},"end":{"line":192,"column":55}},"type":"binary-expr","locations":[{"start":{"line":192,"column":19},"end":{"line":192,"column":51}},{"start":{"line":192,"column":51},"end":{"line":192,"column":55}}],"line":192},"4":{"loc":{"start":{"line":203,"column":19},"end":{"line":205,"column":null}},"type":"cond-expr","locations":[{"start":{"line":204,"column":22},"end":{"line":204,"column":null}},{"start":{"line":205,"column":22},"end":{"line":205,"column":null}}],"line":203},"5":{"loc":{"start":{"line":213,"column":19},"end":{"line":214,"column":null}},"type":"binary-expr","locations":[{"start":{"line":213,"column":19},"end":{"line":214,"column":31}},{"start":{"line":214,"column":31},"end":{"line":214,"column":null}}],"line":213},"6":{"loc":{"start":{"line":217,"column":19},"end":{"line":219,"column":null}},"type":"cond-expr","locations":[{"start":{"line":218,"column":22},"end":{"line":218,"column":null}},{"start":{"line":219,"column":22},"end":{"line":219,"column":null}}],"line":217},"7":{"loc":{"start":{"line":226,"column":27},"end":{"line":228,"column":null}},"type":"cond-expr","locations":[{"start":{"line":227,"column":24},"end":{"line":227,"column":null}},{"start":{"line":228,"column":24},"end":{"line":228,"column":null}}],"line":226},"8":{"loc":{"start":{"line":253,"column":19},"end":{"line":255,"column":null}},"type":"cond-expr","locations":[{"start":{"line":254,"column":22},"end":{"line":254,"column":null}},{"start":{"line":255,"column":22},"end":{"line":255,"column":null}}],"line":253}},"s":{"0":1,"1":2,"2":2,"3":6,"4":4,"5":1,"6":1,"7":1,"8":1},"f":{"0":2,"1":6,"2":4,"3":1,"4":1,"5":1,"6":1},"b":{"0":[2,2],"1":[2,2],"2":[0,2],"3":[2,1],"4":[2,0],"5":[2,1],"6":[2,0],"7":[2,0],"8":[0,2]},"meta":{"lastBranch":9,"lastFunction":7,"lastStatement":9,"seen":{"s:16:13:264:Infinity":0,"f:16:13:16:19":0,"s:17:61:17:Infinity":1,"s:19:2:262:Infinity":2,"f:113:18:113:19":1,"s:114:14:119:Infinity":3,"f:146:18:146:19":2,"s:147:14:165:Infinity":4,"f:149:25:149:31":3,"s:149:31:149:Infinity":5,"b:152:22:152:Infinity:153:22:153:Infinity":0,"b:157:61:157:84:157:84:157:101":1,"b:183:20:183:Infinity:184:20:184:Infinity":2,"b:192:19:192:51:192:51:192:55":3,"b:204:22:204:Infinity:205:22:205:Infinity":4,"b:213:19:214:31:214:31:214:Infinity":5,"f:213:46:213:47":4,"s:213:53:213:74":6,"b:218:22:218:Infinity:219:22:219:Infinity":6,"f:218:68:218:69":5,"s:218:75:218:96":7,"b:227:24:227:Infinity:228:24:228:Infinity":7,"f:227:59:227:60":6,"s:227:66:227:87":8,"b:254:22:254:Infinity:255:22:255:Infinity":8}}}
,"E:\\election\\src\\tests\\test-utils.jsx": {"path":"E:\\election\\src\\tests\\test-utils.jsx","statementMap":{"0":{"start":{"line":22,"column":0},"end":{"line":22,"column":null}},"1":{"start":{"line":7,"column":24},"end":{"line":17,"column":null}},"2":{"start":{"line":8,"column":2},"end":{"line":15,"column":null}},"3":{"start":{"line":19,"column":21},"end":{"line":20,"column":null}},"4":{"start":{"line":19,"column":26},"end":{"line":20,"column":null}}},"fnMap":{"0":{"name":"(anonymous_0)","decl":{"start":{"line":7,"column":24},"end":{"line":7,"column":25}},"loc":{"start":{"line":7,"column":42},"end":{"line":17,"column":null}},"line":7},"1":{"name":"(anonymous_1)","decl":{"start":{"line":19,"column":21},"end":{"line":19,"column":22}},"loc":{"start":{"line":19,"column":26},"end":{"line":20,"column":null}},"line":19}},"branchMap":{},"s":{"0":14,"1":14,"2":39,"3":14,"4":39},"f":{"0":39,"1":39},"b":{},"meta":{"lastBranch":0,"lastFunction":2,"lastStatement":5,"seen":{"s:22:0:22:Infinity":0,"s:7:24:17:Infinity":1,"f:7:24:7:25":0,"s:8:2:15:Infinity":2,"s:19:21:20:Infinity":3,"f:19:21:19:22":1,"s:19:26:20:Infinity":4}}}
}
